#
# There is insufficient memory for the Java Runtime Environment to continue.
# Native memory allocation (mmap) failed to map 134217728 bytes for G1 virtual space
# Possible reasons:
#   The system is out of physical RAM or swap space
#   The process is running with CompressedOops enabled, and the Java Heap may be blocking the growth of the native heap
# Possible solutions:
#   Reduce memory load on the system
#   Increase physical memory or swap space
#   Check if swap backing store is full
#   Decrease Java heap size (-Xmx/-Xms)
#   Decrease number of Java threads
#   Decrease Java thread stack sizes (-Xss)
#   Set larger code cache with -XX:ReservedCodeCacheSize=
#   JVM is running with Unscaled Compressed Oops mode in which the Java heap is
#     placed in the first 4GB address space. The Java Heap base address is the
#     maximum limit for the native heap growth. Please use -XX:HeapBaseMinAddress
#     to set the Java Heap base and to place the Java Heap above 4GB virtual address.
# This output file may be truncated or incomplete.
#
#  Out of Memory Error (os_windows.cpp:3769), pid=12756, tid=15672
#
# JRE version:  (17.0.6+10) (build )
# Java VM: OpenJDK 64-Bit Server VM (17.0.6+10-b829.9, mixed mode, sharing, tiered, compressed oops, compressed class ptrs, g1 gc, windows-amd64)
# No core dump will be written. Minidumps are not enabled by default on client versions of Windows
#

---------------  S U M M A R Y ------------

Command Line: -Djava.rmi.server.hostname=127.0.0.1 -Duser.timezone=UTC -Xmx750m -Xms128m --add-exports=java.desktop/sun.awt=ALL-UNNAMED --add-exports=java.desktop/java.awt.peer=ALL-UNNAMED --add-opens=java.desktop/java.awt=ALL-UNNAMED --add-opens=jdk.unsupported/sun.misc=ALL-UNNAMED --add-opens=java.base/java.nio=ALL-UNNAMED --add-opens=java.base/java.util=ALL-UNNAMED -Dfile.encoding=UTF-8 com.intellij.database.remote.RemoteJdbcServer org.postgresql.Driver

Host: Intel(R) Core(TM) i7-8750H CPU @ 2.20GHz, 12 cores, 7G,  Windows 10 , 64 bit Build 19041 (10.0.19041.3155)
Time: Sat Aug 26 14:11:10 2023 RTZ 2 (s 10 , 64 bit Build 19041 (10.0.19041.3155) elapsed time: 0.012242 seconds (0d 0h 0m 0s)

---------------  T H R E A D  ---------------

Current thread (0x0000021f48550180):  JavaThread "Unknown thread" [_thread_in_vm, id=15672, stack(0x000000f86f000000,0x000000f86f100000)]

Stack: [0x000000f86f000000,0x000000f86f100000]
Native frames: (J=compiled Java code, j=interpreted, Vv=VM code, C=native code)
V  [jvm.dll+0x683c5a]
V  [jvm.dll+0x842764]
V  [jvm.dll+0x843f5e]
V  [jvm.dll+0x8445c3]
V  [jvm.dll+0x249b75]
V  [jvm.dll+0x680b29]
V  [jvm.dll+0x67501a]
V  [jvm.dll+0x309acb]
V  [jvm.dll+0x310f86]
V  [jvm.dll+0x3608ee]
V  [jvm.dll+0x360b1f]
V  [jvm.dll+0x2dfbf8]
V  [jvm.dll+0x2e0b64]
V  [jvm.dll+0x814051]
V  [jvm.dll+0x36e6a1]
V  [jvm.dll+0x7f358c]
V  [jvm.dll+0x3f0e8f]
V  [jvm.dll+0x3f29d1]
C  [jli.dll+0x526b]
C  [ucrtbase.dll+0x21bb2]
C  [KERNEL32.DLL+0x17614]
C  [ntdll.dll+0x526b1]


---------------  P R O C E S S  ---------------

Threads class SMR info:
_java_thread_list=0x00007ffbd21ec058, length=0, elements={
}

Java Threads: ( => current thread )

Other Threads:
  0x0000021f48586820 GCTaskThread "GC Thread#0" [stack: 0x000000f86f100000,0x000000f86f200000] [id=1320]
  0x0000021f4858d330 ConcurrentGCThread "G1 Main Marker" [stack: 0x000000f86f200000,0x000000f86f300000] [id=12604]
  0x0000021f4858eb60 ConcurrentGCThread "G1 Conc#0" [stack: 0x000000f86f300000,0x000000f86f400000] [id=416]

[error occurred during error reporting (printing all threads), id 0xc0000005, EXCEPTION_ACCESS_VIOLATION (0xc0000005) at pc=0x00007ffbd19a0797]

VM state: not at safepoint (not fully initialized)

VM Mutex/Monitor currently owned by a thread:  ([mutex/lock_event])
[0x0000021f48549b90] Heap_lock - owner thread: 0x0000021f48550180

Heap address: 0x00000000d1200000, size: 750 MB, Compressed Oops mode: 32-bit

CDS archive(s) mapped at: [0x0000000000000000-0x0000000000000000-0x0000000000000000), size 0, SharedBaseAddress: 0x0000000800000000, ArchiveRelocationMode: 0.
Narrow klass base: 0x0000000000000000, Narrow klass shift: 0, Narrow klass range: 0x0

GC Precious Log:
<Empty>

Heap:
 garbage-first heap   total 0K, used 0K [0x00000000d1200000, 0x0000000100000000)
  region size 1024K, 0 young (0K), 0 survivors (0K)

[error occurred during error reporting (printing heap information), id 0xc0000005, EXCEPTION_ACCESS_VIOLATION (0xc0000005) at pc=0x00007ffbd1d8da49]

GC Heap History (0 events):
No events

Dll operation events (1 events):
Event: 0.008 Loaded shared library C:\Program Files\JetBrains\IntelliJ IDEA 2023.1.2\jbr\bin\java.dll

Deoptimization events (0 events):
No events

Classes unloaded (0 events):
No events

Classes redefined (0 events):
No events

Internal exceptions (0 events):
No events

VM Operations (0 events):
No events

Events (0 events):
No events


Dynamic libraries:
0x00007ff7ffda0000 - 0x00007ff7ffdaa000 	C:\Program Files\JetBrains\IntelliJ IDEA 2023.1.2\jbr\bin\java.exe
0x00007ffc03bf0000 - 0x00007ffc03de8000 	C:\WINDOWS\SYSTEM32\ntdll.dll
0x00007ffc02a20000 - 0x00007ffc02adf000 	C:\WINDOWS\System32\KERNEL32.DLL
0x00007ffc012d0000 - 0x00007ffc015c6000 	C:\WINDOWS\System32\KERNELBASE.dll
0x00007ffc019e0000 - 0x00007ffc01ae0000 	C:\WINDOWS\System32\ucrtbase.dll
0x00007ffbfc610000 - 0x00007ffbfc62b000 	C:\Program Files\JetBrains\IntelliJ IDEA 2023.1.2\jbr\bin\VCRUNTIME140.dll
0x00007ffbf85a0000 - 0x00007ffbf85b7000 	C:\Program Files\JetBrains\IntelliJ IDEA 2023.1.2\jbr\bin\jli.dll
0x00007ffc03570000 - 0x00007ffc0370d000 	C:\WINDOWS\System32\USER32.dll
0x00007ffc017a0000 - 0x00007ffc017c2000 	C:\WINDOWS\System32\win32u.dll
0x00007ffbed5b0000 - 0x00007ffbed84a000 	C:\WINDOWS\WinSxS\amd64_microsoft.windows.common-controls_6595b64144ccf1df_6.0.19041.1110_none_60b5254171f9507e\COMCTL32.dll
0x00007ffc03710000 - 0x00007ffc0373c000 	C:\WINDOWS\System32\GDI32.dll
0x00007ffc01870000 - 0x00007ffc01985000 	C:\WINDOWS\System32\gdi32full.dll
0x00007ffc02380000 - 0x00007ffc0241e000 	C:\WINDOWS\System32\msvcrt.dll
0x00007ffc017d0000 - 0x00007ffc0186d000 	C:\WINDOWS\System32\msvcp_win.dll
0x00007ffc02ae0000 - 0x00007ffc02b10000 	C:\WINDOWS\System32\IMM32.DLL
0x00007ffbfc640000 - 0x00007ffbfc64c000 	C:\Program Files\JetBrains\IntelliJ IDEA 2023.1.2\jbr\bin\vcruntime140_1.dll
0x00007ffbf07f0000 - 0x00007ffbf087d000 	C:\Program Files\JetBrains\IntelliJ IDEA 2023.1.2\jbr\bin\msvcp140.dll
0x00007ffbd16b0000 - 0x00007ffbd231e000 	C:\Program Files\JetBrains\IntelliJ IDEA 2023.1.2\jbr\bin\server\jvm.dll
0x00007ffc01c50000 - 0x00007ffc01cff000 	C:\WINDOWS\System32\ADVAPI32.dll
0x00007ffc02b10000 - 0x00007ffc02bac000 	C:\WINDOWS\System32\sechost.dll
0x00007ffc03740000 - 0x00007ffc03866000 	C:\WINDOWS\System32\RPCRT4.dll
0x00007ffbfa100000 - 0x00007ffbfa10a000 	C:\WINDOWS\SYSTEM32\VERSION.dll
0x00007ffbfe590000 - 0x00007ffbfe5b7000 	C:\WINDOWS\SYSTEM32\WINMM.dll
0x00007ffbe9c00000 - 0x00007ffbe9c09000 	C:\WINDOWS\SYSTEM32\WSOCK32.dll
0x00007ffc039a0000 - 0x00007ffc03a0b000 	C:\WINDOWS\System32\WS2_32.dll
0x00007ffbffb10000 - 0x00007ffbffb22000 	C:\WINDOWS\SYSTEM32\kernel.appcore.dll
0x00007ffbfc670000 - 0x00007ffbfc67a000 	C:\Program Files\JetBrains\IntelliJ IDEA 2023.1.2\jbr\bin\jimage.dll
0x00007ffbff090000 - 0x00007ffbff274000 	C:\WINDOWS\SYSTEM32\DBGHELP.DLL
0x00007ffbe9bb0000 - 0x00007ffbe9be4000 	C:\WINDOWS\SYSTEM32\dbgcore.DLL
0x00007ffc01ae0000 - 0x00007ffc01b62000 	C:\WINDOWS\System32\bcryptPrimitives.dll
0x00007ffbfab70000 - 0x00007ffbfab95000 	C:\Program Files\JetBrains\IntelliJ IDEA 2023.1.2\jbr\bin\java.dll

dbghelp: loaded successfully - version: 4.0.5 - missing functions: none
symbol engine: initialized successfully - sym options: 0x614 - pdb path: .;C:\Program Files\JetBrains\IntelliJ IDEA 2023.1.2\jbr\bin;C:\WINDOWS\SYSTEM32;C:\WINDOWS\WinSxS\amd64_microsoft.windows.common-controls_6595b64144ccf1df_6.0.19041.1110_none_60b5254171f9507e;C:\Program Files\JetBrains\IntelliJ IDEA 2023.1.2\jbr\bin\server

VM Arguments:
jvm_args: -Djava.rmi.server.hostname=127.0.0.1 -Duser.timezone=UTC -Xmx750m -Xms128m --add-exports=java.desktop/sun.awt=ALL-UNNAMED --add-exports=java.desktop/java.awt.peer=ALL-UNNAMED --add-opens=java.desktop/java.awt=ALL-UNNAMED --add-opens=jdk.unsupported/sun.misc=ALL-UNNAMED --add-opens=java.base/java.nio=ALL-UNNAMED --add-opens=java.base/java.util=ALL-UNNAMED -Dfile.encoding=UTF-8 
java_command: com.intellij.database.remote.RemoteJdbcServer org.postgresql.Driver
java_class_path (initial): C:\Program Files\JetBrains\IntelliJ IDEA 2023.1.2\lib\util_rt.jar;C:\Program Files\JetBrains\IntelliJ IDEA 2023.1.2\lib\util-8.jar;C:\Program Files\JetBrains\IntelliJ IDEA 2023.1.2\lib\groovy.jar;C:\Program Files\JetBrains\IntelliJ IDEA 2023.1.2\plugins\DatabaseTools\lib\jdbc-console.jar;C:\Program Files\JetBrains\IntelliJ IDEA 2023.1.2\plugins\grid-core-impl\lib\jdbc-console-types.jar;C:\Program Files\JetBrains\IntelliJ IDEA 2023.1.2\lib\util.jar;C:\Users\ASUS\AppData\Roaming\JetBrains\IntelliJIdea2023.1\jdbc-drivers\PostgreSQL\42.6.0\org\postgresql\postgresql\42.6.0\postgresql-42.6.0.jar;C:\Users\ASUS\AppData\Roaming\JetBrains\IntelliJIdea2023.1\jdbc-drivers\PostgreSQL\42.6.0\org\checkerframework\checker-qual\3.31.0\checker-qual-3.31.0.jar;C:\Users\ASUS\AppData\Roaming\JetBrains\IntelliJIdea2023.1\jdbc-drivers\PostgreSQL\42.6.0\com\github\waffle\waffle-jna\1.9.1\waffle-jna-1.9.1.jar;C:\Users\ASUS\AppData\Roaming\JetBrains\IntelliJIdea2023.1\jdbc-drivers\PostgreSQL\42.6.0\net\java\dev\jna\jna\4.5.1\jna-4.5.1.jar;C:\Users\ASUS\AppData\Roaming\JetBrains\IntelliJIdea2023.1\jdbc-drivers\PostgreSQL\42.6.0\net\java\dev\jna\jna-platform\4.5.1\jna-platform-4.5.1.jar;C:\Users\ASUS\AppData\Roaming\JetBrains\IntelliJIdea2023.1\jdbc-drivers\PostgreSQL\42.6.0\org\slf4j\jcl-over-slf4j\1.7.25\jcl-over-slf4j-1.7.25.jar;C:\Users\ASUS\AppData\Roaming\JetBrains\IntelliJIdea2023.1\jdbc-drivers\PostgreSQL\42.6.0\org\slf4j\slf4j-api\1.7.25\slf4j-api-1.7.25.jar;C:\Users\ASUS\AppData\Roaming\JetBrains\IntelliJIdea2023.1\jdbc-drivers\PostgreSQL\42.6.0\com\github\ben-manes\caffeine\caffeine\2.6.2\caffeine-2.6.2.jar
Launcher Type: SUN_STANDARD

[Global flags]
     intx CICompilerCount                          = 4                                         {product} {ergonomic}
     uint ConcGCThreads                            = 3                                         {product} {ergonomic}
     uint G1ConcRefinementThreads                  = 10                                        {product} {ergonomic}
   size_t G1HeapRegionSize                         = 1048576                                   {product} {ergonomic}
    uintx GCDrainStackTargetSize                   = 64                                        {product} {ergonomic}
   size_t InitialHeapSize                          = 134217728                                 {product} {command line}
   size_t MarkStackSize                            = 4194304                                   {product} {ergonomic}
   size_t MaxHeapSize                              = 786432000                                 {product} {command line}
   size_t MinHeapDeltaBytes                        = 1048576                                   {product} {ergonomic}
   size_t MinHeapSize                              = 134217728                                 {product} {command line}
    uintx NonNMethodCodeHeapSize                   = 5839372                                {pd product} {ergonomic}
    uintx NonProfiledCodeHeapSize                  = 122909434                              {pd product} {ergonomic}
    uintx ProfiledCodeHeapSize                     = 122909434                              {pd product} {ergonomic}
    uintx ReservedCodeCacheSize                    = 251658240                              {pd product} {ergonomic}
     bool SegmentedCodeCache                       = true                                      {product} {ergonomic}
   size_t SoftMaxHeapSize                          = 786432000                              {manageable} {ergonomic}
     bool UseCompressedClassPointers               = true                           {product lp64_product} {ergonomic}
     bool UseCompressedOops                        = true                           {product lp64_product} {ergonomic}
     bool UseG1GC                                  = true                                      {product} {ergonomic}
     bool UseLargePagesIndividualAllocation        = false                                  {pd product} {ergonomic}

Logging:
Log output configuration:
 #0: stdout all=warning uptime,level,tags
 #1: stderr all=off uptime,level,tags

Environment Variables:
PATH=C:\WINDOWS\system32;C:\WINDOWS;C:\WINDOWS\System32\Wbem;C:\WINDOWS\System32\WindowsPowerShell\v1.0\;C:\WINDOWS\System32\OpenSSH\;C:\ProgramData\chocolatey\bin;D:\New Folder\;C:\Program Files\Git\cmd;C:\Users\ASUS\AppData\Local\Microsoft\WindowsApps;C:\Users\ASUS\AppData\Roaming\npm;C:\Users\ASUS\AppData\Local\Programs\Microsoft VS Code\bin;C:\Program Files\JetBrains\IntelliJ IDEA 2023.1.2\bin;;C:\Users\ASUS\AppData\Local\GitHubDesktop\bin
USERNAME=ASUS
OS=Windows_NT
PROCESSOR_IDENTIFIER=Intel64 Family 6 Model 158 Stepping 10, GenuineIntel
TMP=C:\Users\ASUS\AppData\Local\Temp
TEMP=C:\Users\ASUS\AppData\Local\Temp


JNI global refs:

[error occurred during error reporting (JNI global references), id 0xc0000005, EXCEPTION_ACCESS_VIOLATION (0xc0000005) at pc=0x00007ffbd1767a10]


---------------  S Y S T E M  ---------------

OS:
 Windows 10 , 64 bit Build 19041 (10.0.19041.3155)
OS uptime: 9 days 21:11 hours

CPU: total 12 (initial active 12) (6 cores per cpu, 2 threads per core) family 6 model 158 stepping 10 microcode 0xca, cx8, cmov, fxsr, ht, mmx, 3dnowpref, sse, sse2, sse3, ssse3, sse4.1, sse4.2, popcnt, lzcnt, tsc, tscinvbit, avx, avx2, aes, erms, clmul, bmi1, bmi2, adx, fma, vzeroupper, clflush, clflushopt

Memory: 4k page, system-wide physical 8039M (863M free)
TotalPageFile size 10087M (AvailPageFile size 122M)
current process WorkingSet (physical memory assigned to process): 10M, peak: 10M
current process commit charge ("private bytes"): 63M, peak: 191M

vm_info: OpenJDK 64-Bit Server VM (17.0.6+10-b829.9) for windows-amd64 JRE (17.0.6+10-b829.9), built on 2023-04-09 by "builduser" with MS VC++ 16.10 / 16.11 (VS2019)

END.
