#
# There is insufficient memory for the Java Runtime Environment to continue.
# Native memory allocation (malloc) failed to allocate 1048976 bytes for Chunk::new
# Possible reasons:
#   The system is out of physical RAM or swap space
#   The process is running with CompressedOops enabled, and the Java Heap may be blocking the growth of the native heap
# Possible solutions:
#   Reduce memory load on the system
#   Increase physical memory or swap space
#   Check if swap backing store is full
#   Decrease Java heap size (-Xmx/-Xms)
#   Decrease number of Java threads
#   Decrease Java thread stack sizes (-Xss)
#   Set larger code cache with -XX:ReservedCodeCacheSize=
#   JVM is running with Unscaled Compressed Oops mode in which the Java heap is
#     placed in the first 4GB address space. The Java Heap base address is the
#     maximum limit for the native heap growth. Please use -XX:HeapBaseMinAddress
#     to set the Java Heap base and to place the Java Heap above 4GB virtual address.
# This output file may be truncated or incomplete.
#
#  Out of Memory Error (arena.cpp:189), pid=13688, tid=13280
#
# JRE version: OpenJDK Runtime Environment JBR-17.0.6+10-829.9-jcef (17.0.6+10) (build 17.0.6+10-b829.9)
# Java VM: OpenJDK 64-Bit Server VM JBR-17.0.6+10-829.9-jcef (17.0.6+10-b829.9, mixed mode, tiered, compressed oops, compressed class ptrs, g1 gc, windows-amd64)
# No core dump will be written. Minidumps are not enabled by default on client versions of Windows
#

---------------  S U M M A R Y ------------

Command Line: -Djava.rmi.server.hostname=127.0.0.1 -Duser.timezone=UTC -Xmx750m -Xms128m --add-exports=java.desktop/sun.awt=ALL-UNNAMED --add-exports=java.desktop/java.awt.peer=ALL-UNNAMED --add-opens=java.desktop/java.awt=ALL-UNNAMED --add-opens=jdk.unsupported/sun.misc=ALL-UNNAMED --add-opens=java.base/java.nio=ALL-UNNAMED --add-opens=java.base/java.util=ALL-UNNAMED -Dfile.encoding=UTF-8 com.intellij.database.remote.RemoteJdbcServer org.postgresql.Driver

Host: Intel(R) Core(TM) i7-8750H CPU @ 2.20GHz, 12 cores, 7G,  Windows 10 , 64 bit Build 19041 (10.0.19041.3155)
Time: Sat Aug 26 14:10:17 2023 RTZ 2 (s 10 , 64 bit Build 19041 (10.0.19041.3155) elapsed time: 1.176001 seconds (0d 0h 0m 1s)

---------------  T H R E A D  ---------------

Current thread (0x00000214325bdec0):  JavaThread "C2 CompilerThread0" daemon [_thread_in_native, id=13280, stack(0x00000078f0e00000,0x00000078f0f00000)]


Current CompileTask:
C2:   1176  863       4       jdk.internal.org.objectweb.asm.Frame::execute (2305 bytes)

Stack: [0x00000078f0e00000,0x00000078f0f00000]
Native frames: (J=compiled Java code, j=interpreted, Vv=VM code, C=native code)
V  [jvm.dll+0x683c5a]
V  [jvm.dll+0x842764]
V  [jvm.dll+0x843f5e]
V  [jvm.dll+0x8445c3]
V  [jvm.dll+0x249b75]
V  [jvm.dll+0xabcac]
V  [jvm.dll+0xac27c]
V  [jvm.dll+0x368857]
V  [jvm.dll+0x1bd0b8]
V  [jvm.dll+0x21c359]
V  [jvm.dll+0x21b621]
V  [jvm.dll+0x1a4fdd]
V  [jvm.dll+0x22b098]
V  [jvm.dll+0x229159]
V  [jvm.dll+0x7f81ac]
V  [jvm.dll+0x7f270a]
V  [jvm.dll+0x682a95]
C  [ucrtbase.dll+0x21bb2]
C  [KERNEL32.DLL+0x17614]
C  [ntdll.dll+0x526b1]


---------------  P R O C E S S  ---------------

Threads class SMR info:
_java_thread_list=0x00000214336c6eb0, length=23, elements={
0x000002141b03c9e0, 0x00000214325b6260, 0x00000214325b6fe0, 0x00000214325a27d0,
0x00000214325ba090, 0x00000214325bc960, 0x00000214325bd220, 0x00000214325bdec0,
0x00000214325be870, 0x0000021433033900, 0x00000214331b95a0, 0x00000214331b9a70,
0x00000214334f0ae0, 0x0000021433293a60, 0x0000021433293f30, 0x0000021433294400,
0x00000214335957e0, 0x00000214335740a0, 0x00000214335b1090, 0x00000214335af880,
0x00000214335afd50, 0x00000214335ae070, 0x0000021434992010
}

Java Threads: ( => current thread )
  0x000002141b03c9e0 JavaThread "main" [_thread_blocked, id=11236, stack(0x00000078f0100000,0x00000078f0200000)]
  0x00000214325b6260 JavaThread "Reference Handler" daemon [_thread_blocked, id=5620, stack(0x00000078f0800000,0x00000078f0900000)]
  0x00000214325b6fe0 JavaThread "Finalizer" daemon [_thread_blocked, id=4876, stack(0x00000078f0900000,0x00000078f0a00000)]
  0x00000214325a27d0 JavaThread "Signal Dispatcher" daemon [_thread_blocked, id=15592, stack(0x00000078f0a00000,0x00000078f0b00000)]
  0x00000214325ba090 JavaThread "Attach Listener" daemon [_thread_blocked, id=9452, stack(0x00000078f0b00000,0x00000078f0c00000)]
  0x00000214325bc960 JavaThread "Service Thread" daemon [_thread_blocked, id=11300, stack(0x00000078f0c00000,0x00000078f0d00000)]
  0x00000214325bd220 JavaThread "Monitor Deflation Thread" daemon [_thread_blocked, id=11532, stack(0x00000078f0d00000,0x00000078f0e00000)]
=>0x00000214325bdec0 JavaThread "C2 CompilerThread0" daemon [_thread_in_native, id=13280, stack(0x00000078f0e00000,0x00000078f0f00000)]
  0x00000214325be870 JavaThread "C1 CompilerThread0" daemon [_thread_in_native, id=7904, stack(0x00000078f0f00000,0x00000078f1000000)]
  0x0000021433033900 JavaThread "Sweeper thread" daemon [_thread_blocked, id=736, stack(0x00000078f1000000,0x00000078f1100000)]
  0x00000214331b95a0 JavaThread "Common-Cleaner" daemon [_thread_blocked, id=11172, stack(0x00000078f1100000,0x00000078f1200000)]
  0x00000214331b9a70 JavaThread "Notification Thread" daemon [_thread_blocked, id=7696, stack(0x00000078f1200000,0x00000078f1300000)]
  0x00000214334f0ae0 JavaThread "RMI TCP Accept-60412" daemon [_thread_in_native, id=13940, stack(0x00000078f1400000,0x00000078f1500000)]
  0x0000021433293a60 JavaThread "RMI TCP Accept-0" daemon [_thread_in_native, id=8628, stack(0x00000078f1500000,0x00000078f1600000)]
  0x0000021433293f30 JavaThread "RMI Reaper" [_thread_blocked, id=11908, stack(0x00000078f1600000,0x00000078f1700000)]
  0x0000021433294400 JavaThread "RMI GC Daemon" daemon [_thread_blocked, id=11192, stack(0x00000078f1700000,0x00000078f1800000)]
  0x00000214335957e0 JavaThread "RMI TCP Connection(1)-127.0.0.1" daemon [_thread_in_native, id=14256, stack(0x00000078f1800000,0x00000078f1900000)]
  0x00000214335740a0 JavaThread "RMI TCP Connection(2)-127.0.0.1" daemon [_thread_in_native, id=420, stack(0x00000078f1900000,0x00000078f1a00000)]
  0x00000214335b1090 JavaThread "RMI TCP Connection(3)-127.0.0.1" daemon [_thread_in_native, id=3264, stack(0x00000078f1a00000,0x00000078f1b00000)]
  0x00000214335af880 JavaThread "RMI Scheduler(0)" daemon [_thread_blocked, id=16244, stack(0x00000078f1b00000,0x00000078f1c00000)]
  0x00000214335afd50 JavaThread "RMI TCP Connection(4)-127.0.0.1" daemon [_thread_in_Java, id=13456, stack(0x00000078f1c00000,0x00000078f1d00000)]
  0x00000214335ae070 JavaThread "RMI RenewClean-[127.0.0.1:62215]" daemon [_thread_blocked, id=12636, stack(0x00000078f1d00000,0x00000078f1e00000)]
  0x0000021434992010 JavaThread "C2 CompilerThread1" daemon [_thread_in_native, id=9660, stack(0x00000078f1f00000,0x00000078f2000000)]

Other Threads:
  0x0000021432592b90 VMThread "VM Thread" [stack: 0x00000078f0700000,0x00000078f0800000] [id=13532]
  0x000002141b082800 WatcherThread [stack: 0x00000078f1300000,0x00000078f1400000] [id=15524]
  0x000002141b0719c0 GCTaskThread "GC Thread#0" [stack: 0x00000078f0200000,0x00000078f0300000] [id=9256]
  0x000002141b0785d0 ConcurrentGCThread "G1 Main Marker" [stack: 0x00000078f0300000,0x00000078f0400000] [id=2828]
  0x000002141b078ef0 ConcurrentGCThread "G1 Conc#0" [stack: 0x00000078f0400000,0x00000078f0500000] [id=14076]
  0x00000214323f20c0 ConcurrentGCThread "G1 Refine#0" [stack: 0x00000078f0500000,0x00000078f0600000] [id=14484]
  0x00000214323f28f0 ConcurrentGCThread "G1 Service" [stack: 0x00000078f0600000,0x00000078f0700000] [id=680]

Threads with active compile tasks:
C2 CompilerThread0     1199  863       4       jdk.internal.org.objectweb.asm.Frame::execute (2305 bytes)
C1 CompilerThread0     1199 1061       3       jdk.internal.module.SystemModuleFinders$SystemModuleReader::containsImageLocation (42 bytes)
C2 CompilerThread1     1199 1045   !   4       java.util.concurrent.ConcurrentHashMap::putVal (432 bytes)

VM state: not at safepoint (normal execution)

VM Mutex/Monitor currently owned by a thread:  ([mutex/lock_event])
[0x0000021418d6e220] CodeCache_lock - owner thread: 0x00000214325be870

Heap address: 0x00000000d1200000, size: 750 MB, Compressed Oops mode: 32-bit

CDS archive(s) not mapped
Compressed class space mapped at: 0x0000000100000000-0x0000000140000000, reserved size: 1073741824
Narrow klass base: 0x0000000000000000, Narrow klass shift: 3, Narrow klass range: 0x140000000

GC Precious Log:
 CPUs: 12 total, 12 available
 Memory: 8039M
 Large Page Support: Disabled
 NUMA Support: Disabled
 Compressed Oops: Enabled (32-bit)
 Heap Region Size: 1M
 Heap Min Capacity: 128M
 Heap Initial Capacity: 128M
 Heap Max Capacity: 750M
 Pre-touch: Disabled
 Parallel Workers: 10
 Concurrent Workers: 3
 Concurrent Refinement Workers: 10
 Periodic GC: Disabled

Heap:
 garbage-first heap   total 131072K, used 15360K [0x00000000d1200000, 0x0000000100000000)
  region size 1024K, 17 young (17408K), 0 survivors (0K)
 Metaspace       used 15576K, committed 15808K, reserved 1064960K
  class space    used 1673K, committed 1792K, reserved 1048576K

Heap Regions: E=young(eden), S=young(survivor), O=old, HS=humongous(starts), HC=humongous(continues), CS=collection set, F=free, OA=open archive, CA=closed archive, TAMS=top-at-mark-start (previous, next)
|   0|0x00000000d1200000, 0x00000000d1200000, 0x00000000d1300000|  0%| F|  |TAMS 0x00000000d1200000, 0x00000000d1200000| Untracked 
|   1|0x00000000d1300000, 0x00000000d1300000, 0x00000000d1400000|  0%| F|  |TAMS 0x00000000d1300000, 0x00000000d1300000| Untracked 
|   2|0x00000000d1400000, 0x00000000d1400000, 0x00000000d1500000|  0%| F|  |TAMS 0x00000000d1400000, 0x00000000d1400000| Untracked 
|   3|0x00000000d1500000, 0x00000000d1500000, 0x00000000d1600000|  0%| F|  |TAMS 0x00000000d1500000, 0x00000000d1500000| Untracked 
|   4|0x00000000d1600000, 0x00000000d1600000, 0x00000000d1700000|  0%| F|  |TAMS 0x00000000d1600000, 0x00000000d1600000| Untracked 
|   5|0x00000000d1700000, 0x00000000d1700000, 0x00000000d1800000|  0%| F|  |TAMS 0x00000000d1700000, 0x00000000d1700000| Untracked 
|   6|0x00000000d1800000, 0x00000000d1800000, 0x00000000d1900000|  0%| F|  |TAMS 0x00000000d1800000, 0x00000000d1800000| Untracked 
|   7|0x00000000d1900000, 0x00000000d1900000, 0x00000000d1a00000|  0%| F|  |TAMS 0x00000000d1900000, 0x00000000d1900000| Untracked 
|   8|0x00000000d1a00000, 0x00000000d1a00000, 0x00000000d1b00000|  0%| F|  |TAMS 0x00000000d1a00000, 0x00000000d1a00000| Untracked 
|   9|0x00000000d1b00000, 0x00000000d1b00000, 0x00000000d1c00000|  0%| F|  |TAMS 0x00000000d1b00000, 0x00000000d1b00000| Untracked 
|  10|0x00000000d1c00000, 0x00000000d1c00000, 0x00000000d1d00000|  0%| F|  |TAMS 0x00000000d1c00000, 0x00000000d1c00000| Untracked 
|  11|0x00000000d1d00000, 0x00000000d1d00000, 0x00000000d1e00000|  0%| F|  |TAMS 0x00000000d1d00000, 0x00000000d1d00000| Untracked 
|  12|0x00000000d1e00000, 0x00000000d1e00000, 0x00000000d1f00000|  0%| F|  |TAMS 0x00000000d1e00000, 0x00000000d1e00000| Untracked 
|  13|0x00000000d1f00000, 0x00000000d1f00000, 0x00000000d2000000|  0%| F|  |TAMS 0x00000000d1f00000, 0x00000000d1f00000| Untracked 
|  14|0x00000000d2000000, 0x00000000d2000000, 0x00000000d2100000|  0%| F|  |TAMS 0x00000000d2000000, 0x00000000d2000000| Untracked 
|  15|0x00000000d2100000, 0x00000000d2100000, 0x00000000d2200000|  0%| F|  |TAMS 0x00000000d2100000, 0x00000000d2100000| Untracked 
|  16|0x00000000d2200000, 0x00000000d2200000, 0x00000000d2300000|  0%| F|  |TAMS 0x00000000d2200000, 0x00000000d2200000| Untracked 
|  17|0x00000000d2300000, 0x00000000d2300000, 0x00000000d2400000|  0%| F|  |TAMS 0x00000000d2300000, 0x00000000d2300000| Untracked 
|  18|0x00000000d2400000, 0x00000000d2400000, 0x00000000d2500000|  0%| F|  |TAMS 0x00000000d2400000, 0x00000000d2400000| Untracked 
|  19|0x00000000d2500000, 0x00000000d2500000, 0x00000000d2600000|  0%| F|  |TAMS 0x00000000d2500000, 0x00000000d2500000| Untracked 
|  20|0x00000000d2600000, 0x00000000d2600000, 0x00000000d2700000|  0%| F|  |TAMS 0x00000000d2600000, 0x00000000d2600000| Untracked 
|  21|0x00000000d2700000, 0x00000000d2700000, 0x00000000d2800000|  0%| F|  |TAMS 0x00000000d2700000, 0x00000000d2700000| Untracked 
|  22|0x00000000d2800000, 0x00000000d2800000, 0x00000000d2900000|  0%| F|  |TAMS 0x00000000d2800000, 0x00000000d2800000| Untracked 
|  23|0x00000000d2900000, 0x00000000d2900000, 0x00000000d2a00000|  0%| F|  |TAMS 0x00000000d2900000, 0x00000000d2900000| Untracked 
|  24|0x00000000d2a00000, 0x00000000d2a00000, 0x00000000d2b00000|  0%| F|  |TAMS 0x00000000d2a00000, 0x00000000d2a00000| Untracked 
|  25|0x00000000d2b00000, 0x00000000d2b00000, 0x00000000d2c00000|  0%| F|  |TAMS 0x00000000d2b00000, 0x00000000d2b00000| Untracked 
|  26|0x00000000d2c00000, 0x00000000d2c00000, 0x00000000d2d00000|  0%| F|  |TAMS 0x00000000d2c00000, 0x00000000d2c00000| Untracked 
|  27|0x00000000d2d00000, 0x00000000d2d00000, 0x00000000d2e00000|  0%| F|  |TAMS 0x00000000d2d00000, 0x00000000d2d00000| Untracked 
|  28|0x00000000d2e00000, 0x00000000d2e00000, 0x00000000d2f00000|  0%| F|  |TAMS 0x00000000d2e00000, 0x00000000d2e00000| Untracked 
|  29|0x00000000d2f00000, 0x00000000d2f00000, 0x00000000d3000000|  0%| F|  |TAMS 0x00000000d2f00000, 0x00000000d2f00000| Untracked 
|  30|0x00000000d3000000, 0x00000000d3000000, 0x00000000d3100000|  0%| F|  |TAMS 0x00000000d3000000, 0x00000000d3000000| Untracked 
|  31|0x00000000d3100000, 0x00000000d3100000, 0x00000000d3200000|  0%| F|  |TAMS 0x00000000d3100000, 0x00000000d3100000| Untracked 
|  32|0x00000000d3200000, 0x00000000d3200000, 0x00000000d3300000|  0%| F|  |TAMS 0x00000000d3200000, 0x00000000d3200000| Untracked 
|  33|0x00000000d3300000, 0x00000000d3300000, 0x00000000d3400000|  0%| F|  |TAMS 0x00000000d3300000, 0x00000000d3300000| Untracked 
|  34|0x00000000d3400000, 0x00000000d3400000, 0x00000000d3500000|  0%| F|  |TAMS 0x00000000d3400000, 0x00000000d3400000| Untracked 
|  35|0x00000000d3500000, 0x00000000d3500000, 0x00000000d3600000|  0%| F|  |TAMS 0x00000000d3500000, 0x00000000d3500000| Untracked 
|  36|0x00000000d3600000, 0x00000000d3600000, 0x00000000d3700000|  0%| F|  |TAMS 0x00000000d3600000, 0x00000000d3600000| Untracked 
|  37|0x00000000d3700000, 0x00000000d3700000, 0x00000000d3800000|  0%| F|  |TAMS 0x00000000d3700000, 0x00000000d3700000| Untracked 
|  38|0x00000000d3800000, 0x00000000d3800000, 0x00000000d3900000|  0%| F|  |TAMS 0x00000000d3800000, 0x00000000d3800000| Untracked 
|  39|0x00000000d3900000, 0x00000000d3900000, 0x00000000d3a00000|  0%| F|  |TAMS 0x00000000d3900000, 0x00000000d3900000| Untracked 
|  40|0x00000000d3a00000, 0x00000000d3a00000, 0x00000000d3b00000|  0%| F|  |TAMS 0x00000000d3a00000, 0x00000000d3a00000| Untracked 
|  41|0x00000000d3b00000, 0x00000000d3b00000, 0x00000000d3c00000|  0%| F|  |TAMS 0x00000000d3b00000, 0x00000000d3b00000| Untracked 
|  42|0x00000000d3c00000, 0x00000000d3c00000, 0x00000000d3d00000|  0%| F|  |TAMS 0x00000000d3c00000, 0x00000000d3c00000| Untracked 
|  43|0x00000000d3d00000, 0x00000000d3d00000, 0x00000000d3e00000|  0%| F|  |TAMS 0x00000000d3d00000, 0x00000000d3d00000| Untracked 
|  44|0x00000000d3e00000, 0x00000000d3e00000, 0x00000000d3f00000|  0%| F|  |TAMS 0x00000000d3e00000, 0x00000000d3e00000| Untracked 
|  45|0x00000000d3f00000, 0x00000000d3f00000, 0x00000000d4000000|  0%| F|  |TAMS 0x00000000d3f00000, 0x00000000d3f00000| Untracked 
|  46|0x00000000d4000000, 0x00000000d4000000, 0x00000000d4100000|  0%| F|  |TAMS 0x00000000d4000000, 0x00000000d4000000| Untracked 
|  47|0x00000000d4100000, 0x00000000d4100000, 0x00000000d4200000|  0%| F|  |TAMS 0x00000000d4100000, 0x00000000d4100000| Untracked 
|  48|0x00000000d4200000, 0x00000000d4200000, 0x00000000d4300000|  0%| F|  |TAMS 0x00000000d4200000, 0x00000000d4200000| Untracked 
|  49|0x00000000d4300000, 0x00000000d4300000, 0x00000000d4400000|  0%| F|  |TAMS 0x00000000d4300000, 0x00000000d4300000| Untracked 
|  50|0x00000000d4400000, 0x00000000d4400000, 0x00000000d4500000|  0%| F|  |TAMS 0x00000000d4400000, 0x00000000d4400000| Untracked 
|  51|0x00000000d4500000, 0x00000000d4500000, 0x00000000d4600000|  0%| F|  |TAMS 0x00000000d4500000, 0x00000000d4500000| Untracked 
|  52|0x00000000d4600000, 0x00000000d4600000, 0x00000000d4700000|  0%| F|  |TAMS 0x00000000d4600000, 0x00000000d4600000| Untracked 
|  53|0x00000000d4700000, 0x00000000d4700000, 0x00000000d4800000|  0%| F|  |TAMS 0x00000000d4700000, 0x00000000d4700000| Untracked 
|  54|0x00000000d4800000, 0x00000000d4800000, 0x00000000d4900000|  0%| F|  |TAMS 0x00000000d4800000, 0x00000000d4800000| Untracked 
|  55|0x00000000d4900000, 0x00000000d4900000, 0x00000000d4a00000|  0%| F|  |TAMS 0x00000000d4900000, 0x00000000d4900000| Untracked 
|  56|0x00000000d4a00000, 0x00000000d4a00000, 0x00000000d4b00000|  0%| F|  |TAMS 0x00000000d4a00000, 0x00000000d4a00000| Untracked 
|  57|0x00000000d4b00000, 0x00000000d4b00000, 0x00000000d4c00000|  0%| F|  |TAMS 0x00000000d4b00000, 0x00000000d4b00000| Untracked 
|  58|0x00000000d4c00000, 0x00000000d4c00000, 0x00000000d4d00000|  0%| F|  |TAMS 0x00000000d4c00000, 0x00000000d4c00000| Untracked 
|  59|0x00000000d4d00000, 0x00000000d4d00000, 0x00000000d4e00000|  0%| F|  |TAMS 0x00000000d4d00000, 0x00000000d4d00000| Untracked 
|  60|0x00000000d4e00000, 0x00000000d4e00000, 0x00000000d4f00000|  0%| F|  |TAMS 0x00000000d4e00000, 0x00000000d4e00000| Untracked 
|  61|0x00000000d4f00000, 0x00000000d4f00000, 0x00000000d5000000|  0%| F|  |TAMS 0x00000000d4f00000, 0x00000000d4f00000| Untracked 
|  62|0x00000000d5000000, 0x00000000d5000000, 0x00000000d5100000|  0%| F|  |TAMS 0x00000000d5000000, 0x00000000d5000000| Untracked 
|  63|0x00000000d5100000, 0x00000000d5100000, 0x00000000d5200000|  0%| F|  |TAMS 0x00000000d5100000, 0x00000000d5100000| Untracked 
|  64|0x00000000d5200000, 0x00000000d5200000, 0x00000000d5300000|  0%| F|  |TAMS 0x00000000d5200000, 0x00000000d5200000| Untracked 
|  65|0x00000000d5300000, 0x00000000d5300000, 0x00000000d5400000|  0%| F|  |TAMS 0x00000000d5300000, 0x00000000d5300000| Untracked 
|  66|0x00000000d5400000, 0x00000000d5400000, 0x00000000d5500000|  0%| F|  |TAMS 0x00000000d5400000, 0x00000000d5400000| Untracked 
|  67|0x00000000d5500000, 0x00000000d5500000, 0x00000000d5600000|  0%| F|  |TAMS 0x00000000d5500000, 0x00000000d5500000| Untracked 
|  68|0x00000000d5600000, 0x00000000d5600000, 0x00000000d5700000|  0%| F|  |TAMS 0x00000000d5600000, 0x00000000d5600000| Untracked 
|  69|0x00000000d5700000, 0x00000000d5700000, 0x00000000d5800000|  0%| F|  |TAMS 0x00000000d5700000, 0x00000000d5700000| Untracked 
|  70|0x00000000d5800000, 0x00000000d5800000, 0x00000000d5900000|  0%| F|  |TAMS 0x00000000d5800000, 0x00000000d5800000| Untracked 
|  71|0x00000000d5900000, 0x00000000d5900000, 0x00000000d5a00000|  0%| F|  |TAMS 0x00000000d5900000, 0x00000000d5900000| Untracked 
|  72|0x00000000d5a00000, 0x00000000d5a00000, 0x00000000d5b00000|  0%| F|  |TAMS 0x00000000d5a00000, 0x00000000d5a00000| Untracked 
|  73|0x00000000d5b00000, 0x00000000d5b00000, 0x00000000d5c00000|  0%| F|  |TAMS 0x00000000d5b00000, 0x00000000d5b00000| Untracked 
|  74|0x00000000d5c00000, 0x00000000d5c00000, 0x00000000d5d00000|  0%| F|  |TAMS 0x00000000d5c00000, 0x00000000d5c00000| Untracked 
|  75|0x00000000d5d00000, 0x00000000d5d00000, 0x00000000d5e00000|  0%| F|  |TAMS 0x00000000d5d00000, 0x00000000d5d00000| Untracked 
|  76|0x00000000d5e00000, 0x00000000d5e00000, 0x00000000d5f00000|  0%| F|  |TAMS 0x00000000d5e00000, 0x00000000d5e00000| Untracked 
|  77|0x00000000d5f00000, 0x00000000d5f00000, 0x00000000d6000000|  0%| F|  |TAMS 0x00000000d5f00000, 0x00000000d5f00000| Untracked 
|  78|0x00000000d6000000, 0x00000000d6000000, 0x00000000d6100000|  0%| F|  |TAMS 0x00000000d6000000, 0x00000000d6000000| Untracked 
|  79|0x00000000d6100000, 0x00000000d6100000, 0x00000000d6200000|  0%| F|  |TAMS 0x00000000d6100000, 0x00000000d6100000| Untracked 
|  80|0x00000000d6200000, 0x00000000d6200000, 0x00000000d6300000|  0%| F|  |TAMS 0x00000000d6200000, 0x00000000d6200000| Untracked 
|  81|0x00000000d6300000, 0x00000000d6300000, 0x00000000d6400000|  0%| F|  |TAMS 0x00000000d6300000, 0x00000000d6300000| Untracked 
|  82|0x00000000d6400000, 0x00000000d6400000, 0x00000000d6500000|  0%| F|  |TAMS 0x00000000d6400000, 0x00000000d6400000| Untracked 
|  83|0x00000000d6500000, 0x00000000d6500000, 0x00000000d6600000|  0%| F|  |TAMS 0x00000000d6500000, 0x00000000d6500000| Untracked 
|  84|0x00000000d6600000, 0x00000000d6600000, 0x00000000d6700000|  0%| F|  |TAMS 0x00000000d6600000, 0x00000000d6600000| Untracked 
|  85|0x00000000d6700000, 0x00000000d6700000, 0x00000000d6800000|  0%| F|  |TAMS 0x00000000d6700000, 0x00000000d6700000| Untracked 
|  86|0x00000000d6800000, 0x00000000d6800000, 0x00000000d6900000|  0%| F|  |TAMS 0x00000000d6800000, 0x00000000d6800000| Untracked 
|  87|0x00000000d6900000, 0x00000000d6900000, 0x00000000d6a00000|  0%| F|  |TAMS 0x00000000d6900000, 0x00000000d6900000| Untracked 
|  88|0x00000000d6a00000, 0x00000000d6a00000, 0x00000000d6b00000|  0%| F|  |TAMS 0x00000000d6a00000, 0x00000000d6a00000| Untracked 
|  89|0x00000000d6b00000, 0x00000000d6b00000, 0x00000000d6c00000|  0%| F|  |TAMS 0x00000000d6b00000, 0x00000000d6b00000| Untracked 
|  90|0x00000000d6c00000, 0x00000000d6c00000, 0x00000000d6d00000|  0%| F|  |TAMS 0x00000000d6c00000, 0x00000000d6c00000| Untracked 
|  91|0x00000000d6d00000, 0x00000000d6d00000, 0x00000000d6e00000|  0%| F|  |TAMS 0x00000000d6d00000, 0x00000000d6d00000| Untracked 
|  92|0x00000000d6e00000, 0x00000000d6e00000, 0x00000000d6f00000|  0%| F|  |TAMS 0x00000000d6e00000, 0x00000000d6e00000| Untracked 
|  93|0x00000000d6f00000, 0x00000000d6f00000, 0x00000000d7000000|  0%| F|  |TAMS 0x00000000d6f00000, 0x00000000d6f00000| Untracked 
|  94|0x00000000d7000000, 0x00000000d7000000, 0x00000000d7100000|  0%| F|  |TAMS 0x00000000d7000000, 0x00000000d7000000| Untracked 
|  95|0x00000000d7100000, 0x00000000d7100000, 0x00000000d7200000|  0%| F|  |TAMS 0x00000000d7100000, 0x00000000d7100000| Untracked 
|  96|0x00000000d7200000, 0x00000000d7200000, 0x00000000d7300000|  0%| F|  |TAMS 0x00000000d7200000, 0x00000000d7200000| Untracked 
|  97|0x00000000d7300000, 0x00000000d7300000, 0x00000000d7400000|  0%| F|  |TAMS 0x00000000d7300000, 0x00000000d7300000| Untracked 
|  98|0x00000000d7400000, 0x00000000d7400000, 0x00000000d7500000|  0%| F|  |TAMS 0x00000000d7400000, 0x00000000d7400000| Untracked 
|  99|0x00000000d7500000, 0x00000000d7500000, 0x00000000d7600000|  0%| F|  |TAMS 0x00000000d7500000, 0x00000000d7500000| Untracked 
| 100|0x00000000d7600000, 0x00000000d7600000, 0x00000000d7700000|  0%| F|  |TAMS 0x00000000d7600000, 0x00000000d7600000| Untracked 
| 101|0x00000000d7700000, 0x00000000d7700000, 0x00000000d7800000|  0%| F|  |TAMS 0x00000000d7700000, 0x00000000d7700000| Untracked 
| 102|0x00000000d7800000, 0x00000000d7800000, 0x00000000d7900000|  0%| F|  |TAMS 0x00000000d7800000, 0x00000000d7800000| Untracked 
| 103|0x00000000d7900000, 0x00000000d7900000, 0x00000000d7a00000|  0%| F|  |TAMS 0x00000000d7900000, 0x00000000d7900000| Untracked 
| 104|0x00000000d7a00000, 0x00000000d7a00000, 0x00000000d7b00000|  0%| F|  |TAMS 0x00000000d7a00000, 0x00000000d7a00000| Untracked 
| 105|0x00000000d7b00000, 0x00000000d7b00000, 0x00000000d7c00000|  0%| F|  |TAMS 0x00000000d7b00000, 0x00000000d7b00000| Untracked 
| 106|0x00000000d7c00000, 0x00000000d7c00000, 0x00000000d7d00000|  0%| F|  |TAMS 0x00000000d7c00000, 0x00000000d7c00000| Untracked 
| 107|0x00000000d7d00000, 0x00000000d7d00000, 0x00000000d7e00000|  0%| F|  |TAMS 0x00000000d7d00000, 0x00000000d7d00000| Untracked 
| 108|0x00000000d7e00000, 0x00000000d7e00000, 0x00000000d7f00000|  0%| F|  |TAMS 0x00000000d7e00000, 0x00000000d7e00000| Untracked 
| 109|0x00000000d7f00000, 0x00000000d7f00000, 0x00000000d8000000|  0%| F|  |TAMS 0x00000000d7f00000, 0x00000000d7f00000| Untracked 
| 110|0x00000000d8000000, 0x00000000d8000000, 0x00000000d8100000|  0%| F|  |TAMS 0x00000000d8000000, 0x00000000d8000000| Untracked 
| 111|0x00000000d8100000, 0x00000000d8200000, 0x00000000d8200000|100%| E|  |TAMS 0x00000000d8100000, 0x00000000d8100000| Complete 
| 112|0x00000000d8200000, 0x00000000d8300000, 0x00000000d8300000|100%| E|CS|TAMS 0x00000000d8200000, 0x00000000d8200000| Complete 
| 113|0x00000000d8300000, 0x00000000d8400000, 0x00000000d8400000|100%| E|CS|TAMS 0x00000000d8300000, 0x00000000d8300000| Complete 
| 114|0x00000000d8400000, 0x00000000d8500000, 0x00000000d8500000|100%| E|CS|TAMS 0x00000000d8400000, 0x00000000d8400000| Complete 
| 115|0x00000000d8500000, 0x00000000d8600000, 0x00000000d8600000|100%| E|CS|TAMS 0x00000000d8500000, 0x00000000d8500000| Complete 
| 116|0x00000000d8600000, 0x00000000d8700000, 0x00000000d8700000|100%| E|CS|TAMS 0x00000000d8600000, 0x00000000d8600000| Complete 
| 117|0x00000000d8700000, 0x00000000d8800000, 0x00000000d8800000|100%| E|CS|TAMS 0x00000000d8700000, 0x00000000d8700000| Complete 
| 118|0x00000000d8800000, 0x00000000d8900000, 0x00000000d8900000|100%| E|CS|TAMS 0x00000000d8800000, 0x00000000d8800000| Complete 
| 119|0x00000000d8900000, 0x00000000d8a00000, 0x00000000d8a00000|100%| E|CS|TAMS 0x00000000d8900000, 0x00000000d8900000| Complete 
| 120|0x00000000d8a00000, 0x00000000d8b00000, 0x00000000d8b00000|100%| E|CS|TAMS 0x00000000d8a00000, 0x00000000d8a00000| Complete 
| 121|0x00000000d8b00000, 0x00000000d8c00000, 0x00000000d8c00000|100%| E|CS|TAMS 0x00000000d8b00000, 0x00000000d8b00000| Complete 
| 122|0x00000000d8c00000, 0x00000000d8d00000, 0x00000000d8d00000|100%| E|CS|TAMS 0x00000000d8c00000, 0x00000000d8c00000| Complete 
| 123|0x00000000d8d00000, 0x00000000d8e00000, 0x00000000d8e00000|100%| E|CS|TAMS 0x00000000d8d00000, 0x00000000d8d00000| Complete 
| 124|0x00000000d8e00000, 0x00000000d8f00000, 0x00000000d8f00000|100%| E|CS|TAMS 0x00000000d8e00000, 0x00000000d8e00000| Complete 
| 125|0x00000000d8f00000, 0x00000000d9000000, 0x00000000d9000000|100%| E|CS|TAMS 0x00000000d8f00000, 0x00000000d8f00000| Complete 
| 126|0x00000000d9000000, 0x00000000d9100000, 0x00000000d9100000|100%| E|  |TAMS 0x00000000d9000000, 0x00000000d9000000| Complete 
| 127|0x00000000d9100000, 0x00000000d9200000, 0x00000000d9200000|100%| E|CS|TAMS 0x00000000d9100000, 0x00000000d9100000| Complete 

Card table byte_map: [0x000002142de80000,0x000002142e000000] _byte_map_base: 0x000002142d7f7000

Marking Bits (Prev, Next): (CMBitMap*) 0x000002141b071ee0, (CMBitMap*) 0x000002141b071f20
 Prev Bits: [0x000002142e180000, 0x000002142ed38000)
 Next Bits: [0x000002142ed40000, 0x000002142f8f8000)

Polling page: 0x0000021419020000

Metaspace:

Usage:
  Non-class:     13.62 MB used.
      Class:      1.64 MB used.
       Both:     15.26 MB used.

Virtual space:
  Non-class space:       16.00 MB reserved,      13.75 MB ( 86%) committed,  2 nodes.
      Class space:        1.00 GB reserved,       1.75 MB ( <1%) committed,  1 nodes.
             Both:        1.02 GB reserved,      15.50 MB (  1%) committed. 

Chunk freelists:
   Non-Class:  2.09 MB
       Class:  2.20 MB
        Both:  4.30 MB

MaxMetaspaceSize: unlimited
CompressedClassSpaceSize: 1.00 GB
Initial GC threshold: 21.00 MB
Current GC threshold: 21.00 MB
CDS: off
MetaspaceReclaimPolicy: balanced
 - commit_granule_bytes: 65536.
 - commit_granule_words: 8192.
 - virtual_space_node_default_size: 1048576.
 - enlarge_chunks_in_place: 1.
 - new_chunks_are_fully_committed: 0.
 - uncommit_free_chunks: 1.
 - use_allocation_guard: 0.
 - handle_deallocations: 1.


Internal statistics:

num_allocs_failed_limit: 0.
num_arena_births: 266.
num_arena_deaths: 0.
num_vsnodes_births: 3.
num_vsnodes_deaths: 0.
num_space_committed: 248.
num_space_uncommitted: 0.
num_chunks_returned_to_freelist: 0.
num_chunks_taken_from_freelist: 467.
num_chunk_merges: 0.
num_chunk_splits: 264.
num_chunks_enlarged: 109.
num_purges: 0.
num_inconsistent_stats: 0.

CodeHeap 'non-profiled nmethods': size=120000Kb used=327Kb max_used=327Kb free=119672Kb
 bounds [0x0000021426280000, 0x00000214264f0000, 0x000002142d7b0000]
CodeHeap 'profiled nmethods': size=120000Kb used=1710Kb max_used=1710Kb free=118289Kb
 bounds [0x000002141e7b0000, 0x000002141ea20000, 0x0000021425ce0000]
CodeHeap 'non-nmethods': size=5760Kb used=1169Kb max_used=1181Kb free=4591Kb
 bounds [0x0000021425ce0000, 0x0000021425f50000, 0x0000021426280000]
 total_blobs=1524 nmethods=1058 adapters=379
 compilation: enabled
              stopped_count=0, restarted_count=0
 full_count=0

Compilation events (20 events):
Event: 1.162 Thread 0x00000214325be870 1009   !   3       jdk.internal.ref.PhantomCleanable::insert (53 bytes)
Event: 1.162 Thread 0x00000214325be870 nmethod 1009 0x000002141e942410 code [0x000002141e9425c0, 0x000002141e942938]
Event: 1.162 Thread 0x0000021434992010 nmethod 1007 0x00000214262cf110 code [0x00000214262cf2a0, 0x00000214262cf3b8]
Event: 1.162 Thread 0x00000214325be870 1010       3       jdk.internal.jimage.ImageBufferCache::getCapacity (21 bytes)
Event: 1.162 Thread 0x00000214325be870 nmethod 1010 0x000002141e942a90 code [0x000002141e942c40, 0x000002141e942f48]
Event: 1.162 Thread 0x00000214325be870 1012   !   3       java.util.zip.Inflater::finished (19 bytes)
Event: 1.162 Thread 0x00000214325be870 nmethod 1012 0x000002141e943010 code [0x000002141e9431a0, 0x000002141e943398]
Event: 1.162 Thread 0x00000214325be870 1011       1       jdk.internal.jimage.decompressor.CompressedResourceHeader::getSize (3 bytes)
Event: 1.162 Thread 0x00000214325be870 nmethod 1011 0x00000214262cf510 code [0x00000214262cf6a0, 0x00000214262cf758]
Event: 1.163 Thread 0x0000021434992010 1013   !   4       jdk.internal.misc.ScopedMemoryAccess::getByte (20 bytes)
Event: 1.163 Thread 0x00000214325be870 1014   !   2       jdk.internal.misc.ScopedMemoryAccess::getByteInternal (36 bytes)
Event: 1.163 Thread 0x00000214325be870 nmethod 1014 0x000002141e943490 code [0x000002141e943620, 0x000002141e9437a8]
Event: 1.163 Thread 0x0000021434992010 nmethod 1013 0x00000214262cf810 code [0x00000214262cf980, 0x00000214262cfa38]
Event: 1.164 Thread 0x00000214325be870 1015       3       java.util.zip.Inflater::inflate (9 bytes)
Event: 1.165 Thread 0x00000214325be870 nmethod 1015 0x000002141e943890 code [0x000002141e943a40, 0x000002141e943ba8]
Event: 1.167 Thread 0x00000214325be870 1016       3       java.lang.Integer::hashCode (8 bytes)
Event: 1.168 Thread 0x00000214325be870 nmethod 1016 0x000002141e943c90 code [0x000002141e943e20, 0x000002141e943f78]
Event: 1.168 Thread 0x00000214325be870 1017       3       java.lang.Integer::hashCode (2 bytes)
Event: 1.168 Thread 0x00000214325be870 nmethod 1017 0x000002141e944010 code [0x000002141e9441a0, 0x000002141e944298]
Event: 1.168 Thread 0x00000214325be870 1018       1       sun.security.util.KnownOIDs::value (5 bytes)

GC Heap History (0 events):
No events

Dll operation events (1 events):
Event: 0.014 Loaded shared library C:\Program Files\JetBrains\IntelliJ IDEA 2023.1.2\jbr\bin\java.dll

Deoptimization events (20 events):
Event: 0.246 Thread 0x000002141b03c9e0 Uncommon trap: trap_request=0xffffff45 fr.pc=0x00000214262867b4 relative=0x0000000000000294
Event: 0.246 Thread 0x000002141b03c9e0 Uncommon trap: reason=unstable_if action=reinterpret pc=0x00000214262867b4 method=java.util.zip.ZipCoder$UTF8ZipCoder.checkedHash([BII)I @ 75 c2
Event: 0.246 Thread 0x000002141b03c9e0 DEOPT PACKING pc=0x00000214262867b4 sp=0x00000078f01fdab0
Event: 0.246 Thread 0x000002141b03c9e0 DEOPT UNPACKING pc=0x0000021425d369a3 sp=0x00000078f01fda40 mode 2
Event: 0.246 Thread 0x000002141b03c9e0 Uncommon trap: trap_request=0xffffff45 fr.pc=0x0000021426287de8 relative=0x0000000000000168
Event: 0.246 Thread 0x000002141b03c9e0 Uncommon trap: reason=unstable_if action=reinterpret pc=0x0000021426287de8 method=java.util.zip.ZipFile$Source.isMetaName([BII)Z @ 15 c2
Event: 0.246 Thread 0x000002141b03c9e0 DEOPT PACKING pc=0x0000021426287de8 sp=0x00000078f01fdb80
Event: 0.246 Thread 0x000002141b03c9e0 DEOPT UNPACKING pc=0x0000021425d369a3 sp=0x00000078f01fdb28 mode 2
Event: 0.505 Thread 0x000002141b03c9e0 DEOPT PACKING pc=0x000002141e7c8267 sp=0x00000078f01fe470
Event: 0.505 Thread 0x000002141b03c9e0 DEOPT UNPACKING pc=0x0000021425d37143 sp=0x00000078f01fd890 mode 0
Event: 0.517 Thread 0x000002141b03c9e0 DEOPT PACKING pc=0x000002141e7c3d51 sp=0x00000078f01fd140
Event: 0.517 Thread 0x000002141b03c9e0 DEOPT UNPACKING pc=0x0000021425d37143 sp=0x00000078f01fc5b8 mode 0
Event: 0.791 Thread 0x00000214335afd50 Uncommon trap: trap_request=0xffffff45 fr.pc=0x00000214262b0590 relative=0x00000000000004f0
Event: 0.791 Thread 0x00000214335afd50 Uncommon trap: reason=unstable_if action=reinterpret pc=0x00000214262b0590 method=java.lang.StringLatin1.replace([BCC)Ljava/lang/String; @ 19 c2
Event: 0.791 Thread 0x00000214335afd50 DEOPT PACKING pc=0x00000214262b0590 sp=0x00000078f1cfdaf0
Event: 0.791 Thread 0x00000214335afd50 DEOPT UNPACKING pc=0x0000021425d369a3 sp=0x00000078f1cfda70 mode 2
Event: 1.153 Thread 0x00000214335afd50 Uncommon trap: trap_request=0xffffff45 fr.pc=0x00000214262c99e8 relative=0x0000000000000368
Event: 1.153 Thread 0x00000214335afd50 Uncommon trap: reason=unstable_if action=reinterpret pc=0x00000214262c99e8 method=java.lang.StringUTF16.compress([CI[BII)I @ 20 c2
Event: 1.153 Thread 0x00000214335afd50 DEOPT PACKING pc=0x00000214262c99e8 sp=0x00000078f1cfbc10
Event: 1.153 Thread 0x00000214335afd50 DEOPT UNPACKING pc=0x0000021425d369a3 sp=0x00000078f1cfbb90 mode 2

Classes unloaded (0 events):
No events

Classes redefined (0 events):
No events

Internal exceptions (20 events):
Event: 0.350 Thread 0x000002141b03c9e0 Exception <a 'java/lang/IncompatibleClassChangeError'{0x00000000d8d3cc80}: Found class java.lang.Object, but interface was expected> (0x00000000d8d3cc80) 
thrown [s\src\hotspot\share\interpreter\linkResolver.cpp, line 838]
Event: 0.350 Thread 0x000002141b03c9e0 Exception <a 'java/lang/NoSuchMethodError'{0x00000000d8d3f908}: 'void java.lang.invoke.DirectMethodHandle$Holder.invokeStatic(java.lang.Object, java.lang.Object)'> (0x00000000d8d3f908) 
thrown [s\src\hotspot\share\interpreter\linkResolver.cpp, line 771]
Event: 0.378 Thread 0x000002141b03c9e0 Exception <a 'java/lang/NoSuchMethodError'{0x00000000d8d83a90}: 'java.lang.Object java.lang.invoke.DirectMethodHandle$Holder.invokeStaticInit(java.lang.Object)'> (0x00000000d8d83a90) 
thrown [s\src\hotspot\share\interpreter\linkResolver.cpp, line 771]
Event: 0.398 Thread 0x000002141b03c9e0 Exception <a 'java/lang/NoSuchMethodError'{0x00000000d8de2d28}: 'java.lang.Object java.lang.invoke.DirectMethodHandle$Holder.invokeStaticInit(java.lang.Object, int, int, int, int)'> (0x00000000d8de2d28) 
thrown [s\src\hotspot\share\interpreter\linkResolver.cpp, line 771]
Event: 0.451 Thread 0x000002141b03c9e0 Exception <a 'java/lang/NoSuchMethodError'{0x00000000d8c473d8}: 'java.lang.Object java.lang.invoke.DirectMethodHandle$Holder.invokeStaticInit(java.lang.Object, java.lang.Object, int, int, int, int)'> (0x00000000d8c473d8) 
thrown [s\src\hotspot\share\interpreter\linkResolver.cpp, line 771]
Event: 0.539 Thread 0x000002141b03c9e0 Exception <a 'java/lang/NoSuchMethodError'{0x00000000d8a66cf8}: 'java.lang.Object java.lang.invoke.Invokers$Holder.linkToTargetMethod(java.lang.Object, long, java.lang.Object)'> (0x00000000d8a66cf8) 
thrown [s\src\hotspot\share\interpreter\linkResolver.cpp, line 771]
Event: 0.614 Thread 0x00000214335afd50 Exception <a 'java/lang/NoSuchMethodError'{0x00000000d888c4f8}: static [B.<clinit>()V> (0x00000000d888c4f8) 
thrown [s\src\hotspot\share\prims\jni.cpp, line 1108]
Event: 0.614 Thread 0x00000214335b1090 Exception <a 'java/lang/NoSuchMethodError'{0x00000000d88fc9d8}: static [B.<clinit>()V> (0x00000000d88fc9d8) 
thrown [s\src\hotspot\share\prims\jni.cpp, line 1108]
Event: 0.771 Thread 0x00000214335afd50 Exception <a 'java/lang/NoSuchMethodError'{0x00000000d88ba030}: static [Ljava/rmi/server/ObjID;.<clinit>()V> (0x00000000d88ba030) 
thrown [s\src\hotspot\share\prims\jni.cpp, line 1108]
Event: 0.776 Thread 0x00000214335ae070 Exception <a 'java/lang/InterruptedException'{0x00000000d8700000}> (0x00000000d8700000) 
thrown [s\src\hotspot\share\runtime\objectMonitor.cpp, line 1648]
Event: 0.777 Thread 0x00000214335afd50 Exception <a 'java/lang/NoSuchMethodError'{0x00000000d88c1940}: 'void java.lang.invoke.DirectMethodHandle$Holder.invokeSpecial(java.lang.Object, java.lang.Object, java.lang.Object)'> (0x00000000d88c1940) 
thrown [s\src\hotspot\share\interpreter\linkResolver.cpp, line 771]
Event: 0.778 Thread 0x00000214335afd50 Exception <a 'java/lang/NoSuchMethodError'{0x00000000d88c4ea8}: 'void java.lang.invoke.Invokers$Holder.invoke_MT(java.lang.Object, java.lang.Object, java.lang.Object)'> (0x00000000d88c4ea8) 
thrown [s\src\hotspot\share\interpreter\linkResolver.cpp, line 771]
Event: 0.778 Thread 0x00000214335ae070 Exception <a 'java/lang/NoSuchMethodError'{0x00000000d87089f8}: 'java.lang.Object java.lang.invoke.DirectMethodHandle$Holder.newInvokeSpecial(java.lang.Object, java.lang.Object, int, java.lang.Object, long)'> (0x00000000d87089f8) 
thrown [s\src\hotspot\share\interpreter\linkResolver.cpp, line 771]
Event: 0.872 Thread 0x00000214335afd50 Exception <a 'java/lang/NoSuchMethodError'{0x00000000d85499e0}: 'java.lang.Object java.lang.invoke.DirectMethodHandle$Holder.invokeVirtual(java.lang.Object, java.lang.Object, java.lang.Object, java.lang.Object)'> (0x00000000d85499e0) 
thrown [s\src\hotspot\share\interpreter\linkResolver.cpp, line 771]
Event: 0.874 Thread 0x00000214335afd50 Exception <a 'java/lang/NoSuchMethodError'{0x00000000d8552250}: 'void java.lang.invoke.DirectMethodHandle$Holder.invokeStatic(java.lang.Object, java.lang.Object, java.lang.Object, java.lang.Object)'> (0x00000000d8552250) 
thrown [s\src\hotspot\share\interpreter\linkResolver.cpp, line 771]
Event: 0.890 Thread 0x00000214335afd50 Exception <a 'java/lang/NoSuchMethodError'{0x00000000d85c3a50}: 'int java.lang.invoke.DirectMethodHandle$Holder.invokeStaticInit(java.lang.Object, java.lang.Object, java.lang.Object, java.lang.Object)'> (0x00000000d85c3a50) 
thrown [s\src\hotspot\share\interpreter\linkResolver.cpp, line 771]
Event: 0.891 Thread 0x00000214335afd50 Exception <a 'java/lang/NoSuchMethodError'{0x00000000d85ccf78}: 'java.lang.Object java.lang.invoke.DirectMethodHandle$Holder.invokeInterface(java.lang.Object, java.lang.Object)'> (0x00000000d85ccf78) 
thrown [s\src\hotspot\share\interpreter\linkResolver.cpp, line 771]
Event: 0.891 Thread 0x00000214335afd50 Exception <a 'java/lang/IncompatibleClassChangeError'{0x00000000d85d0770}: Found class java.lang.Object, but interface was expected> (0x00000000d85d0770) 
thrown [s\src\hotspot\share\interpreter\linkResolver.cpp, line 838]
Event: 0.892 Thread 0x00000214335afd50 Exception <a 'java/lang/NoSuchMethodError'{0x00000000d85d3778}: 'void java.lang.invoke.DirectMethodHandle$Holder.invokeStaticInit(java.lang.Object, java.lang.Object)'> (0x00000000d85d3778) 
thrown [s\src\hotspot\share\interpreter\linkResolver.cpp, line 771]
Event: 0.894 Thread 0x00000214335afd50 Exception <a 'java/lang/NoSuchMethodError'{0x00000000d85d9530}: 'int java.lang.invoke.DirectMethodHandle$Holder.invokeStaticInit(java.lang.Object, java.lang.Object)'> (0x00000000d85d9530) 
thrown [s\src\hotspot\share\interpreter\linkResolver.cpp, line 771]

VM Operations (6 events):
Event: 0.228 Executing VM operation: HandshakeAllThreads
Event: 0.228 Executing VM operation: HandshakeAllThreads done
Event: 0.359 Executing VM operation: HandshakeAllThreads
Event: 0.359 Executing VM operation: HandshakeAllThreads done
Event: 0.792 Executing VM operation: HandshakeAllThreads
Event: 0.792 Executing VM operation: HandshakeAllThreads done

Events (20 events):
Event: 1.155 loading class sun/security/jca/ProviderConfig$3 done
Event: 1.155 loading class sun/security/jca/ProviderConfig$ProviderLoader
Event: 1.155 loading class sun/security/jca/ProviderConfig$ProviderLoader done
Event: 1.156 loading class java/security/InvalidParameterException
Event: 1.156 loading class java/security/InvalidParameterException done
Event: 1.156 loading class java/security/ProviderException
Event: 1.157 loading class java/security/ProviderException done
Event: 1.159 Loaded shared library C:\Program Files\JetBrains\IntelliJ IDEA 2023.1.2\jbr\bin\sunmscapi.dll
Event: 1.162 loading class jdk/internal/misc/ScopedMemoryAccess$Scope
Event: 1.162 loading class jdk/internal/misc/ScopedMemoryAccess$Scope done
Event: 1.164 loading class java/security/AuthProvider
Event: 1.164 loading class java/security/AuthProvider done
Event: 1.165 loading class javax/security/auth/login/LoginException
Event: 1.165 loading class javax/security/auth/login/LoginException done
Event: 1.165 loading class javax/security/auth/login/FailedLoginException
Event: 1.165 loading class javax/security/auth/login/FailedLoginException done
Event: 1.166 loading class javax/security/auth/Subject
Event: 1.166 loading class javax/security/auth/Subject done
Event: 1.166 loading class javax/security/auth/callback/CallbackHandler
Event: 1.166 loading class javax/security/auth/callback/CallbackHandler done


Dynamic libraries:
0x00007ff7ffda0000 - 0x00007ff7ffdaa000 	C:\Program Files\JetBrains\IntelliJ IDEA 2023.1.2\jbr\bin\java.exe
0x00007ffc03bf0000 - 0x00007ffc03de8000 	C:\WINDOWS\SYSTEM32\ntdll.dll
0x00007ffc02a20000 - 0x00007ffc02adf000 	C:\WINDOWS\System32\KERNEL32.DLL
0x00007ffc012d0000 - 0x00007ffc015c6000 	C:\WINDOWS\System32\KERNELBASE.dll
0x00007ffc019e0000 - 0x00007ffc01ae0000 	C:\WINDOWS\System32\ucrtbase.dll
0x00007ffbf85a0000 - 0x00007ffbf85b7000 	C:\Program Files\JetBrains\IntelliJ IDEA 2023.1.2\jbr\bin\jli.dll
0x00007ffbfc610000 - 0x00007ffbfc62b000 	C:\Program Files\JetBrains\IntelliJ IDEA 2023.1.2\jbr\bin\VCRUNTIME140.dll
0x00007ffc03570000 - 0x00007ffc0370d000 	C:\WINDOWS\System32\USER32.dll
0x00007ffc017a0000 - 0x00007ffc017c2000 	C:\WINDOWS\System32\win32u.dll
0x00007ffbed5b0000 - 0x00007ffbed84a000 	C:\WINDOWS\WinSxS\amd64_microsoft.windows.common-controls_6595b64144ccf1df_6.0.19041.1110_none_60b5254171f9507e\COMCTL32.dll
0x00007ffc03710000 - 0x00007ffc0373c000 	C:\WINDOWS\System32\GDI32.dll
0x00007ffc02380000 - 0x00007ffc0241e000 	C:\WINDOWS\System32\msvcrt.dll
0x00007ffc01870000 - 0x00007ffc01985000 	C:\WINDOWS\System32\gdi32full.dll
0x00007ffc017d0000 - 0x00007ffc0186d000 	C:\WINDOWS\System32\msvcp_win.dll
0x00007ffc02ae0000 - 0x00007ffc02b10000 	C:\WINDOWS\System32\IMM32.DLL
0x00007ffbfc640000 - 0x00007ffbfc64c000 	C:\Program Files\JetBrains\IntelliJ IDEA 2023.1.2\jbr\bin\vcruntime140_1.dll
0x00007ffbf07f0000 - 0x00007ffbf087d000 	C:\Program Files\JetBrains\IntelliJ IDEA 2023.1.2\jbr\bin\msvcp140.dll
0x00007ffbd16b0000 - 0x00007ffbd231e000 	C:\Program Files\JetBrains\IntelliJ IDEA 2023.1.2\jbr\bin\server\jvm.dll
0x00007ffc01c50000 - 0x00007ffc01cff000 	C:\WINDOWS\System32\ADVAPI32.dll
0x00007ffc02b10000 - 0x00007ffc02bac000 	C:\WINDOWS\System32\sechost.dll
0x00007ffc03740000 - 0x00007ffc03866000 	C:\WINDOWS\System32\RPCRT4.dll
0x00007ffbe9c00000 - 0x00007ffbe9c09000 	C:\WINDOWS\SYSTEM32\WSOCK32.dll
0x00007ffc039a0000 - 0x00007ffc03a0b000 	C:\WINDOWS\System32\WS2_32.dll
0x00007ffbfe590000 - 0x00007ffbfe5b7000 	C:\WINDOWS\SYSTEM32\WINMM.dll
0x00007ffbfa100000 - 0x00007ffbfa10a000 	C:\WINDOWS\SYSTEM32\VERSION.dll
0x00007ffbffb10000 - 0x00007ffbffb22000 	C:\WINDOWS\SYSTEM32\kernel.appcore.dll
0x00007ffbfc670000 - 0x00007ffbfc67a000 	C:\Program Files\JetBrains\IntelliJ IDEA 2023.1.2\jbr\bin\jimage.dll
0x00007ffbff090000 - 0x00007ffbff274000 	C:\WINDOWS\SYSTEM32\DBGHELP.DLL
0x00007ffbe9bb0000 - 0x00007ffbe9be4000 	C:\WINDOWS\SYSTEM32\dbgcore.DLL
0x00007ffc01ae0000 - 0x00007ffc01b62000 	C:\WINDOWS\System32\bcryptPrimitives.dll
0x00007ffbfab70000 - 0x00007ffbfab95000 	C:\Program Files\JetBrains\IntelliJ IDEA 2023.1.2\jbr\bin\java.dll
0x00007ffbfab50000 - 0x00007ffbfab68000 	C:\Program Files\JetBrains\IntelliJ IDEA 2023.1.2\jbr\bin\zip.dll
0x00007ffc02cf0000 - 0x00007ffc03434000 	C:\WINDOWS\System32\SHELL32.dll
0x00007ffbff360000 - 0x00007ffbffaf4000 	C:\WINDOWS\SYSTEM32\windows.storage.dll
0x00007ffc02660000 - 0x00007ffc029b4000 	C:\WINDOWS\System32\combase.dll
0x00007ffc00ca0000 - 0x00007ffc00cce000 	C:\WINDOWS\SYSTEM32\Wldp.dll
0x00007ffc03870000 - 0x00007ffc0391d000 	C:\WINDOWS\System32\SHCORE.dll
0x00007ffc024b0000 - 0x00007ffc02505000 	C:\WINDOWS\System32\shlwapi.dll
0x00007ffc01200000 - 0x00007ffc01225000 	C:\WINDOWS\SYSTEM32\profapi.dll
0x00007ffbf9e90000 - 0x00007ffbf9ea9000 	C:\Program Files\JetBrains\IntelliJ IDEA 2023.1.2\jbr\bin\net.dll
0x00007ffbf71f0000 - 0x00007ffbf72fa000 	C:\WINDOWS\SYSTEM32\WINHTTP.dll
0x00007ffc009a0000 - 0x00007ffc00a0a000 	C:\WINDOWS\system32\mswsock.dll
0x00007ffbf85e0000 - 0x00007ffbf85f6000 	C:\Program Files\JetBrains\IntelliJ IDEA 2023.1.2\jbr\bin\nio.dll
0x00007ffc00690000 - 0x00007ffc006cc000 	C:\WINDOWS\SYSTEM32\IPHLPAPI.DLL
0x00007ffc025f0000 - 0x00007ffc025f8000 	C:\WINDOWS\System32\NSI.dll
0x00007ffbf7d20000 - 0x00007ffbf7d37000 	C:\WINDOWS\SYSTEM32\dhcpcsvc6.DLL
0x00007ffbf8d40000 - 0x00007ffbf8d5d000 	C:\WINDOWS\SYSTEM32\dhcpcsvc.DLL
0x00007ffc006d0000 - 0x00007ffc0079a000 	C:\WINDOWS\SYSTEM32\DNSAPI.dll
0x00007ffc00b90000 - 0x00007ffc00ba8000 	C:\WINDOWS\SYSTEM32\CRYPTSP.dll
0x00007ffc002c0000 - 0x00007ffc002f4000 	C:\WINDOWS\system32\rsaenh.dll
0x00007ffc01b70000 - 0x00007ffc01b97000 	C:\WINDOWS\System32\bcrypt.dll
0x00007ffc01180000 - 0x00007ffc011ae000 	C:\WINDOWS\SYSTEM32\USERENV.dll
0x00007ffc00bb0000 - 0x00007ffc00bbc000 	C:\WINDOWS\SYSTEM32\CRYPTBASE.dll
0x00007ffbfc650000 - 0x00007ffbfc657000 	C:\Program Files\JetBrains\IntelliJ IDEA 2023.1.2\jbr\bin\rmi.dll
0x00007ffbf8d30000 - 0x00007ffbf8d3a000 	C:\Windows\System32\rasadhlp.dll
0x00007ffbef570000 - 0x00007ffbef5f2000 	C:\WINDOWS\System32\fwpuclnt.dll
0x00007ffbfb000000 - 0x00007ffbfb009000 	C:\Program Files\JetBrains\IntelliJ IDEA 2023.1.2\jbr\bin\management.dll
0x00007ffbfafe0000 - 0x00007ffbfafeb000 	C:\Program Files\JetBrains\IntelliJ IDEA 2023.1.2\jbr\bin\management_ext.dll
0x00007ffc03440000 - 0x00007ffc03448000 	C:\WINDOWS\System32\PSAPI.DLL
0x00007ffbfb470000 - 0x00007ffbfb47e000 	C:\Program Files\JetBrains\IntelliJ IDEA 2023.1.2\jbr\bin\sunmscapi.dll
0x00007ffc01640000 - 0x00007ffc0179e000 	C:\WINDOWS\System32\CRYPT32.dll
0x00007ffc00d10000 - 0x00007ffc00d38000 	C:\WINDOWS\SYSTEM32\ncrypt.dll
0x00007ffc00cd0000 - 0x00007ffc00d0b000 	C:\WINDOWS\SYSTEM32\NTASN1.dll

dbghelp: loaded successfully - version: 4.0.5 - missing functions: none
symbol engine: initialized successfully - sym options: 0x614 - pdb path: .;C:\Program Files\JetBrains\IntelliJ IDEA 2023.1.2\jbr\bin;C:\WINDOWS\SYSTEM32;C:\WINDOWS\WinSxS\amd64_microsoft.windows.common-controls_6595b64144ccf1df_6.0.19041.1110_none_60b5254171f9507e;C:\Program Files\JetBrains\IntelliJ IDEA 2023.1.2\jbr\bin\server

VM Arguments:
jvm_args: -Djava.rmi.server.hostname=127.0.0.1 -Duser.timezone=UTC -Xmx750m -Xms128m --add-exports=java.desktop/sun.awt=ALL-UNNAMED --add-exports=java.desktop/java.awt.peer=ALL-UNNAMED --add-opens=java.desktop/java.awt=ALL-UNNAMED --add-opens=jdk.unsupported/sun.misc=ALL-UNNAMED --add-opens=java.base/java.nio=ALL-UNNAMED --add-opens=java.base/java.util=ALL-UNNAMED -Dfile.encoding=UTF-8 
java_command: com.intellij.database.remote.RemoteJdbcServer org.postgresql.Driver
java_class_path (initial): C:\Program Files\JetBrains\IntelliJ IDEA 2023.1.2\lib\util_rt.jar;C:\Program Files\JetBrains\IntelliJ IDEA 2023.1.2\lib\util-8.jar;C:\Program Files\JetBrains\IntelliJ IDEA 2023.1.2\lib\groovy.jar;C:\Program Files\JetBrains\IntelliJ IDEA 2023.1.2\plugins\DatabaseTools\lib\jdbc-console.jar;C:\Program Files\JetBrains\IntelliJ IDEA 2023.1.2\plugins\grid-core-impl\lib\jdbc-console-types.jar;C:\Program Files\JetBrains\IntelliJ IDEA 2023.1.2\lib\util.jar;C:\Users\ASUS\AppData\Roaming\JetBrains\IntelliJIdea2023.1\jdbc-drivers\PostgreSQL\42.6.0\org\postgresql\postgresql\42.6.0\postgresql-42.6.0.jar;C:\Users\ASUS\AppData\Roaming\JetBrains\IntelliJIdea2023.1\jdbc-drivers\PostgreSQL\42.6.0\org\checkerframework\checker-qual\3.31.0\checker-qual-3.31.0.jar;C:\Users\ASUS\AppData\Roaming\JetBrains\IntelliJIdea2023.1\jdbc-drivers\PostgreSQL\42.6.0\com\github\waffle\waffle-jna\1.9.1\waffle-jna-1.9.1.jar;C:\Users\ASUS\AppData\Roaming\JetBrains\IntelliJIdea2023.1\jdbc-drivers\PostgreSQL\42.6.0\net\java\dev\jna\jna\4.5.1\jna-4.5.1.jar;C:\Users\ASUS\AppData\Roaming\JetBrains\IntelliJIdea2023.1\jdbc-drivers\PostgreSQL\42.6.0\net\java\dev\jna\jna-platform\4.5.1\jna-platform-4.5.1.jar;C:\Users\ASUS\AppData\Roaming\JetBrains\IntelliJIdea2023.1\jdbc-drivers\PostgreSQL\42.6.0\org\slf4j\jcl-over-slf4j\1.7.25\jcl-over-slf4j-1.7.25.jar;C:\Users\ASUS\AppData\Roaming\JetBrains\IntelliJIdea2023.1\jdbc-drivers\PostgreSQL\42.6.0\org\slf4j\slf4j-api\1.7.25\slf4j-api-1.7.25.jar;C:\Users\ASUS\AppData\Roaming\JetBrains\IntelliJIdea2023.1\jdbc-drivers\PostgreSQL\42.6.0\com\github\ben-manes\caffeine\caffeine\2.6.2\caffeine-2.6.2.jar
Launcher Type: SUN_STANDARD

[Global flags]
     intx CICompilerCount                          = 4                                         {product} {ergonomic}
     uint ConcGCThreads                            = 3                                         {product} {ergonomic}
     uint G1ConcRefinementThreads                  = 10                                        {product} {ergonomic}
   size_t G1HeapRegionSize                         = 1048576                                   {product} {ergonomic}
    uintx GCDrainStackTargetSize                   = 64                                        {product} {ergonomic}
   size_t InitialHeapSize                          = 134217728                                 {product} {command line}
   size_t MarkStackSize                            = 4194304                                   {product} {ergonomic}
   size_t MaxHeapSize                              = 786432000                                 {product} {command line}
   size_t MaxNewSize                               = 471859200                                 {product} {ergonomic}
   size_t MinHeapDeltaBytes                        = 1048576                                   {product} {ergonomic}
   size_t MinHeapSize                              = 134217728                                 {product} {command line}
    uintx NonNMethodCodeHeapSize                   = 5839372                                {pd product} {ergonomic}
    uintx NonProfiledCodeHeapSize                  = 122909434                              {pd product} {ergonomic}
    uintx ProfiledCodeHeapSize                     = 122909434                              {pd product} {ergonomic}
    uintx ReservedCodeCacheSize                    = 251658240                              {pd product} {ergonomic}
     bool SegmentedCodeCache                       = true                                      {product} {ergonomic}
   size_t SoftMaxHeapSize                          = 786432000                              {manageable} {ergonomic}
     bool UseCompressedClassPointers               = true                           {product lp64_product} {ergonomic}
     bool UseCompressedOops                        = true                           {product lp64_product} {ergonomic}
     bool UseG1GC                                  = true                                      {product} {ergonomic}
     bool UseLargePagesIndividualAllocation        = false                                  {pd product} {ergonomic}

Logging:
Log output configuration:
 #0: stdout all=warning uptime,level,tags
 #1: stderr all=off uptime,level,tags

Environment Variables:
PATH=C:\WINDOWS\system32;C:\WINDOWS;C:\WINDOWS\System32\Wbem;C:\WINDOWS\System32\WindowsPowerShell\v1.0\;C:\WINDOWS\System32\OpenSSH\;C:\ProgramData\chocolatey\bin;D:\New Folder\;C:\Program Files\Git\cmd;C:\Users\ASUS\AppData\Local\Microsoft\WindowsApps;C:\Users\ASUS\AppData\Roaming\npm;C:\Users\ASUS\AppData\Local\Programs\Microsoft VS Code\bin;C:\Program Files\JetBrains\IntelliJ IDEA 2023.1.2\bin;;C:\Users\ASUS\AppData\Local\GitHubDesktop\bin
USERNAME=ASUS
OS=Windows_NT
PROCESSOR_IDENTIFIER=Intel64 Family 6 Model 158 Stepping 10, GenuineIntel
TMP=C:\Users\ASUS\AppData\Local\Temp
TEMP=C:\Users\ASUS\AppData\Local\Temp


JNI global refs:
JNI global refs: 18, weak refs: 0

JNI global refs memory usage: 843, weak refs: 209


---------------  S Y S T E M  ---------------

OS:
 Windows 10 , 64 bit Build 19041 (10.0.19041.3155)
OS uptime: 9 days 21:10 hours

CPU: total 12 (initial active 12) (6 cores per cpu, 2 threads per core) family 6 model 158 stepping 10 microcode 0xca, cx8, cmov, fxsr, ht, mmx, 3dnowpref, sse, sse2, sse3, ssse3, sse4.1, sse4.2, popcnt, lzcnt, tsc, tscinvbit, avx, avx2, aes, erms, clmul, bmi1, bmi2, adx, fma, vzeroupper, clflush, clflushopt

Memory: 4k page, system-wide physical 8039M (864M free)
TotalPageFile size 10087M (AvailPageFile size 5M)
current process WorkingSet (physical memory assigned to process): 81M, peak: 81M
current process commit charge ("private bytes"): 239M, peak: 239M

vm_info: OpenJDK 64-Bit Server VM (17.0.6+10-b829.9) for windows-amd64 JRE (17.0.6+10-b829.9), built on 2023-04-09 by "builduser" with MS VC++ 16.10 / 16.11 (VS2019)

END.
