#
# There is insufficient memory for the Java Runtime Environment to continue.
# Native memory allocation (mmap) failed to map 65536 bytes for Failed to commit metaspace.
# Possible reasons:
#   The system is out of physical RAM or swap space
#   The process is running with CompressedOops enabled, and the Java Heap may be blocking the growth of the native heap
# Possible solutions:
#   Reduce memory load on the system
#   Increase physical memory or swap space
#   Check if swap backing store is full
#   Decrease Java heap size (-Xmx/-Xms)
#   Decrease number of Java threads
#   Decrease Java thread stack sizes (-Xss)
#   Set larger code cache with -XX:ReservedCodeCacheSize=
#   JVM is running with Unscaled Compressed Oops mode in which the Java heap is
#     placed in the first 4GB address space. The Java Heap base address is the
#     maximum limit for the native heap growth. Please use -XX:HeapBaseMinAddress
#     to set the Java Heap base and to place the Java Heap above 4GB virtual address.
# This output file may be truncated or incomplete.
#
#  Out of Memory Error (virtualSpaceNode.cpp:110), pid=3232, tid=14932
#
# JRE version: OpenJDK Runtime Environment JBR-17.0.6+10-829.9-jcef (17.0.6+10) (build 17.0.6+10-b829.9)
# Java VM: OpenJDK 64-Bit Server VM JBR-17.0.6+10-829.9-jcef (17.0.6+10-b829.9, mixed mode, tiered, compressed oops, compressed class ptrs, g1 gc, windows-amd64)
# No core dump will be written. Minidumps are not enabled by default on client versions of Windows
#

---------------  S U M M A R Y ------------

Command Line: -Djava.rmi.server.hostname=127.0.0.1 -Duser.timezone=UTC -Xmx750m -Xms128m --add-exports=java.desktop/sun.awt=ALL-UNNAMED --add-exports=java.desktop/java.awt.peer=ALL-UNNAMED --add-opens=java.desktop/java.awt=ALL-UNNAMED --add-opens=jdk.unsupported/sun.misc=ALL-UNNAMED --add-opens=java.base/java.nio=ALL-UNNAMED --add-opens=java.base/java.util=ALL-UNNAMED -Dfile.encoding=UTF-8 com.intellij.database.remote.RemoteJdbcServer org.postgresql.Driver

Host: Intel(R) Core(TM) i7-8750H CPU @ 2.20GHz, 12 cores, 7G,  Windows 10 , 64 bit Build 19041 (10.0.19041.3155)
Time: Sat Aug 26 14:10:50 2023 RTZ 2 (s 10 , 64 bit Build 19041 (10.0.19041.3155) elapsed time: 0.681718 seconds (0d 0h 0m 0s)

---------------  T H R E A D  ---------------

Current thread (0x000001f43e98f070):  JavaThread "RMI TCP Connection(3)-127.0.0.1" daemon [_thread_in_vm, id=14932, stack(0x00000088b1f00000,0x00000088b2000000)]

Stack: [0x00000088b1f00000,0x00000088b2000000]
Native frames: (J=compiled Java code, j=interpreted, Vv=VM code, C=native code)
V  [jvm.dll+0x683c5a]
V  [jvm.dll+0x842764]
V  [jvm.dll+0x843f5e]
V  [jvm.dll+0x8445c3]
V  [jvm.dll+0x249b75]
V  [jvm.dll+0x83e7bb]
V  [jvm.dll+0x628006]
V  [jvm.dll+0x62806a]
V  [jvm.dll+0x62a87a]
V  [jvm.dll+0x6289a6]
V  [jvm.dll+0x23f007]
V  [jvm.dll+0x1e9643]
V  [jvm.dll+0x1ee436]
V  [jvm.dll+0x1e3dcc]
V  [jvm.dll+0x547fed]
V  [jvm.dll+0x1f46eb]
V  [jvm.dll+0x7bc78b]
V  [jvm.dll+0x7bdbd2]
V  [jvm.dll+0x7bdf08]
V  [jvm.dll+0x24190e]
V  [jvm.dll+0x38437e]
C  0x000001f43161b5bb

Java frames: (J=compiled Java code, j=interpreted, Vv=VM code)
j  java.util.stream.ForEachOps.makeRef(Ljava/util/function/Consumer;Z)Ljava/util/stream/TerminalOp;+5 java.base@17.0.6
j  java.util.stream.ReferencePipeline.forEach(Ljava/util/function/Consumer;)V+3 java.base@17.0.6
j  java.lang.SecurityManager.addNonExportedPackages(Ljava/lang/ModuleLayer;)V+64 java.base@17.0.6
j  java.lang.SecurityManager.<clinit>()V+47 java.base@17.0.6
v  ~StubRoutines::call_stub
j  java.lang.Class.forName0(Ljava/lang/String;ZLjava/lang/ClassLoader;Ljava/lang/Class;)Ljava/lang/Class;+0 java.base@17.0.6
j  java.lang.Class.forName(Ljava/lang/String;)Ljava/lang/Class;+11 java.base@17.0.6
j  org.postgresql.jdbc.PgConnection.<clinit>()V+50
v  ~StubRoutines::call_stub
j  org.postgresql.Driver.makeConnection(Ljava/lang/String;Ljava/util/Properties;)Ljava/sql/Connection;+0
j  org.postgresql.Driver.connect(Ljava/lang/String;Ljava/util/Properties;)Ljava/sql/Connection;+243
j  com.intellij.database.remote.jdbc.helpers.JdbcHelperImpl.connect(Ljava/sql/Driver;Ljava/lang/String;Ljava/util/Properties;Ljava/util/Map;)Ljava/sql/Connection;+279
j  com.intellij.database.remote.jdbc.impl.RemoteDriverImpl.connect(Ljava/lang/String;Ljava/util/Properties;Ljava/util/Map;)Lcom/intellij/database/remote/jdbc/RemoteConnection;+53
v  ~StubRoutines::call_stub
j  jdk.internal.reflect.NativeMethodAccessorImpl.invoke0(Ljava/lang/reflect/Method;Ljava/lang/Object;[Ljava/lang/Object;)Ljava/lang/Object;+0 java.base@17.0.6
j  jdk.internal.reflect.NativeMethodAccessorImpl.invoke(Ljava/lang/Object;[Ljava/lang/Object;)Ljava/lang/Object;+133 java.base@17.0.6
j  jdk.internal.reflect.DelegatingMethodAccessorImpl.invoke(Ljava/lang/Object;[Ljava/lang/Object;)Ljava/lang/Object;+6 java.base@17.0.6
j  java.lang.reflect.Method.invoke(Ljava/lang/Object;[Ljava/lang/Object;)Ljava/lang/Object;+59 java.base@17.0.6
j  sun.rmi.server.UnicastServerRef.dispatch(Ljava/rmi/Remote;Ljava/rmi/server/RemoteCall;)V+264 java.rmi@17.0.6
j  sun.rmi.transport.Transport$1.run()Ljava/lang/Void;+23 java.rmi@17.0.6
j  sun.rmi.transport.Transport$1.run()Ljava/lang/Object;+1 java.rmi@17.0.6
j  java.security.AccessController.executePrivileged(Ljava/security/PrivilegedExceptionAction;Ljava/security/AccessControlContext;Ljava/lang/Class;)Ljava/lang/Object;+29 java.base@17.0.6
j  java.security.AccessController.doPrivileged(Ljava/security/PrivilegedExceptionAction;Ljava/security/AccessControlContext;)Ljava/lang/Object;+13 java.base@17.0.6
j  sun.rmi.transport.Transport.serviceCall(Ljava/rmi/server/RemoteCall;)Z+157 java.rmi@17.0.6
j  sun.rmi.transport.tcp.TCPTransport.handleMessages(Lsun/rmi/transport/Connection;Z)V+145 java.rmi@17.0.6
j  sun.rmi.transport.tcp.TCPTransport$ConnectionHandler.run0()V+522 java.rmi@17.0.6
j  sun.rmi.transport.tcp.TCPTransport$ConnectionHandler.lambda$run$0()Ljava/lang/Void;+1 java.rmi@17.0.6
j  sun.rmi.transport.tcp.TCPTransport$ConnectionHandler$$Lambda$65+0x000000010014b2c8.run()Ljava/lang/Object;+4 java.rmi@17.0.6
j  java.security.AccessController.executePrivileged(Ljava/security/PrivilegedAction;Ljava/security/AccessControlContext;Ljava/lang/Class;)Ljava/lang/Object;+29 java.base@17.0.6
j  java.security.AccessController.doPrivileged(Ljava/security/PrivilegedAction;Ljava/security/AccessControlContext;)Ljava/lang/Object;+13 java.base@17.0.6
j  sun.rmi.transport.tcp.TCPTransport$ConnectionHandler.run()V+37 java.rmi@17.0.6
j  java.util.concurrent.ThreadPoolExecutor.runWorker(Ljava/util/concurrent/ThreadPoolExecutor$Worker;)V+92 java.base@17.0.6
j  java.util.concurrent.ThreadPoolExecutor$Worker.run()V+5 java.base@17.0.6
j  java.lang.Thread.run()V+11 java.base@17.0.6
v  ~StubRoutines::call_stub

---------------  P R O C E S S  ---------------

Threads class SMR info:
_java_thread_list=0x000001f43efff330, length=24, elements={
0x000001f426960820, 0x000001f43de7b090, 0x000001f43de7c090, 0x000001f43deb5a00,
0x000001f43deb64c0, 0x000001f43deb6d80, 0x000001f43e80a680, 0x000001f43e80b880,
0x000001f43e80c180, 0x000001f43e80ea90, 0x000001f43e992090, 0x000001f43e991bc0,
0x000001f43e991220, 0x000001f43e98f540, 0x000001f43e98fa10, 0x000001f43e992a30,
0x000001f43e992560, 0x000001f43e98fee0, 0x000001f43ee346b0, 0x000001f43ee16d80,
0x000001f43e98f070, 0x000001f43e9903b0, 0x000001f43e9916f0, 0x000001f43e990880
}

Java Threads: ( => current thread )
  0x000001f426960820 JavaThread "main" [_thread_blocked, id=14092, stack(0x00000088b0400000,0x00000088b0500000)]
  0x000001f43de7b090 JavaThread "Reference Handler" daemon [_thread_blocked, id=12468, stack(0x00000088b0b00000,0x00000088b0c00000)]
  0x000001f43de7c090 JavaThread "Finalizer" daemon [_thread_blocked, id=1888, stack(0x00000088b0c00000,0x00000088b0d00000)]
  0x000001f43deb5a00 JavaThread "Signal Dispatcher" daemon [_thread_blocked, id=6080, stack(0x00000088b0d00000,0x00000088b0e00000)]
  0x000001f43deb64c0 JavaThread "Attach Listener" daemon [_thread_blocked, id=12624, stack(0x00000088b0e00000,0x00000088b0f00000)]
  0x000001f43deb6d80 JavaThread "Service Thread" daemon [_thread_blocked, id=11920, stack(0x00000088b0f00000,0x00000088b1000000)]
  0x000001f43e80a680 JavaThread "Monitor Deflation Thread" daemon [_thread_blocked, id=10024, stack(0x00000088b1000000,0x00000088b1100000)]
  0x000001f43e80b880 JavaThread "C2 CompilerThread0" daemon [_thread_blocked, id=8524, stack(0x00000088b1100000,0x00000088b1200000)]
  0x000001f43e80c180 JavaThread "C1 CompilerThread0" daemon [_thread_blocked, id=9792, stack(0x00000088b1200000,0x00000088b1300000)]
  0x000001f43e80ea90 JavaThread "Sweeper thread" daemon [_thread_blocked, id=13084, stack(0x00000088b1300000,0x00000088b1400000)]
  0x000001f43e992090 JavaThread "Common-Cleaner" daemon [_thread_blocked, id=13632, stack(0x00000088b1400000,0x00000088b1500000)]
  0x000001f43e991bc0 JavaThread "Notification Thread" daemon [_thread_blocked, id=8732, stack(0x00000088b1500000,0x00000088b1600000)]
  0x000001f43e991220 JavaThread "RMI TCP Accept-21837" daemon [_thread_in_native, id=6164, stack(0x00000088b1700000,0x00000088b1800000)]
  0x000001f43e98f540 JavaThread "RMI TCP Accept-0" daemon [_thread_in_native, id=8864, stack(0x00000088b1800000,0x00000088b1900000)]
  0x000001f43e98fa10 JavaThread "RMI Reaper" [_thread_blocked, id=9552, stack(0x00000088b1900000,0x00000088b1a00000)]
  0x000001f43e992a30 JavaThread "RMI GC Daemon" daemon [_thread_blocked, id=15020, stack(0x00000088b1a00000,0x00000088b1b00000)]
  0x000001f43e992560 JavaThread "RMI TCP Connection(1)-127.0.0.1" daemon [_thread_in_native, id=2620, stack(0x00000088b1b00000,0x00000088b1c00000)]
  0x000001f43e98fee0 JavaThread "RMI TCP Connection(2)-127.0.0.1" daemon [_thread_in_native, id=12488, stack(0x00000088b1c00000,0x00000088b1d00000)]
  0x000001f43ee346b0 JavaThread "C2 CompilerThread1" daemon [_thread_in_native, id=9364, stack(0x00000088b1d00000,0x00000088b1e00000)]
  0x000001f43ee16d80 JavaThread "C2 CompilerThread2" daemon [_thread_blocked, id=8796, stack(0x00000088b1e00000,0x00000088b1f00000)]
=>0x000001f43e98f070 JavaThread "RMI TCP Connection(3)-127.0.0.1" daemon [_thread_in_vm, id=14932, stack(0x00000088b1f00000,0x00000088b2000000)]
  0x000001f43e9903b0 JavaThread "RMI TCP Connection(4)-127.0.0.1" daemon [_thread_in_native, id=7336, stack(0x00000088b2000000,0x00000088b2100000)]
  0x000001f43e9916f0 JavaThread "RMI Scheduler(0)" daemon [_thread_blocked, id=15184, stack(0x00000088b2100000,0x00000088b2200000)]
  0x000001f43e990880 JavaThread "RMI RenewClean-[127.0.0.1:62215]" daemon [_thread_blocked, id=10612, stack(0x00000088b2200000,0x00000088b2300000)]

Other Threads:
  0x000001f43de77df0 VMThread "VM Thread" [stack: 0x00000088b0a00000,0x00000088b0b00000] [id=15460]
  0x000001f43e993c60 WatcherThread [stack: 0x00000088b1600000,0x00000088b1700000] [id=14440]
  0x000001f4269926a0 GCTaskThread "GC Thread#0" [stack: 0x00000088b0500000,0x00000088b0600000] [id=7876]
  0x000001f4269992b0 ConcurrentGCThread "G1 Main Marker" [stack: 0x00000088b0600000,0x00000088b0700000] [id=8812]
  0x000001f426999bd0 ConcurrentGCThread "G1 Conc#0" [stack: 0x00000088b0700000,0x00000088b0800000] [id=4756]
  0x000001f426a1fc40 ConcurrentGCThread "G1 Refine#0" [stack: 0x00000088b0800000,0x00000088b0900000] [id=9612]
  0x000001f43dce16f0 ConcurrentGCThread "G1 Service" [stack: 0x00000088b0900000,0x00000088b0a00000] [id=6232]

Threads with active compile tasks:
C2 CompilerThread1      692  879       4       jdk.internal.org.objectweb.asm.Frame::execute (2305 bytes)

VM state: not at safepoint (normal execution)

VM Mutex/Monitor currently owned by a thread:  ([mutex/lock_event])
[0x000001f426958db0] Metaspace_lock - owner thread: 0x000001f43e98f070

Heap address: 0x00000000d1200000, size: 750 MB, Compressed Oops mode: 32-bit

CDS archive(s) not mapped
Compressed class space mapped at: 0x0000000100000000-0x0000000140000000, reserved size: 1073741824
Narrow klass base: 0x0000000000000000, Narrow klass shift: 3, Narrow klass range: 0x140000000

GC Precious Log:
 CPUs: 12 total, 12 available
 Memory: 8039M
 Large Page Support: Disabled
 NUMA Support: Disabled
 Compressed Oops: Enabled (32-bit)
 Heap Region Size: 1M
 Heap Min Capacity: 128M
 Heap Initial Capacity: 128M
 Heap Max Capacity: 750M
 Pre-touch: Disabled
 Parallel Workers: 10
 Concurrent Workers: 3
 Concurrent Refinement Workers: 10
 Periodic GC: Disabled

Heap:
 garbage-first heap   total 131072K, used 11264K [0x00000000d1200000, 0x0000000100000000)
  region size 1024K, 13 young (13312K), 0 survivors (0K)
 Metaspace       used 13385K, committed 13632K, reserved 1064960K
  class space    used 1389K, committed 1536K, reserved 1048576K

Heap Regions: E=young(eden), S=young(survivor), O=old, HS=humongous(starts), HC=humongous(continues), CS=collection set, F=free, OA=open archive, CA=closed archive, TAMS=top-at-mark-start (previous, next)
|   0|0x00000000d1200000, 0x00000000d1200000, 0x00000000d1300000|  0%| F|  |TAMS 0x00000000d1200000, 0x00000000d1200000| Untracked 
|   1|0x00000000d1300000, 0x00000000d1300000, 0x00000000d1400000|  0%| F|  |TAMS 0x00000000d1300000, 0x00000000d1300000| Untracked 
|   2|0x00000000d1400000, 0x00000000d1400000, 0x00000000d1500000|  0%| F|  |TAMS 0x00000000d1400000, 0x00000000d1400000| Untracked 
|   3|0x00000000d1500000, 0x00000000d1500000, 0x00000000d1600000|  0%| F|  |TAMS 0x00000000d1500000, 0x00000000d1500000| Untracked 
|   4|0x00000000d1600000, 0x00000000d1600000, 0x00000000d1700000|  0%| F|  |TAMS 0x00000000d1600000, 0x00000000d1600000| Untracked 
|   5|0x00000000d1700000, 0x00000000d1700000, 0x00000000d1800000|  0%| F|  |TAMS 0x00000000d1700000, 0x00000000d1700000| Untracked 
|   6|0x00000000d1800000, 0x00000000d1800000, 0x00000000d1900000|  0%| F|  |TAMS 0x00000000d1800000, 0x00000000d1800000| Untracked 
|   7|0x00000000d1900000, 0x00000000d1900000, 0x00000000d1a00000|  0%| F|  |TAMS 0x00000000d1900000, 0x00000000d1900000| Untracked 
|   8|0x00000000d1a00000, 0x00000000d1a00000, 0x00000000d1b00000|  0%| F|  |TAMS 0x00000000d1a00000, 0x00000000d1a00000| Untracked 
|   9|0x00000000d1b00000, 0x00000000d1b00000, 0x00000000d1c00000|  0%| F|  |TAMS 0x00000000d1b00000, 0x00000000d1b00000| Untracked 
|  10|0x00000000d1c00000, 0x00000000d1c00000, 0x00000000d1d00000|  0%| F|  |TAMS 0x00000000d1c00000, 0x00000000d1c00000| Untracked 
|  11|0x00000000d1d00000, 0x00000000d1d00000, 0x00000000d1e00000|  0%| F|  |TAMS 0x00000000d1d00000, 0x00000000d1d00000| Untracked 
|  12|0x00000000d1e00000, 0x00000000d1e00000, 0x00000000d1f00000|  0%| F|  |TAMS 0x00000000d1e00000, 0x00000000d1e00000| Untracked 
|  13|0x00000000d1f00000, 0x00000000d1f00000, 0x00000000d2000000|  0%| F|  |TAMS 0x00000000d1f00000, 0x00000000d1f00000| Untracked 
|  14|0x00000000d2000000, 0x00000000d2000000, 0x00000000d2100000|  0%| F|  |TAMS 0x00000000d2000000, 0x00000000d2000000| Untracked 
|  15|0x00000000d2100000, 0x00000000d2100000, 0x00000000d2200000|  0%| F|  |TAMS 0x00000000d2100000, 0x00000000d2100000| Untracked 
|  16|0x00000000d2200000, 0x00000000d2200000, 0x00000000d2300000|  0%| F|  |TAMS 0x00000000d2200000, 0x00000000d2200000| Untracked 
|  17|0x00000000d2300000, 0x00000000d2300000, 0x00000000d2400000|  0%| F|  |TAMS 0x00000000d2300000, 0x00000000d2300000| Untracked 
|  18|0x00000000d2400000, 0x00000000d2400000, 0x00000000d2500000|  0%| F|  |TAMS 0x00000000d2400000, 0x00000000d2400000| Untracked 
|  19|0x00000000d2500000, 0x00000000d2500000, 0x00000000d2600000|  0%| F|  |TAMS 0x00000000d2500000, 0x00000000d2500000| Untracked 
|  20|0x00000000d2600000, 0x00000000d2600000, 0x00000000d2700000|  0%| F|  |TAMS 0x00000000d2600000, 0x00000000d2600000| Untracked 
|  21|0x00000000d2700000, 0x00000000d2700000, 0x00000000d2800000|  0%| F|  |TAMS 0x00000000d2700000, 0x00000000d2700000| Untracked 
|  22|0x00000000d2800000, 0x00000000d2800000, 0x00000000d2900000|  0%| F|  |TAMS 0x00000000d2800000, 0x00000000d2800000| Untracked 
|  23|0x00000000d2900000, 0x00000000d2900000, 0x00000000d2a00000|  0%| F|  |TAMS 0x00000000d2900000, 0x00000000d2900000| Untracked 
|  24|0x00000000d2a00000, 0x00000000d2a00000, 0x00000000d2b00000|  0%| F|  |TAMS 0x00000000d2a00000, 0x00000000d2a00000| Untracked 
|  25|0x00000000d2b00000, 0x00000000d2b00000, 0x00000000d2c00000|  0%| F|  |TAMS 0x00000000d2b00000, 0x00000000d2b00000| Untracked 
|  26|0x00000000d2c00000, 0x00000000d2c00000, 0x00000000d2d00000|  0%| F|  |TAMS 0x00000000d2c00000, 0x00000000d2c00000| Untracked 
|  27|0x00000000d2d00000, 0x00000000d2d00000, 0x00000000d2e00000|  0%| F|  |TAMS 0x00000000d2d00000, 0x00000000d2d00000| Untracked 
|  28|0x00000000d2e00000, 0x00000000d2e00000, 0x00000000d2f00000|  0%| F|  |TAMS 0x00000000d2e00000, 0x00000000d2e00000| Untracked 
|  29|0x00000000d2f00000, 0x00000000d2f00000, 0x00000000d3000000|  0%| F|  |TAMS 0x00000000d2f00000, 0x00000000d2f00000| Untracked 
|  30|0x00000000d3000000, 0x00000000d3000000, 0x00000000d3100000|  0%| F|  |TAMS 0x00000000d3000000, 0x00000000d3000000| Untracked 
|  31|0x00000000d3100000, 0x00000000d3100000, 0x00000000d3200000|  0%| F|  |TAMS 0x00000000d3100000, 0x00000000d3100000| Untracked 
|  32|0x00000000d3200000, 0x00000000d3200000, 0x00000000d3300000|  0%| F|  |TAMS 0x00000000d3200000, 0x00000000d3200000| Untracked 
|  33|0x00000000d3300000, 0x00000000d3300000, 0x00000000d3400000|  0%| F|  |TAMS 0x00000000d3300000, 0x00000000d3300000| Untracked 
|  34|0x00000000d3400000, 0x00000000d3400000, 0x00000000d3500000|  0%| F|  |TAMS 0x00000000d3400000, 0x00000000d3400000| Untracked 
|  35|0x00000000d3500000, 0x00000000d3500000, 0x00000000d3600000|  0%| F|  |TAMS 0x00000000d3500000, 0x00000000d3500000| Untracked 
|  36|0x00000000d3600000, 0x00000000d3600000, 0x00000000d3700000|  0%| F|  |TAMS 0x00000000d3600000, 0x00000000d3600000| Untracked 
|  37|0x00000000d3700000, 0x00000000d3700000, 0x00000000d3800000|  0%| F|  |TAMS 0x00000000d3700000, 0x00000000d3700000| Untracked 
|  38|0x00000000d3800000, 0x00000000d3800000, 0x00000000d3900000|  0%| F|  |TAMS 0x00000000d3800000, 0x00000000d3800000| Untracked 
|  39|0x00000000d3900000, 0x00000000d3900000, 0x00000000d3a00000|  0%| F|  |TAMS 0x00000000d3900000, 0x00000000d3900000| Untracked 
|  40|0x00000000d3a00000, 0x00000000d3a00000, 0x00000000d3b00000|  0%| F|  |TAMS 0x00000000d3a00000, 0x00000000d3a00000| Untracked 
|  41|0x00000000d3b00000, 0x00000000d3b00000, 0x00000000d3c00000|  0%| F|  |TAMS 0x00000000d3b00000, 0x00000000d3b00000| Untracked 
|  42|0x00000000d3c00000, 0x00000000d3c00000, 0x00000000d3d00000|  0%| F|  |TAMS 0x00000000d3c00000, 0x00000000d3c00000| Untracked 
|  43|0x00000000d3d00000, 0x00000000d3d00000, 0x00000000d3e00000|  0%| F|  |TAMS 0x00000000d3d00000, 0x00000000d3d00000| Untracked 
|  44|0x00000000d3e00000, 0x00000000d3e00000, 0x00000000d3f00000|  0%| F|  |TAMS 0x00000000d3e00000, 0x00000000d3e00000| Untracked 
|  45|0x00000000d3f00000, 0x00000000d3f00000, 0x00000000d4000000|  0%| F|  |TAMS 0x00000000d3f00000, 0x00000000d3f00000| Untracked 
|  46|0x00000000d4000000, 0x00000000d4000000, 0x00000000d4100000|  0%| F|  |TAMS 0x00000000d4000000, 0x00000000d4000000| Untracked 
|  47|0x00000000d4100000, 0x00000000d4100000, 0x00000000d4200000|  0%| F|  |TAMS 0x00000000d4100000, 0x00000000d4100000| Untracked 
|  48|0x00000000d4200000, 0x00000000d4200000, 0x00000000d4300000|  0%| F|  |TAMS 0x00000000d4200000, 0x00000000d4200000| Untracked 
|  49|0x00000000d4300000, 0x00000000d4300000, 0x00000000d4400000|  0%| F|  |TAMS 0x00000000d4300000, 0x00000000d4300000| Untracked 
|  50|0x00000000d4400000, 0x00000000d4400000, 0x00000000d4500000|  0%| F|  |TAMS 0x00000000d4400000, 0x00000000d4400000| Untracked 
|  51|0x00000000d4500000, 0x00000000d4500000, 0x00000000d4600000|  0%| F|  |TAMS 0x00000000d4500000, 0x00000000d4500000| Untracked 
|  52|0x00000000d4600000, 0x00000000d4600000, 0x00000000d4700000|  0%| F|  |TAMS 0x00000000d4600000, 0x00000000d4600000| Untracked 
|  53|0x00000000d4700000, 0x00000000d4700000, 0x00000000d4800000|  0%| F|  |TAMS 0x00000000d4700000, 0x00000000d4700000| Untracked 
|  54|0x00000000d4800000, 0x00000000d4800000, 0x00000000d4900000|  0%| F|  |TAMS 0x00000000d4800000, 0x00000000d4800000| Untracked 
|  55|0x00000000d4900000, 0x00000000d4900000, 0x00000000d4a00000|  0%| F|  |TAMS 0x00000000d4900000, 0x00000000d4900000| Untracked 
|  56|0x00000000d4a00000, 0x00000000d4a00000, 0x00000000d4b00000|  0%| F|  |TAMS 0x00000000d4a00000, 0x00000000d4a00000| Untracked 
|  57|0x00000000d4b00000, 0x00000000d4b00000, 0x00000000d4c00000|  0%| F|  |TAMS 0x00000000d4b00000, 0x00000000d4b00000| Untracked 
|  58|0x00000000d4c00000, 0x00000000d4c00000, 0x00000000d4d00000|  0%| F|  |TAMS 0x00000000d4c00000, 0x00000000d4c00000| Untracked 
|  59|0x00000000d4d00000, 0x00000000d4d00000, 0x00000000d4e00000|  0%| F|  |TAMS 0x00000000d4d00000, 0x00000000d4d00000| Untracked 
|  60|0x00000000d4e00000, 0x00000000d4e00000, 0x00000000d4f00000|  0%| F|  |TAMS 0x00000000d4e00000, 0x00000000d4e00000| Untracked 
|  61|0x00000000d4f00000, 0x00000000d4f00000, 0x00000000d5000000|  0%| F|  |TAMS 0x00000000d4f00000, 0x00000000d4f00000| Untracked 
|  62|0x00000000d5000000, 0x00000000d5000000, 0x00000000d5100000|  0%| F|  |TAMS 0x00000000d5000000, 0x00000000d5000000| Untracked 
|  63|0x00000000d5100000, 0x00000000d5100000, 0x00000000d5200000|  0%| F|  |TAMS 0x00000000d5100000, 0x00000000d5100000| Untracked 
|  64|0x00000000d5200000, 0x00000000d5200000, 0x00000000d5300000|  0%| F|  |TAMS 0x00000000d5200000, 0x00000000d5200000| Untracked 
|  65|0x00000000d5300000, 0x00000000d5300000, 0x00000000d5400000|  0%| F|  |TAMS 0x00000000d5300000, 0x00000000d5300000| Untracked 
|  66|0x00000000d5400000, 0x00000000d5400000, 0x00000000d5500000|  0%| F|  |TAMS 0x00000000d5400000, 0x00000000d5400000| Untracked 
|  67|0x00000000d5500000, 0x00000000d5500000, 0x00000000d5600000|  0%| F|  |TAMS 0x00000000d5500000, 0x00000000d5500000| Untracked 
|  68|0x00000000d5600000, 0x00000000d5600000, 0x00000000d5700000|  0%| F|  |TAMS 0x00000000d5600000, 0x00000000d5600000| Untracked 
|  69|0x00000000d5700000, 0x00000000d5700000, 0x00000000d5800000|  0%| F|  |TAMS 0x00000000d5700000, 0x00000000d5700000| Untracked 
|  70|0x00000000d5800000, 0x00000000d5800000, 0x00000000d5900000|  0%| F|  |TAMS 0x00000000d5800000, 0x00000000d5800000| Untracked 
|  71|0x00000000d5900000, 0x00000000d5900000, 0x00000000d5a00000|  0%| F|  |TAMS 0x00000000d5900000, 0x00000000d5900000| Untracked 
|  72|0x00000000d5a00000, 0x00000000d5a00000, 0x00000000d5b00000|  0%| F|  |TAMS 0x00000000d5a00000, 0x00000000d5a00000| Untracked 
|  73|0x00000000d5b00000, 0x00000000d5b00000, 0x00000000d5c00000|  0%| F|  |TAMS 0x00000000d5b00000, 0x00000000d5b00000| Untracked 
|  74|0x00000000d5c00000, 0x00000000d5c00000, 0x00000000d5d00000|  0%| F|  |TAMS 0x00000000d5c00000, 0x00000000d5c00000| Untracked 
|  75|0x00000000d5d00000, 0x00000000d5d00000, 0x00000000d5e00000|  0%| F|  |TAMS 0x00000000d5d00000, 0x00000000d5d00000| Untracked 
|  76|0x00000000d5e00000, 0x00000000d5e00000, 0x00000000d5f00000|  0%| F|  |TAMS 0x00000000d5e00000, 0x00000000d5e00000| Untracked 
|  77|0x00000000d5f00000, 0x00000000d5f00000, 0x00000000d6000000|  0%| F|  |TAMS 0x00000000d5f00000, 0x00000000d5f00000| Untracked 
|  78|0x00000000d6000000, 0x00000000d6000000, 0x00000000d6100000|  0%| F|  |TAMS 0x00000000d6000000, 0x00000000d6000000| Untracked 
|  79|0x00000000d6100000, 0x00000000d6100000, 0x00000000d6200000|  0%| F|  |TAMS 0x00000000d6100000, 0x00000000d6100000| Untracked 
|  80|0x00000000d6200000, 0x00000000d6200000, 0x00000000d6300000|  0%| F|  |TAMS 0x00000000d6200000, 0x00000000d6200000| Untracked 
|  81|0x00000000d6300000, 0x00000000d6300000, 0x00000000d6400000|  0%| F|  |TAMS 0x00000000d6300000, 0x00000000d6300000| Untracked 
|  82|0x00000000d6400000, 0x00000000d6400000, 0x00000000d6500000|  0%| F|  |TAMS 0x00000000d6400000, 0x00000000d6400000| Untracked 
|  83|0x00000000d6500000, 0x00000000d6500000, 0x00000000d6600000|  0%| F|  |TAMS 0x00000000d6500000, 0x00000000d6500000| Untracked 
|  84|0x00000000d6600000, 0x00000000d6600000, 0x00000000d6700000|  0%| F|  |TAMS 0x00000000d6600000, 0x00000000d6600000| Untracked 
|  85|0x00000000d6700000, 0x00000000d6700000, 0x00000000d6800000|  0%| F|  |TAMS 0x00000000d6700000, 0x00000000d6700000| Untracked 
|  86|0x00000000d6800000, 0x00000000d6800000, 0x00000000d6900000|  0%| F|  |TAMS 0x00000000d6800000, 0x00000000d6800000| Untracked 
|  87|0x00000000d6900000, 0x00000000d6900000, 0x00000000d6a00000|  0%| F|  |TAMS 0x00000000d6900000, 0x00000000d6900000| Untracked 
|  88|0x00000000d6a00000, 0x00000000d6a00000, 0x00000000d6b00000|  0%| F|  |TAMS 0x00000000d6a00000, 0x00000000d6a00000| Untracked 
|  89|0x00000000d6b00000, 0x00000000d6b00000, 0x00000000d6c00000|  0%| F|  |TAMS 0x00000000d6b00000, 0x00000000d6b00000| Untracked 
|  90|0x00000000d6c00000, 0x00000000d6c00000, 0x00000000d6d00000|  0%| F|  |TAMS 0x00000000d6c00000, 0x00000000d6c00000| Untracked 
|  91|0x00000000d6d00000, 0x00000000d6d00000, 0x00000000d6e00000|  0%| F|  |TAMS 0x00000000d6d00000, 0x00000000d6d00000| Untracked 
|  92|0x00000000d6e00000, 0x00000000d6e00000, 0x00000000d6f00000|  0%| F|  |TAMS 0x00000000d6e00000, 0x00000000d6e00000| Untracked 
|  93|0x00000000d6f00000, 0x00000000d6f00000, 0x00000000d7000000|  0%| F|  |TAMS 0x00000000d6f00000, 0x00000000d6f00000| Untracked 
|  94|0x00000000d7000000, 0x00000000d7000000, 0x00000000d7100000|  0%| F|  |TAMS 0x00000000d7000000, 0x00000000d7000000| Untracked 
|  95|0x00000000d7100000, 0x00000000d7100000, 0x00000000d7200000|  0%| F|  |TAMS 0x00000000d7100000, 0x00000000d7100000| Untracked 
|  96|0x00000000d7200000, 0x00000000d7200000, 0x00000000d7300000|  0%| F|  |TAMS 0x00000000d7200000, 0x00000000d7200000| Untracked 
|  97|0x00000000d7300000, 0x00000000d7300000, 0x00000000d7400000|  0%| F|  |TAMS 0x00000000d7300000, 0x00000000d7300000| Untracked 
|  98|0x00000000d7400000, 0x00000000d7400000, 0x00000000d7500000|  0%| F|  |TAMS 0x00000000d7400000, 0x00000000d7400000| Untracked 
|  99|0x00000000d7500000, 0x00000000d7500000, 0x00000000d7600000|  0%| F|  |TAMS 0x00000000d7500000, 0x00000000d7500000| Untracked 
| 100|0x00000000d7600000, 0x00000000d7600000, 0x00000000d7700000|  0%| F|  |TAMS 0x00000000d7600000, 0x00000000d7600000| Untracked 
| 101|0x00000000d7700000, 0x00000000d7700000, 0x00000000d7800000|  0%| F|  |TAMS 0x00000000d7700000, 0x00000000d7700000| Untracked 
| 102|0x00000000d7800000, 0x00000000d7800000, 0x00000000d7900000|  0%| F|  |TAMS 0x00000000d7800000, 0x00000000d7800000| Untracked 
| 103|0x00000000d7900000, 0x00000000d7900000, 0x00000000d7a00000|  0%| F|  |TAMS 0x00000000d7900000, 0x00000000d7900000| Untracked 
| 104|0x00000000d7a00000, 0x00000000d7a00000, 0x00000000d7b00000|  0%| F|  |TAMS 0x00000000d7a00000, 0x00000000d7a00000| Untracked 
| 105|0x00000000d7b00000, 0x00000000d7b00000, 0x00000000d7c00000|  0%| F|  |TAMS 0x00000000d7b00000, 0x00000000d7b00000| Untracked 
| 106|0x00000000d7c00000, 0x00000000d7c00000, 0x00000000d7d00000|  0%| F|  |TAMS 0x00000000d7c00000, 0x00000000d7c00000| Untracked 
| 107|0x00000000d7d00000, 0x00000000d7d00000, 0x00000000d7e00000|  0%| F|  |TAMS 0x00000000d7d00000, 0x00000000d7d00000| Untracked 
| 108|0x00000000d7e00000, 0x00000000d7e00000, 0x00000000d7f00000|  0%| F|  |TAMS 0x00000000d7e00000, 0x00000000d7e00000| Untracked 
| 109|0x00000000d7f00000, 0x00000000d7f00000, 0x00000000d8000000|  0%| F|  |TAMS 0x00000000d7f00000, 0x00000000d7f00000| Untracked 
| 110|0x00000000d8000000, 0x00000000d8000000, 0x00000000d8100000|  0%| F|  |TAMS 0x00000000d8000000, 0x00000000d8000000| Untracked 
| 111|0x00000000d8100000, 0x00000000d8100000, 0x00000000d8200000|  0%| F|  |TAMS 0x00000000d8100000, 0x00000000d8100000| Untracked 
| 112|0x00000000d8200000, 0x00000000d8200000, 0x00000000d8300000|  0%| F|  |TAMS 0x00000000d8200000, 0x00000000d8200000| Untracked 
| 113|0x00000000d8300000, 0x00000000d8300000, 0x00000000d8400000|  0%| F|  |TAMS 0x00000000d8300000, 0x00000000d8300000| Untracked 
| 114|0x00000000d8400000, 0x00000000d8400000, 0x00000000d8500000|  0%| F|  |TAMS 0x00000000d8400000, 0x00000000d8400000| Untracked 
| 115|0x00000000d8500000, 0x00000000d8600000, 0x00000000d8600000|100%| E|  |TAMS 0x00000000d8500000, 0x00000000d8500000| Complete 
| 116|0x00000000d8600000, 0x00000000d8700000, 0x00000000d8700000|100%| E|CS|TAMS 0x00000000d8600000, 0x00000000d8600000| Complete 
| 117|0x00000000d8700000, 0x00000000d8800000, 0x00000000d8800000|100%| E|CS|TAMS 0x00000000d8700000, 0x00000000d8700000| Complete 
| 118|0x00000000d8800000, 0x00000000d8900000, 0x00000000d8900000|100%| E|CS|TAMS 0x00000000d8800000, 0x00000000d8800000| Complete 
| 119|0x00000000d8900000, 0x00000000d8a00000, 0x00000000d8a00000|100%| E|CS|TAMS 0x00000000d8900000, 0x00000000d8900000| Complete 
| 120|0x00000000d8a00000, 0x00000000d8b00000, 0x00000000d8b00000|100%| E|CS|TAMS 0x00000000d8a00000, 0x00000000d8a00000| Complete 
| 121|0x00000000d8b00000, 0x00000000d8c00000, 0x00000000d8c00000|100%| E|CS|TAMS 0x00000000d8b00000, 0x00000000d8b00000| Complete 
| 122|0x00000000d8c00000, 0x00000000d8d00000, 0x00000000d8d00000|100%| E|CS|TAMS 0x00000000d8c00000, 0x00000000d8c00000| Complete 
| 123|0x00000000d8d00000, 0x00000000d8e00000, 0x00000000d8e00000|100%| E|CS|TAMS 0x00000000d8d00000, 0x00000000d8d00000| Complete 
| 124|0x00000000d8e00000, 0x00000000d8f00000, 0x00000000d8f00000|100%| E|CS|TAMS 0x00000000d8e00000, 0x00000000d8e00000| Complete 
| 125|0x00000000d8f00000, 0x00000000d9000000, 0x00000000d9000000|100%| E|CS|TAMS 0x00000000d8f00000, 0x00000000d8f00000| Complete 
| 126|0x00000000d9000000, 0x00000000d9100000, 0x00000000d9100000|100%| E|  |TAMS 0x00000000d9000000, 0x00000000d9000000| Complete 
| 127|0x00000000d9100000, 0x00000000d9200000, 0x00000000d9200000|100%| E|CS|TAMS 0x00000000d9100000, 0x00000000d9100000| Complete 

Card table byte_map: [0x000001f4397a0000,0x000001f439920000] _byte_map_base: 0x000001f439117000

Marking Bits (Prev, Next): (CMBitMap*) 0x000001f426992bc0, (CMBitMap*) 0x000001f426992c00
 Prev Bits: [0x000001f439aa0000, 0x000001f43a658000)
 Next Bits: [0x000001f43a660000, 0x000001f43b218000)

Polling page: 0x000001f424960000

Metaspace:

Usage:
  Non-class:     11.71 MB used.
      Class:      1.36 MB used.
       Both:     13.07 MB used.

Virtual space:
  Non-class space:       16.00 MB reserved,      11.81 MB ( 74%) committed,  2 nodes.
      Class space:        1.00 GB reserved,       1.50 MB ( <1%) committed,  1 nodes.
             Both:        1.02 GB reserved,      13.31 MB (  1%) committed. 

Chunk freelists:
   Non-Class:  88.00 KB
       Class:  2.55 MB
        Both:  2.63 MB

MaxMetaspaceSize: unlimited
CompressedClassSpaceSize: 1.00 GB
Initial GC threshold: 21.00 MB
Current GC threshold: 21.00 MB
CDS: off
MetaspaceReclaimPolicy: balanced
 - commit_granule_bytes: 65536.
 - commit_granule_words: 8192.
 - virtual_space_node_default_size: 1048576.
 - enlarge_chunks_in_place: 1.
 - new_chunks_are_fully_committed: 0.
 - uncommit_free_chunks: 1.
 - use_allocation_guard: 0.
 - handle_deallocations: 1.


Internal statistics:

num_allocs_failed_limit: 0.
num_arena_births: 266.
num_arena_deaths: 0.
num_vsnodes_births: 3.
num_vsnodes_deaths: 0.
num_space_committed: 213.
num_space_uncommitted: 0.
num_chunks_returned_to_freelist: 0.
num_chunks_taken_from_freelist: 436.
num_chunk_merges: 0.
num_chunk_splits: 247.
num_chunks_enlarged: 92.
num_purges: 0.
num_inconsistent_stats: 0.

CodeHeap 'non-profiled nmethods': size=120000Kb used=291Kb max_used=291Kb free=119708Kb
 bounds [0x000001f431ba0000, 0x000001f431e10000, 0x000001f4390d0000]
CodeHeap 'profiled nmethods': size=120000Kb used=1399Kb max_used=1399Kb free=118600Kb
 bounds [0x000001f42a0d0000, 0x000001f42a340000, 0x000001f431600000]
CodeHeap 'non-nmethods': size=5760Kb used=1154Kb max_used=1180Kb free=4605Kb
 bounds [0x000001f431600000, 0x000001f431870000, 0x000001f431ba0000]
 total_blobs=1345 nmethods=899 adapters=359
 compilation: enabled
              stopped_count=0, restarted_count=0
 full_count=0

Compilation events (20 events):
Event: 0.673 Thread 0x000001f43e80c180 nmethod 888 0x000001f42a228290 code [0x000001f42a228580, 0x000001f42a2296e8]
Event: 0.673 Thread 0x000001f43e80c180  889       3       java.util.LinkedHashMap::get (29 bytes)
Event: 0.673 Thread 0x000001f43e80c180 nmethod 889 0x000001f42a229e90 code [0x000001f42a22a040, 0x000001f42a22a298]
Event: 0.673 Thread 0x000001f43e80c180  890       3       java.io.InputStream::<init> (5 bytes)
Event: 0.673 Thread 0x000001f43e80c180 nmethod 890 0x000001f42a22a390 code [0x000001f42a22a520, 0x000001f42a22a678]
Event: 0.675 Thread 0x000001f43e80c180  891       3       jdk.internal.module.SystemModuleFinders$SystemImage::reader (4 bytes)
Event: 0.675 Thread 0x000001f43e80c180 nmethod 891 0x000001f42a22a710 code [0x000001f42a22a8a0, 0x000001f42a22a998]
Event: 0.675 Thread 0x000001f43e80c180  892       3       jdk.internal.jimage.ImageReader::requireOpen (18 bytes)
Event: 0.675 Thread 0x000001f43e80c180 nmethod 892 0x000001f42a22aa10 code [0x000001f42a22abc0, 0x000001f42a22ade8]
Event: 0.678 Thread 0x000001f43e80c180  894       3       jdk.internal.misc.VM::isSystemDomainLoader (17 bytes)
Event: 0.679 Thread 0x000001f43e80b880  899       4       java.lang.String::substring (58 bytes)
Event: 0.679 Thread 0x000001f43e80c180 nmethod 894 0x000001f42a22af10 code [0x000001f42a22b160, 0x000001f42a22bbf8]
Event: 0.679 Thread 0x000001f43e80c180  897       3       sun.invoke.util.VerifyAccess::isTypeVisible (47 bytes)
Event: 0.679 Thread 0x000001f43e80c180 nmethod 897 0x000001f42a22bf10 code [0x000001f42a22c100, 0x000001f42a22c518]
Event: 0.679 Thread 0x000001f43e80c180  895       3       java.lang.invoke.TypeConvertingMethodAdapter::cast (42 bytes)
Event: 0.679 Thread 0x000001f43e80c180 nmethod 895 0x000001f42a22c710 code [0x000001f42a22c900, 0x000001f42a22cd68]
Event: 0.679 Thread 0x000001f43e80c180  896       3       java.lang.invoke.LambdaForm::editor (5 bytes)
Event: 0.679 Thread 0x000001f43e80c180 nmethod 896 0x000001f42a22cf10 code [0x000001f42a22d0c0, 0x000001f42a22d3e8]
Event: 0.679 Thread 0x000001f43e80c180  900       3       jdk.internal.org.objectweb.asm.MethodWriter::visitFrameEnd (53 bytes)
Event: 0.680 Thread 0x000001f43e80c180 nmethod 900 0x000001f42a22d510 code [0x000001f42a22d6e0, 0x000001f42a22dbc8]

GC Heap History (0 events):
No events

Dll operation events (1 events):
Event: 0.004 Loaded shared library C:\Program Files\JetBrains\IntelliJ IDEA 2023.1.2\jbr\bin\java.dll

Deoptimization events (20 events):
Event: 0.217 Thread 0x000001f426960820 Uncommon trap: trap_request=0xffffff45 fr.pc=0x000001f431ba84e8 relative=0x0000000000000168
Event: 0.217 Thread 0x000001f426960820 Uncommon trap: reason=unstable_if action=reinterpret pc=0x000001f431ba84e8 method=java.util.zip.ZipFile$Source.isMetaName([BII)Z @ 15 c2
Event: 0.217 Thread 0x000001f426960820 DEOPT PACKING pc=0x000001f431ba84e8 sp=0x00000088b04fd990
Event: 0.217 Thread 0x000001f426960820 DEOPT UNPACKING pc=0x000001f4316569a3 sp=0x00000088b04fd938 mode 2
Event: 0.268 Thread 0x000001f426960820 DEOPT PACKING pc=0x000001f42a10e78c sp=0x00000088b04fc540
Event: 0.268 Thread 0x000001f426960820 DEOPT UNPACKING pc=0x000001f431657143 sp=0x00000088b04fb9d0 mode 0
Event: 0.268 Thread 0x000001f426960820 DEOPT PACKING pc=0x000001f42a10e78c sp=0x00000088b04fc540
Event: 0.268 Thread 0x000001f426960820 DEOPT UNPACKING pc=0x000001f431657143 sp=0x00000088b04fb9d0 mode 0
Event: 0.269 Thread 0x000001f426960820 DEOPT PACKING pc=0x000001f42a10e78c sp=0x00000088b04fc540
Event: 0.269 Thread 0x000001f426960820 DEOPT UNPACKING pc=0x000001f431657143 sp=0x00000088b04fb9d0 mode 0
Event: 0.269 Thread 0x000001f426960820 DEOPT PACKING pc=0x000001f42a10e78c sp=0x00000088b04fc540
Event: 0.269 Thread 0x000001f426960820 DEOPT UNPACKING pc=0x000001f431657143 sp=0x00000088b04fb9d0 mode 0
Event: 0.450 Thread 0x000001f426960820 DEOPT PACKING pc=0x000001f42a0e74e7 sp=0x00000088b04fe3c0
Event: 0.450 Thread 0x000001f426960820 DEOPT UNPACKING pc=0x000001f431657143 sp=0x00000088b04fd7e0 mode 0
Event: 0.473 Thread 0x000001f426960820 DEOPT PACKING pc=0x000001f42a0e2fd1 sp=0x00000088b04fcf50
Event: 0.473 Thread 0x000001f426960820 DEOPT UNPACKING pc=0x000001f431657143 sp=0x00000088b04fc3c8 mode 0
Event: 0.583 Thread 0x000001f43e98f070 Uncommon trap: trap_request=0xffffff45 fr.pc=0x000001f431bd6a90 relative=0x00000000000004f0
Event: 0.583 Thread 0x000001f43e98f070 Uncommon trap: reason=unstable_if action=reinterpret pc=0x000001f431bd6a90 method=java.lang.StringLatin1.replace([BCC)Ljava/lang/String; @ 19 c2
Event: 0.583 Thread 0x000001f43e98f070 DEOPT PACKING pc=0x000001f431bd6a90 sp=0x00000088b1ffdb40
Event: 0.583 Thread 0x000001f43e98f070 DEOPT UNPACKING pc=0x000001f4316569a3 sp=0x00000088b1ffdac0 mode 2

Classes unloaded (0 events):
No events

Classes redefined (0 events):
No events

Internal exceptions (20 events):
Event: 0.318 Thread 0x000001f426960820 Exception <a 'java/lang/IncompatibleClassChangeError'{0x00000000d8d27458}: Found class java.lang.Object, but interface was expected> (0x00000000d8d27458) 
thrown [s\src\hotspot\share\interpreter\linkResolver.cpp, line 838]
Event: 0.318 Thread 0x000001f426960820 Exception <a 'java/lang/IncompatibleClassChangeError'{0x00000000d8d28938}: Found class java.lang.Object, but interface was expected> (0x00000000d8d28938) 
thrown [s\src\hotspot\share\interpreter\linkResolver.cpp, line 838]
Event: 0.318 Thread 0x000001f426960820 Exception <a 'java/lang/NoSuchMethodError'{0x00000000d8d2b5c0}: 'void java.lang.invoke.DirectMethodHandle$Holder.invokeStatic(java.lang.Object, java.lang.Object)'> (0x00000000d8d2b5c0) 
thrown [s\src\hotspot\share\interpreter\linkResolver.cpp, line 771]
Event: 0.338 Thread 0x000001f426960820 Exception <a 'java/lang/NoSuchMethodError'{0x00000000d8d6f4a0}: 'java.lang.Object java.lang.invoke.DirectMethodHandle$Holder.invokeStaticInit(java.lang.Object)'> (0x00000000d8d6f4a0) 
thrown [s\src\hotspot\share\interpreter\linkResolver.cpp, line 771]
Event: 0.367 Thread 0x000001f426960820 Exception <a 'java/lang/NoSuchMethodError'{0x00000000d8c44ee0}: 'java.lang.Object java.lang.invoke.DirectMethodHandle$Holder.invokeStaticInit(java.lang.Object, int, int, int, int)'> (0x00000000d8c44ee0) 
thrown [s\src\hotspot\share\interpreter\linkResolver.cpp, line 771]
Event: 0.412 Thread 0x000001f426960820 Exception <a 'java/lang/NoSuchMethodError'{0x00000000d8ca91e8}: 'java.lang.Object java.lang.invoke.DirectMethodHandle$Holder.invokeStaticInit(java.lang.Object, java.lang.Object, int, int, int, int)'> (0x00000000d8ca91e8) 
thrown [s\src\hotspot\share\interpreter\linkResolver.cpp, line 771]
Event: 0.486 Thread 0x000001f426960820 Exception <a 'java/lang/NoSuchMethodError'{0x00000000d8ab56a8}: 'java.lang.Object java.lang.invoke.Invokers$Holder.linkToTargetMethod(java.lang.Object, long, java.lang.Object)'> (0x00000000d8ab56a8) 
thrown [s\src\hotspot\share\interpreter\linkResolver.cpp, line 771]
Event: 0.554 Thread 0x000001f43e9903b0 Exception <a 'java/lang/NoSuchMethodError'{0x00000000d889cc70}: static [B.<clinit>()V> (0x00000000d889cc70) 
thrown [s\src\hotspot\share\prims\jni.cpp, line 1108]
Event: 0.554 Thread 0x000001f43e98f070 Exception <a 'java/lang/NoSuchMethodError'{0x00000000d88244e0}: static [B.<clinit>()V> (0x00000000d88244e0) 
thrown [s\src\hotspot\share\prims\jni.cpp, line 1108]
Event: 0.567 Thread 0x000001f43e98f070 Exception <a 'java/lang/NoSuchMethodError'{0x00000000d8851ec8}: static [Ljava/rmi/server/ObjID;.<clinit>()V> (0x00000000d8851ec8) 
thrown [s\src\hotspot\share\prims\jni.cpp, line 1108]
Event: 0.569 Thread 0x000001f43e990880 Exception <a 'java/lang/InterruptedException'{0x00000000d8700000}> (0x00000000d8700000) 
thrown [s\src\hotspot\share\runtime\objectMonitor.cpp, line 1648]
Event: 0.570 Thread 0x000001f43e98f070 Exception <a 'java/lang/NoSuchMethodError'{0x00000000d88597d8}: 'void java.lang.invoke.DirectMethodHandle$Holder.invokeSpecial(java.lang.Object, java.lang.Object, java.lang.Object)'> (0x00000000d88597d8) 
thrown [s\src\hotspot\share\interpreter\linkResolver.cpp, line 771]
Event: 0.570 Thread 0x000001f43e98f070 Exception <a 'java/lang/NoSuchMethodError'{0x00000000d885cd40}: 'void java.lang.invoke.Invokers$Holder.invoke_MT(java.lang.Object, java.lang.Object, java.lang.Object)'> (0x00000000d885cd40) 
thrown [s\src\hotspot\share\interpreter\linkResolver.cpp, line 771]
Event: 0.570 Thread 0x000001f43e990880 Exception <a 'java/lang/NoSuchMethodError'{0x00000000d87089f8}: 'java.lang.Object java.lang.invoke.DirectMethodHandle$Holder.newInvokeSpecial(java.lang.Object, java.lang.Object, int, java.lang.Object, long)'> (0x00000000d87089f8) 
thrown [s\src\hotspot\share\interpreter\linkResolver.cpp, line 771]
Event: 0.652 Thread 0x000001f43e98f070 Exception <a 'java/lang/NoSuchMethodError'{0x00000000d85556c8}: 'java.lang.Object java.lang.invoke.DirectMethodHandle$Holder.invokeVirtual(java.lang.Object, java.lang.Object, java.lang.Object, java.lang.Object)'> (0x00000000d85556c8) 
thrown [s\src\hotspot\share\interpreter\linkResolver.cpp, line 771]
Event: 0.653 Thread 0x000001f43e98f070 Exception <a 'java/lang/NoSuchMethodError'{0x00000000d855df38}: 'void java.lang.invoke.DirectMethodHandle$Holder.invokeStatic(java.lang.Object, java.lang.Object, java.lang.Object, java.lang.Object)'> (0x00000000d855df38) 
thrown [s\src\hotspot\share\interpreter\linkResolver.cpp, line 771]
Event: 0.677 Thread 0x000001f43e98f070 Exception <a 'java/lang/NoSuchMethodError'{0x00000000d85cf740}: 'int java.lang.invoke.DirectMethodHandle$Holder.invokeStaticInit(java.lang.Object, java.lang.Object, java.lang.Object, java.lang.Object)'> (0x00000000d85cf740) 
thrown [s\src\hotspot\share\interpreter\linkResolver.cpp, line 771]
Event: 0.679 Thread 0x000001f43e98f070 Exception <a 'java/lang/NoSuchMethodError'{0x00000000d85d8c68}: 'java.lang.Object java.lang.invoke.DirectMethodHandle$Holder.invokeInterface(java.lang.Object, java.lang.Object)'> (0x00000000d85d8c68) 
thrown [s\src\hotspot\share\interpreter\linkResolver.cpp, line 771]
Event: 0.679 Thread 0x000001f43e98f070 Exception <a 'java/lang/IncompatibleClassChangeError'{0x00000000d85dc460}: Found class java.lang.Object, but interface was expected> (0x00000000d85dc460) 
thrown [s\src\hotspot\share\interpreter\linkResolver.cpp, line 838]
Event: 0.679 Thread 0x000001f43e98f070 Exception <a 'java/lang/NoSuchMethodError'{0x00000000d85df468}: 'void java.lang.invoke.DirectMethodHandle$Holder.invokeStaticInit(java.lang.Object, java.lang.Object)'> (0x00000000d85df468) 
thrown [s\src\hotspot\share\interpreter\linkResolver.cpp, line 771]

VM Operations (6 events):
Event: 0.198 Executing VM operation: HandshakeAllThreads
Event: 0.198 Executing VM operation: HandshakeAllThreads done
Event: 0.328 Executing VM operation: HandshakeAllThreads
Event: 0.328 Executing VM operation: HandshakeAllThreads done
Event: 0.585 Executing VM operation: HandshakeAllThreads
Event: 0.585 Executing VM operation: HandshakeAllThreads done

Events (20 events):
Event: 0.651 loading class java/util/stream/ReduceOps$CountingSink
Event: 0.651 loading class java/util/stream/ReduceOps$CountingSink done
Event: 0.651 loading class java/util/stream/ReduceOps$CountingSink$OfInt done
Event: 0.651 loading class java/util/stream/IntPipeline$10$1
Event: 0.651 loading class java/util/stream/Sink$ChainedInt
Event: 0.651 loading class java/util/stream/Sink$ChainedInt done
Event: 0.651 loading class java/util/stream/IntPipeline$10$1 done
Event: 0.651 loading class java/io/UnsupportedEncodingException
Event: 0.651 loading class java/io/UnsupportedEncodingException done
Event: 0.651 loading class java/net/URLDecoder
Event: 0.651 loading class java/net/URLDecoder done
Event: 0.651 loading class java/net/URLEncoder
Event: 0.651 loading class java/net/URLEncoder done
Event: 0.651 loading class java/util/BitSet
Event: 0.652 loading class java/util/BitSet done
Event: 0.676 loading class java/util/Spliterators$IteratorSpliterator
Event: 0.676 loading class java/util/Spliterators$IteratorSpliterator done
Event: 0.679 loading class java/util/stream/ForEachOps
Event: 0.680 loading class java/util/stream/ForEachOps done
Event: 0.680 loading class java/util/stream/ForEachOps$ForEachOp$OfRef


Dynamic libraries:
0x00007ff7ffda0000 - 0x00007ff7ffdaa000 	C:\Program Files\JetBrains\IntelliJ IDEA 2023.1.2\jbr\bin\java.exe
0x00007ffc03bf0000 - 0x00007ffc03de8000 	C:\WINDOWS\SYSTEM32\ntdll.dll
0x00007ffc02a20000 - 0x00007ffc02adf000 	C:\WINDOWS\System32\KERNEL32.DLL
0x00007ffc012d0000 - 0x00007ffc015c6000 	C:\WINDOWS\System32\KERNELBASE.dll
0x00007ffc019e0000 - 0x00007ffc01ae0000 	C:\WINDOWS\System32\ucrtbase.dll
0x00007ffbfc610000 - 0x00007ffbfc62b000 	C:\Program Files\JetBrains\IntelliJ IDEA 2023.1.2\jbr\bin\VCRUNTIME140.dll
0x00007ffbf85a0000 - 0x00007ffbf85b7000 	C:\Program Files\JetBrains\IntelliJ IDEA 2023.1.2\jbr\bin\jli.dll
0x00007ffc03570000 - 0x00007ffc0370d000 	C:\WINDOWS\System32\USER32.dll
0x00007ffc017a0000 - 0x00007ffc017c2000 	C:\WINDOWS\System32\win32u.dll
0x00007ffbed5b0000 - 0x00007ffbed84a000 	C:\WINDOWS\WinSxS\amd64_microsoft.windows.common-controls_6595b64144ccf1df_6.0.19041.1110_none_60b5254171f9507e\COMCTL32.dll
0x00007ffc03710000 - 0x00007ffc0373c000 	C:\WINDOWS\System32\GDI32.dll
0x00007ffc02380000 - 0x00007ffc0241e000 	C:\WINDOWS\System32\msvcrt.dll
0x00007ffc01870000 - 0x00007ffc01985000 	C:\WINDOWS\System32\gdi32full.dll
0x00007ffc017d0000 - 0x00007ffc0186d000 	C:\WINDOWS\System32\msvcp_win.dll
0x00007ffc02ae0000 - 0x00007ffc02b10000 	C:\WINDOWS\System32\IMM32.DLL
0x00007ffbfc640000 - 0x00007ffbfc64c000 	C:\Program Files\JetBrains\IntelliJ IDEA 2023.1.2\jbr\bin\vcruntime140_1.dll
0x00007ffbf07f0000 - 0x00007ffbf087d000 	C:\Program Files\JetBrains\IntelliJ IDEA 2023.1.2\jbr\bin\msvcp140.dll
0x00007ffbd16b0000 - 0x00007ffbd231e000 	C:\Program Files\JetBrains\IntelliJ IDEA 2023.1.2\jbr\bin\server\jvm.dll
0x00007ffc01c50000 - 0x00007ffc01cff000 	C:\WINDOWS\System32\ADVAPI32.dll
0x00007ffc02b10000 - 0x00007ffc02bac000 	C:\WINDOWS\System32\sechost.dll
0x00007ffc03740000 - 0x00007ffc03866000 	C:\WINDOWS\System32\RPCRT4.dll
0x00007ffbe9c00000 - 0x00007ffbe9c09000 	C:\WINDOWS\SYSTEM32\WSOCK32.dll
0x00007ffbfe590000 - 0x00007ffbfe5b7000 	C:\WINDOWS\SYSTEM32\WINMM.dll
0x00007ffbfa100000 - 0x00007ffbfa10a000 	C:\WINDOWS\SYSTEM32\VERSION.dll
0x00007ffc039a0000 - 0x00007ffc03a0b000 	C:\WINDOWS\System32\WS2_32.dll
0x00007ffbffb10000 - 0x00007ffbffb22000 	C:\WINDOWS\SYSTEM32\kernel.appcore.dll
0x00007ffbfc670000 - 0x00007ffbfc67a000 	C:\Program Files\JetBrains\IntelliJ IDEA 2023.1.2\jbr\bin\jimage.dll
0x00007ffbff090000 - 0x00007ffbff274000 	C:\WINDOWS\SYSTEM32\DBGHELP.DLL
0x00007ffbe9bb0000 - 0x00007ffbe9be4000 	C:\WINDOWS\SYSTEM32\dbgcore.DLL
0x00007ffc01ae0000 - 0x00007ffc01b62000 	C:\WINDOWS\System32\bcryptPrimitives.dll
0x00007ffbfab70000 - 0x00007ffbfab95000 	C:\Program Files\JetBrains\IntelliJ IDEA 2023.1.2\jbr\bin\java.dll
0x00007ffbfab50000 - 0x00007ffbfab68000 	C:\Program Files\JetBrains\IntelliJ IDEA 2023.1.2\jbr\bin\zip.dll
0x00007ffc02cf0000 - 0x00007ffc03434000 	C:\WINDOWS\System32\SHELL32.dll
0x00007ffbff360000 - 0x00007ffbffaf4000 	C:\WINDOWS\SYSTEM32\windows.storage.dll
0x00007ffc02660000 - 0x00007ffc029b4000 	C:\WINDOWS\System32\combase.dll
0x00007ffc00ca0000 - 0x00007ffc00cce000 	C:\WINDOWS\SYSTEM32\Wldp.dll
0x00007ffc03870000 - 0x00007ffc0391d000 	C:\WINDOWS\System32\SHCORE.dll
0x00007ffc024b0000 - 0x00007ffc02505000 	C:\WINDOWS\System32\shlwapi.dll
0x00007ffc01200000 - 0x00007ffc01225000 	C:\WINDOWS\SYSTEM32\profapi.dll
0x00007ffbf9e90000 - 0x00007ffbf9ea9000 	C:\Program Files\JetBrains\IntelliJ IDEA 2023.1.2\jbr\bin\net.dll
0x00007ffbf71f0000 - 0x00007ffbf72fa000 	C:\WINDOWS\SYSTEM32\WINHTTP.dll
0x00007ffc009a0000 - 0x00007ffc00a0a000 	C:\WINDOWS\system32\mswsock.dll
0x00007ffbf85e0000 - 0x00007ffbf85f6000 	C:\Program Files\JetBrains\IntelliJ IDEA 2023.1.2\jbr\bin\nio.dll
0x00007ffc00690000 - 0x00007ffc006cc000 	C:\WINDOWS\SYSTEM32\IPHLPAPI.DLL
0x00007ffc025f0000 - 0x00007ffc025f8000 	C:\WINDOWS\System32\NSI.dll
0x00007ffbf7d20000 - 0x00007ffbf7d37000 	C:\WINDOWS\SYSTEM32\dhcpcsvc6.DLL
0x00007ffbf8d40000 - 0x00007ffbf8d5d000 	C:\WINDOWS\SYSTEM32\dhcpcsvc.DLL
0x00007ffc006d0000 - 0x00007ffc0079a000 	C:\WINDOWS\SYSTEM32\DNSAPI.dll
0x00007ffc00b90000 - 0x00007ffc00ba8000 	C:\WINDOWS\SYSTEM32\CRYPTSP.dll
0x00007ffc002c0000 - 0x00007ffc002f4000 	C:\WINDOWS\system32\rsaenh.dll
0x00007ffc01b70000 - 0x00007ffc01b97000 	C:\WINDOWS\System32\bcrypt.dll
0x00007ffc01180000 - 0x00007ffc011ae000 	C:\WINDOWS\SYSTEM32\USERENV.dll
0x00007ffc00bb0000 - 0x00007ffc00bbc000 	C:\WINDOWS\SYSTEM32\CRYPTBASE.dll
0x00007ffbfc650000 - 0x00007ffbfc657000 	C:\Program Files\JetBrains\IntelliJ IDEA 2023.1.2\jbr\bin\rmi.dll

dbghelp: loaded successfully - version: 4.0.5 - missing functions: none
symbol engine: initialized successfully - sym options: 0x614 - pdb path: .;C:\Program Files\JetBrains\IntelliJ IDEA 2023.1.2\jbr\bin;C:\WINDOWS\SYSTEM32;C:\WINDOWS\WinSxS\amd64_microsoft.windows.common-controls_6595b64144ccf1df_6.0.19041.1110_none_60b5254171f9507e;C:\Program Files\JetBrains\IntelliJ IDEA 2023.1.2\jbr\bin\server

VM Arguments:
jvm_args: -Djava.rmi.server.hostname=127.0.0.1 -Duser.timezone=UTC -Xmx750m -Xms128m --add-exports=java.desktop/sun.awt=ALL-UNNAMED --add-exports=java.desktop/java.awt.peer=ALL-UNNAMED --add-opens=java.desktop/java.awt=ALL-UNNAMED --add-opens=jdk.unsupported/sun.misc=ALL-UNNAMED --add-opens=java.base/java.nio=ALL-UNNAMED --add-opens=java.base/java.util=ALL-UNNAMED -Dfile.encoding=UTF-8 
java_command: com.intellij.database.remote.RemoteJdbcServer org.postgresql.Driver
java_class_path (initial): C:\Program Files\JetBrains\IntelliJ IDEA 2023.1.2\lib\util_rt.jar;C:\Program Files\JetBrains\IntelliJ IDEA 2023.1.2\lib\util-8.jar;C:\Program Files\JetBrains\IntelliJ IDEA 2023.1.2\lib\groovy.jar;C:\Program Files\JetBrains\IntelliJ IDEA 2023.1.2\plugins\DatabaseTools\lib\jdbc-console.jar;C:\Program Files\JetBrains\IntelliJ IDEA 2023.1.2\plugins\grid-core-impl\lib\jdbc-console-types.jar;C:\Program Files\JetBrains\IntelliJ IDEA 2023.1.2\lib\util.jar;C:\Users\ASUS\AppData\Roaming\JetBrains\IntelliJIdea2023.1\jdbc-drivers\PostgreSQL\42.6.0\org\postgresql\postgresql\42.6.0\postgresql-42.6.0.jar;C:\Users\ASUS\AppData\Roaming\JetBrains\IntelliJIdea2023.1\jdbc-drivers\PostgreSQL\42.6.0\org\checkerframework\checker-qual\3.31.0\checker-qual-3.31.0.jar;C:\Users\ASUS\AppData\Roaming\JetBrains\IntelliJIdea2023.1\jdbc-drivers\PostgreSQL\42.6.0\com\github\waffle\waffle-jna\1.9.1\waffle-jna-1.9.1.jar;C:\Users\ASUS\AppData\Roaming\JetBrains\IntelliJIdea2023.1\jdbc-drivers\PostgreSQL\42.6.0\net\java\dev\jna\jna\4.5.1\jna-4.5.1.jar;C:\Users\ASUS\AppData\Roaming\JetBrains\IntelliJIdea2023.1\jdbc-drivers\PostgreSQL\42.6.0\net\java\dev\jna\jna-platform\4.5.1\jna-platform-4.5.1.jar;C:\Users\ASUS\AppData\Roaming\JetBrains\IntelliJIdea2023.1\jdbc-drivers\PostgreSQL\42.6.0\org\slf4j\jcl-over-slf4j\1.7.25\jcl-over-slf4j-1.7.25.jar;C:\Users\ASUS\AppData\Roaming\JetBrains\IntelliJIdea2023.1\jdbc-drivers\PostgreSQL\42.6.0\org\slf4j\slf4j-api\1.7.25\slf4j-api-1.7.25.jar;C:\Users\ASUS\AppData\Roaming\JetBrains\IntelliJIdea2023.1\jdbc-drivers\PostgreSQL\42.6.0\com\github\ben-manes\caffeine\caffeine\2.6.2\caffeine-2.6.2.jar
Launcher Type: SUN_STANDARD

[Global flags]
     intx CICompilerCount                          = 4                                         {product} {ergonomic}
     uint ConcGCThreads                            = 3                                         {product} {ergonomic}
     uint G1ConcRefinementThreads                  = 10                                        {product} {ergonomic}
   size_t G1HeapRegionSize                         = 1048576                                   {product} {ergonomic}
    uintx GCDrainStackTargetSize                   = 64                                        {product} {ergonomic}
   size_t InitialHeapSize                          = 134217728                                 {product} {command line}
   size_t MarkStackSize                            = 4194304                                   {product} {ergonomic}
   size_t MaxHeapSize                              = 786432000                                 {product} {command line}
   size_t MaxNewSize                               = 471859200                                 {product} {ergonomic}
   size_t MinHeapDeltaBytes                        = 1048576                                   {product} {ergonomic}
   size_t MinHeapSize                              = 134217728                                 {product} {command line}
    uintx NonNMethodCodeHeapSize                   = 5839372                                {pd product} {ergonomic}
    uintx NonProfiledCodeHeapSize                  = 122909434                              {pd product} {ergonomic}
    uintx ProfiledCodeHeapSize                     = 122909434                              {pd product} {ergonomic}
    uintx ReservedCodeCacheSize                    = 251658240                              {pd product} {ergonomic}
     bool SegmentedCodeCache                       = true                                      {product} {ergonomic}
   size_t SoftMaxHeapSize                          = 786432000                              {manageable} {ergonomic}
     bool UseCompressedClassPointers               = true                           {product lp64_product} {ergonomic}
     bool UseCompressedOops                        = true                           {product lp64_product} {ergonomic}
     bool UseG1GC                                  = true                                      {product} {ergonomic}
     bool UseLargePagesIndividualAllocation        = false                                  {pd product} {ergonomic}

Logging:
Log output configuration:
 #0: stdout all=warning uptime,level,tags
 #1: stderr all=off uptime,level,tags

Environment Variables:
PATH=C:\WINDOWS\system32;C:\WINDOWS;C:\WINDOWS\System32\Wbem;C:\WINDOWS\System32\WindowsPowerShell\v1.0\;C:\WINDOWS\System32\OpenSSH\;C:\ProgramData\chocolatey\bin;D:\New Folder\;C:\Program Files\Git\cmd;C:\Users\ASUS\AppData\Local\Microsoft\WindowsApps;C:\Users\ASUS\AppData\Roaming\npm;C:\Users\ASUS\AppData\Local\Programs\Microsoft VS Code\bin;C:\Program Files\JetBrains\IntelliJ IDEA 2023.1.2\bin;;C:\Users\ASUS\AppData\Local\GitHubDesktop\bin
USERNAME=ASUS
OS=Windows_NT
PROCESSOR_IDENTIFIER=Intel64 Family 6 Model 158 Stepping 10, GenuineIntel
TMP=C:\Users\ASUS\AppData\Local\Temp
TEMP=C:\Users\ASUS\AppData\Local\Temp


JNI global refs:
JNI global refs: 18, weak refs: 0

JNI global refs memory usage: 843, weak refs: 841


---------------  S Y S T E M  ---------------

OS:
 Windows 10 , 64 bit Build 19041 (10.0.19041.3155)
OS uptime: 9 days 21:11 hours

CPU: total 12 (initial active 12) (6 cores per cpu, 2 threads per core) family 6 model 158 stepping 10 microcode 0xca, cx8, cmov, fxsr, ht, mmx, 3dnowpref, sse, sse2, sse3, ssse3, sse4.1, sse4.2, popcnt, lzcnt, tsc, tscinvbit, avx, avx2, aes, erms, clmul, bmi1, bmi2, adx, fma, vzeroupper, clflush, clflushopt

Memory: 4k page, system-wide physical 8039M (852M free)
TotalPageFile size 10087M (AvailPageFile size 3M)
current process WorkingSet (physical memory assigned to process): 65M, peak: 65M
current process commit charge ("private bytes"): 226M, peak: 227M

vm_info: OpenJDK 64-Bit Server VM (17.0.6+10-b829.9) for windows-amd64 JRE (17.0.6+10-b829.9), built on 2023-04-09 by "builduser" with MS VC++ 16.10 / 16.11 (VS2019)

END.
