#
# There is insufficient memory for the Java Runtime Environment to continue.
# Native memory allocation (mmap) failed to map 42991616 bytes for G1 virtual space
# Possible reasons:
#   The system is out of physical RAM or swap space
#   The process is running with CompressedOops enabled, and the Java Heap may be blocking the growth of the native heap
# Possible solutions:
#   Reduce memory load on the system
#   Increase physical memory or swap space
#   Check if swap backing store is full
#   Decrease Java heap size (-Xmx/-Xms)
#   Decrease number of Java threads
#   Decrease Java thread stack sizes (-Xss)
#   Set larger code cache with -XX:ReservedCodeCacheSize=
#   JVM is running with Unscaled Compressed Oops mode in which the Java heap is
#     placed in the first 4GB address space. The Java Heap base address is the
#     maximum limit for the native heap growth. Please use -XX:HeapBaseMinAddress
#     to set the Java Heap base and to place the Java Heap above 4GB virtual address.
# This output file may be truncated or incomplete.
#
#  Out of Memory Error (os_windows.cpp:3559), pid=9100, tid=3632
#
# JRE version: OpenJDK Runtime Environment Corretto-17.0.7.7.1 (17.0.7+7) (build 17.0.7+7-LTS)
# Java VM: OpenJDK 64-Bit Server VM Corretto-17.0.7.7.1 (17.0.7+7-LTS, mixed mode, emulated-client, sharing, tiered, compressed oops, compressed class ptrs, g1 gc, windows-amd64)
# No core dump will be written. Minidumps are not enabled by default on client versions of Windows
#

---------------  S U M M A R Y ------------

Command Line: -XX:TieredStopAtLevel=1 -Dspring.output.ansi.enabled=always -Dcom.sun.management.jmxremote -Dspring.jmx.enabled=true -Dspring.liveBeansView.mbeanDomain -Dspring.application.admin.enabled=true -Dmanagement.endpoints.jmx.exposure.include=* -javaagent:C:\Program Files\JetBrains\IntelliJ IDEA 2023.1.2\lib\idea_rt.jar=65229:C:\Program Files\JetBrains\IntelliJ IDEA 2023.1.2\bin -Dfile.encoding=UTF-8 com.example.projectcinemaspringboot.ProjectCinemaSpringBootApplication

Host: Intel(R) Core(TM) i7-8750H CPU @ 2.20GHz, 12 cores, 7G,  Windows 10 , 64 bit Build 19041 (10.0.19041.3155)
Time: Fri Aug 25 14:27:40 2023 RTZ 2 (s 10 , 64 bit Build 19041 (10.0.19041.3155) elapsed time: 5.328913 seconds (0d 0h 0m 5s)

---------------  T H R E A D  ---------------

Current thread (0x00000234a13167d0):  VMThread "VM Thread" [stack: 0x0000007915200000,0x0000007915300000] [id=3632]

Stack: [0x0000007915200000,0x0000007915300000]
Native frames: (J=compiled Java code, j=interpreted, Vv=VM code, C=native code)
V  [jvm.dll+0x64b53a]
V  [jvm.dll+0x7fef54]
V  [jvm.dll+0x80070e]
V  [jvm.dll+0x800d63]
V  [jvm.dll+0x236a2b]
V  [jvm.dll+0x64843a]
V  [jvm.dll+0x63ce8a]
V  [jvm.dll+0x2f5629]
V  [jvm.dll+0x2fc826]
V  [jvm.dll+0x348eea]
V  [jvm.dll+0x34912f]
V  [jvm.dll+0x2cb9a8]
V  [jvm.dll+0x2c9da7]
V  [jvm.dll+0x2c938c]
V  [jvm.dll+0x319dfc]
V  [jvm.dll+0x80519b]
V  [jvm.dll+0x805e78]
V  [jvm.dll+0x8063a5]
V  [jvm.dll+0x806774]
V  [jvm.dll+0x80683e]
V  [jvm.dll+0x7b237a]
V  [jvm.dll+0x64a3a5]
C  [ucrtbase.dll+0x21bb2]
C  [KERNEL32.DLL+0x17614]
C  [ntdll.dll+0x526b1]

VM_Operation (0x0000007914cf7930): CollectForMetadataAllocation, mode: safepoint, requested by thread 0x000002348ed82080


---------------  P R O C E S S  ---------------

Threads class SMR info:
_java_thread_list=0x00000234a7a63020, length=24, elements={
0x000002348ed82080, 0x00000234a131daa0, 0x00000234a1322fd0, 0x00000234a133aed0,
0x00000234a133b990, 0x00000234a133eb00, 0x00000234a133f7d0, 0x00000234a13408e0,
0x00000234a1347630, 0x00000234a1309290, 0x00000234a153d590, 0x00000234a153f020,
0x00000234a607a400, 0x00000234a607a8d0, 0x00000234a618e210, 0x00000234a652c030,
0x00000234a69110c0, 0x00000234a697a0f0, 0x00000234a6ff7990, 0x00000234a6fd5f20,
0x00000234a6d21070, 0x00000234a6dd2ed0, 0x00000234a6dd5a20, 0x00000234a6dd5550
}

Java Threads: ( => current thread )
  0x000002348ed82080 JavaThread "main" [_thread_blocked, id=11200, stack(0x0000007914c00000,0x0000007914d00000)]
  0x00000234a131daa0 JavaThread "Reference Handler" daemon [_thread_blocked, id=2536, stack(0x0000007915300000,0x0000007915400000)]
  0x00000234a1322fd0 JavaThread "Finalizer" daemon [_thread_blocked, id=2296, stack(0x0000007915400000,0x0000007915500000)]
  0x00000234a133aed0 JavaThread "Signal Dispatcher" daemon [_thread_blocked, id=5640, stack(0x0000007915500000,0x0000007915600000)]
  0x00000234a133b990 JavaThread "Attach Listener" daemon [_thread_blocked, id=15440, stack(0x0000007915600000,0x0000007915700000)]
  0x00000234a133eb00 JavaThread "Service Thread" daemon [_thread_blocked, id=7348, stack(0x0000007915700000,0x0000007915800000)]
  0x00000234a133f7d0 JavaThread "Monitor Deflation Thread" daemon [_thread_blocked, id=11176, stack(0x0000007915800000,0x0000007915900000)]
  0x00000234a13408e0 JavaThread "C1 CompilerThread0" daemon [_thread_blocked, id=10112, stack(0x0000007915900000,0x0000007915a00000)]
  0x00000234a1347630 JavaThread "Sweeper thread" daemon [_thread_blocked, id=6628, stack(0x0000007915a00000,0x0000007915b00000)]
  0x00000234a1309290 JavaThread "Common-Cleaner" daemon [_thread_blocked, id=6328, stack(0x0000007915b00000,0x0000007915c00000)]
  0x00000234a153d590 JavaThread "C1 CompilerThread1" daemon [_thread_blocked, id=5432, stack(0x0000007915c00000,0x0000007915d00000)]
  0x00000234a153f020 JavaThread "C1 CompilerThread2" daemon [_thread_blocked, id=5864, stack(0x0000007915d00000,0x0000007915e00000)]
  0x00000234a607a400 JavaThread "Monitor Ctrl-Break" daemon [_thread_in_native, id=9556, stack(0x0000007915e00000,0x0000007915f00000)]
  0x00000234a607a8d0 JavaThread "Notification Thread" daemon [_thread_blocked, id=5764, stack(0x0000007915f00000,0x0000007916000000)]
  0x00000234a618e210 JavaThread "RMI TCP Accept-0" daemon [_thread_in_native, id=5728, stack(0x0000007916000000,0x0000007916100000)]
  0x00000234a652c030 JavaThread "C1 CompilerThread3" daemon [_thread_blocked, id=2172, stack(0x0000007916200000,0x0000007916300000)]
  0x00000234a69110c0 JavaThread "RMI TCP Connection(1)-192.168.50.58" daemon [_thread_in_native, id=12844, stack(0x0000007916d00000,0x0000007916e00000)]
  0x00000234a697a0f0 JavaThread "RMI Scheduler(0)" daemon [_thread_blocked, id=14352, stack(0x0000007916e00000,0x0000007916f00000)]
  0x00000234a6ff7990 JavaThread "Catalina-utility-1" [_thread_blocked, id=9920, stack(0x0000007917000000,0x0000007917100000)]
  0x00000234a6fd5f20 JavaThread "Catalina-utility-2" [_thread_blocked, id=8556, stack(0x0000007917100000,0x0000007917200000)]
  0x00000234a6d21070 JavaThread "container-0" [_thread_blocked, id=12636, stack(0x0000007917200000,0x0000007917300000)]
  0x00000234a6dd2ed0 JavaThread "PostgreSQL-JDBC-Cleaner" daemon [_thread_blocked, id=4848, stack(0x0000007917400000,0x0000007917500000)]
  0x00000234a6dd5a20 JavaThread "HikariPool-1 housekeeper" daemon [_thread_blocked, id=2524, stack(0x0000007917500000,0x0000007917600000)]
  0x00000234a6dd5550 JavaThread "HikariPool-1 connection adder" daemon [_thread_blocked, id=9628, stack(0x0000007917600000,0x0000007917700000)]

Other Threads:
=>0x00000234a13167d0 VMThread "VM Thread" [stack: 0x0000007915200000,0x0000007915300000] [id=3632]
  0x000002348edf78a0 WatcherThread [stack: 0x0000007916100000,0x0000007916200000] [id=3652]
  0x000002348eddcd90 GCTaskThread "GC Thread#0" [stack: 0x0000007914d00000,0x0000007914e00000] [id=8116]
  0x00000234a655b800 GCTaskThread "GC Thread#1" [stack: 0x0000007916300000,0x0000007916400000] [id=5460]
  0x00000234a655bab0 GCTaskThread "GC Thread#2" [stack: 0x0000007916400000,0x0000007916500000] [id=8452]
  0x00000234a659c2b0 GCTaskThread "GC Thread#3" [stack: 0x0000007916500000,0x0000007916600000] [id=3912]
  0x00000234a659c560 GCTaskThread "GC Thread#4" [stack: 0x0000007916600000,0x0000007916700000] [id=2976]
  0x00000234a659c810 GCTaskThread "GC Thread#5" [stack: 0x0000007916700000,0x0000007916800000] [id=15168]
  0x00000234a659cac0 GCTaskThread "GC Thread#6" [stack: 0x0000007916800000,0x0000007916900000] [id=3988]
  0x00000234a67ee440 GCTaskThread "GC Thread#7" [stack: 0x0000007916a00000,0x0000007916b00000] [id=1552]
  0x00000234a67ca910 GCTaskThread "GC Thread#8" [stack: 0x0000007916b00000,0x0000007916c00000] [id=6888]
  0x00000234a6692f90 GCTaskThread "GC Thread#9" [stack: 0x0000007916c00000,0x0000007916d00000] [id=12532]
  0x000002348edee730 ConcurrentGCThread "G1 Main Marker" [stack: 0x0000007914e00000,0x0000007914f00000] [id=2232]
  0x000002348edef050 ConcurrentGCThread "G1 Conc#0" [stack: 0x0000007914f00000,0x0000007915000000] [id=1420]
  0x00000234a6cadf90 ConcurrentGCThread "G1 Conc#1" [stack: 0x0000007916900000,0x0000007916a00000] [id=412]
  0x00000234a6caefb0 ConcurrentGCThread "G1 Conc#2" [stack: 0x0000007916f00000,0x0000007917000000] [id=15936]
  0x000002348ee4e150 ConcurrentGCThread "G1 Refine#0" [stack: 0x0000007915000000,0x0000007915100000] [id=11388]
  0x000002348ee4ea80 ConcurrentGCThread "G1 Service" [stack: 0x0000007915100000,0x0000007915200000] [id=15380]

Threads with active compile tasks:

VM state: at safepoint (normal execution)

VM Mutex/Monitor currently owned by a thread:  ([mutex/lock_event])
[0x000002348ed7be20] Threads_lock - owner thread: 0x00000234a13167d0
[0x000002348ed7cba0] Heap_lock - owner thread: 0x000002348ed82080

Heap address: 0x0000000082600000, size: 2010 MB, Compressed Oops mode: 32-bit

CDS archive(s) mapped at: [0x0000000800000000-0x0000000800bc0000-0x0000000800bc0000), size 12320768, SharedBaseAddress: 0x0000000800000000, ArchiveRelocationMode: 0.
Compressed class space mapped at: 0x0000000801000000-0x0000000841000000, reserved size: 1073741824
Narrow klass base: 0x0000000800000000, Narrow klass shift: 0, Narrow klass range: 0x100000000

GC Precious Log:
 CPUs: 12 total, 12 available
 Memory: 8039M
 Large Page Support: Disabled
 NUMA Support: Disabled
 Compressed Oops: Enabled (32-bit)
 Heap Region Size: 1M
 Heap Min Capacity: 8M
 Heap Initial Capacity: 126M
 Heap Max Capacity: 2010M
 Pre-touch: Disabled
 Parallel Workers: 10
 Concurrent Workers: 3
 Concurrent Refinement Workers: 10
 Periodic GC: Disabled

Heap:
 garbage-first heap   total 68608K, used 27450K [0x0000000082600000, 0x0000000100000000)
  region size 1024K, 3 young (3072K), 3 survivors (3072K)
 Metaspace       used 59860K, committed 60416K, reserved 1114112K
  class space    used 8848K, committed 9152K, reserved 1048576K

Heap Regions: E=young(eden), S=young(survivor), O=old, HS=humongous(starts), HC=humongous(continues), CS=collection set, F=free, OA=open archive, CA=closed archive, TAMS=top-at-mark-start (previous, next)
|   0|0x0000000082600000, 0x0000000082700000, 0x0000000082700000|100%|HS|  |TAMS 0x0000000082700000, 0x0000000082700000| Complete 
|   1|0x0000000082700000, 0x0000000082800000, 0x0000000082800000|100%| O|  |TAMS 0x0000000082800000, 0x0000000082800000| Untracked 
|   2|0x0000000082800000, 0x0000000082900000, 0x0000000082900000|100%| O|  |TAMS 0x0000000082900000, 0x0000000082900000| Untracked 
|   3|0x0000000082900000, 0x0000000082a00000, 0x0000000082a00000|100%| O|  |TAMS 0x0000000082a00000, 0x0000000082a00000| Untracked 
|   4|0x0000000082a00000, 0x0000000082b00000, 0x0000000082b00000|100%| O|  |TAMS 0x0000000082b00000, 0x0000000082b00000| Untracked 
|   5|0x0000000082b00000, 0x0000000082c00000, 0x0000000082c00000|100%| O|  |TAMS 0x0000000082c00000, 0x0000000082c00000| Untracked 
|   6|0x0000000082c00000, 0x0000000082d00000, 0x0000000082d00000|100%| O|  |TAMS 0x0000000082d00000, 0x0000000082d00000| Untracked 
|   7|0x0000000082d00000, 0x0000000082e00000, 0x0000000082e00000|100%| O|  |TAMS 0x0000000082d00000, 0x0000000082e00000| Untracked 
|   8|0x0000000082e00000, 0x0000000082f00000, 0x0000000082f00000|100%| O|  |TAMS 0x0000000082f00000, 0x0000000082f00000| Untracked 
|   9|0x0000000082f00000, 0x0000000083000000, 0x0000000083000000|100%| O|  |TAMS 0x0000000083000000, 0x0000000083000000| Untracked 
|  10|0x0000000083000000, 0x0000000083100000, 0x0000000083100000|100%| O|  |TAMS 0x0000000083100000, 0x0000000083100000| Untracked 
|  11|0x0000000083100000, 0x0000000083200000, 0x0000000083200000|100%| O|  |TAMS 0x0000000083200000, 0x0000000083200000| Untracked 
|  12|0x0000000083200000, 0x0000000083300000, 0x0000000083300000|100%| O|  |TAMS 0x0000000083300000, 0x0000000083300000| Untracked 
|  13|0x0000000083300000, 0x0000000083400000, 0x0000000083400000|100%| O|  |TAMS 0x0000000083400000, 0x0000000083400000| Untracked 
|  14|0x0000000083400000, 0x0000000083500000, 0x0000000083500000|100%| O|  |TAMS 0x0000000083500000, 0x0000000083500000| Untracked 
|  15|0x0000000083500000, 0x0000000083600000, 0x0000000083600000|100%| O|  |TAMS 0x0000000083500000, 0x0000000083600000| Untracked 
|  16|0x0000000083600000, 0x0000000083700000, 0x0000000083700000|100%| O|  |TAMS 0x0000000083600000, 0x0000000083700000| Untracked 
|  17|0x0000000083700000, 0x0000000083800000, 0x0000000083800000|100%| O|  |TAMS 0x0000000083700000, 0x0000000083800000| Untracked 
|  18|0x0000000083800000, 0x0000000083900000, 0x0000000083900000|100%| O|  |TAMS 0x0000000083800000, 0x0000000083900000| Untracked 
|  19|0x0000000083900000, 0x0000000083a00000, 0x0000000083a00000|100%| O|  |TAMS 0x0000000083900000, 0x0000000083a00000| Untracked 
|  20|0x0000000083a00000, 0x0000000083b00000, 0x0000000083b00000|100%| O|  |TAMS 0x0000000083a00000, 0x0000000083b00000| Untracked 
|  21|0x0000000083b00000, 0x0000000083c00000, 0x0000000083c00000|100%| O|  |TAMS 0x0000000083b00000, 0x0000000083c00000| Untracked 
|  22|0x0000000083c00000, 0x0000000083d00000, 0x0000000083d00000|100%| O|  |TAMS 0x0000000083c00000, 0x0000000083d00000| Untracked 
|  23|0x0000000083d00000, 0x0000000083dcea00, 0x0000000083e00000| 80%| O|  |TAMS 0x0000000083d00000, 0x0000000083dcea00| Untracked 
|  24|0x0000000083e00000, 0x0000000083e00000, 0x0000000083f00000|  0%| F|  |TAMS 0x0000000083e00000, 0x0000000083e00000| Untracked 
|  25|0x0000000083f00000, 0x0000000083f00000, 0x0000000084000000|  0%| F|  |TAMS 0x0000000083f00000, 0x0000000083f00000| Untracked 
|  26|0x0000000084000000, 0x0000000084000000, 0x0000000084100000|  0%| F|  |TAMS 0x0000000084000000, 0x0000000084000000| Untracked 
|  27|0x0000000084100000, 0x0000000084100000, 0x0000000084200000|  0%| F|  |TAMS 0x0000000084100000, 0x0000000084100000| Untracked 
|  28|0x0000000084200000, 0x0000000084200000, 0x0000000084300000|  0%| F|  |TAMS 0x0000000084200000, 0x0000000084200000| Untracked 
|  29|0x0000000084300000, 0x0000000084300000, 0x0000000084400000|  0%| F|  |TAMS 0x0000000084300000, 0x0000000084300000| Untracked 
|  30|0x0000000084400000, 0x0000000084400000, 0x0000000084500000|  0%| F|  |TAMS 0x0000000084400000, 0x0000000084400000| Untracked 
|  31|0x0000000084500000, 0x0000000084500000, 0x0000000084600000|  0%| F|  |TAMS 0x0000000084500000, 0x0000000084500000| Untracked 
|  32|0x0000000084600000, 0x0000000084600000, 0x0000000084700000|  0%| F|  |TAMS 0x0000000084600000, 0x0000000084600000| Untracked 
|  33|0x0000000084700000, 0x0000000084700000, 0x0000000084800000|  0%| F|  |TAMS 0x0000000084700000, 0x0000000084700000| Untracked 
|  34|0x0000000084800000, 0x0000000084800000, 0x0000000084900000|  0%| F|  |TAMS 0x0000000084800000, 0x0000000084800000| Untracked 
|  35|0x0000000084900000, 0x0000000084900000, 0x0000000084a00000|  0%| F|  |TAMS 0x0000000084900000, 0x0000000084900000| Untracked 
|  36|0x0000000084a00000, 0x0000000084a00000, 0x0000000084b00000|  0%| F|  |TAMS 0x0000000084a00000, 0x0000000084a00000| Untracked 
|  37|0x0000000084b00000, 0x0000000084b00000, 0x0000000084c00000|  0%| F|  |TAMS 0x0000000084b00000, 0x0000000084b00000| Untracked 
|  38|0x0000000084c00000, 0x0000000084c00000, 0x0000000084d00000|  0%| F|  |TAMS 0x0000000084c00000, 0x0000000084c00000| Untracked 
|  39|0x0000000084d00000, 0x0000000084d00000, 0x0000000084e00000|  0%| F|  |TAMS 0x0000000084d00000, 0x0000000084d00000| Untracked 
|  40|0x0000000084e00000, 0x0000000084f00000, 0x0000000084f00000|100%| S|CS|TAMS 0x0000000084e00000, 0x0000000084e00000| Complete 
|  41|0x0000000084f00000, 0x0000000085000000, 0x0000000085000000|100%| S|CS|TAMS 0x0000000084f00000, 0x0000000084f00000| Complete 
|  42|0x0000000085000000, 0x0000000085100000, 0x0000000085100000|100%| S|CS|TAMS 0x0000000085000000, 0x0000000085000000| Complete 
|  43|0x0000000085100000, 0x0000000085100000, 0x0000000085200000|  0%| F|  |TAMS 0x0000000085100000, 0x0000000085100000| Untracked 
|  44|0x0000000085200000, 0x0000000085200000, 0x0000000085300000|  0%| F|  |TAMS 0x0000000085200000, 0x0000000085200000| Untracked 
|  45|0x0000000085300000, 0x0000000085300000, 0x0000000085400000|  0%| F|  |TAMS 0x0000000085300000, 0x0000000085300000| Untracked 
|  46|0x0000000085400000, 0x0000000085400000, 0x0000000085500000|  0%| F|  |TAMS 0x0000000085400000, 0x0000000085400000| Untracked 
|  47|0x0000000085500000, 0x0000000085500000, 0x0000000085600000|  0%| F|  |TAMS 0x0000000085500000, 0x0000000085500000| Untracked 
|  48|0x0000000085600000, 0x0000000085600000, 0x0000000085700000|  0%| F|  |TAMS 0x0000000085600000, 0x0000000085600000| Untracked 
|  49|0x0000000085700000, 0x0000000085700000, 0x0000000085800000|  0%| F|  |TAMS 0x0000000085700000, 0x0000000085700000| Untracked 
|  50|0x0000000085800000, 0x0000000085800000, 0x0000000085900000|  0%| F|  |TAMS 0x0000000085800000, 0x0000000085800000| Untracked 
|  51|0x0000000085900000, 0x0000000085900000, 0x0000000085a00000|  0%| F|  |TAMS 0x0000000085900000, 0x0000000085900000| Untracked 
|  52|0x0000000085a00000, 0x0000000085a00000, 0x0000000085b00000|  0%| F|  |TAMS 0x0000000085a00000, 0x0000000085a00000| Untracked 
|  53|0x0000000085b00000, 0x0000000085b00000, 0x0000000085c00000|  0%| F|  |TAMS 0x0000000085b00000, 0x0000000085b00000| Untracked 
|  54|0x0000000085c00000, 0x0000000085c00000, 0x0000000085d00000|  0%| F|  |TAMS 0x0000000085c00000, 0x0000000085c00000| Untracked 
|  55|0x0000000085d00000, 0x0000000085d00000, 0x0000000085e00000|  0%| F|  |TAMS 0x0000000085d00000, 0x0000000085d00000| Untracked 
|  56|0x0000000085e00000, 0x0000000085e00000, 0x0000000085f00000|  0%| F|  |TAMS 0x0000000085e00000, 0x0000000085e00000| Untracked 
|  57|0x0000000085f00000, 0x0000000085f00000, 0x0000000086000000|  0%| F|  |TAMS 0x0000000085f00000, 0x0000000085f00000| Untracked 
|  58|0x0000000086000000, 0x0000000086000000, 0x0000000086100000|  0%| F|  |TAMS 0x0000000086000000, 0x0000000086000000| Untracked 
|  59|0x0000000086100000, 0x0000000086100000, 0x0000000086200000|  0%| F|  |TAMS 0x0000000086100000, 0x0000000086100000| Untracked 
|  60|0x0000000086200000, 0x0000000086200000, 0x0000000086300000|  0%| F|  |TAMS 0x0000000086200000, 0x0000000086200000| Untracked 
|  61|0x0000000086300000, 0x0000000086300000, 0x0000000086400000|  0%| F|  |TAMS 0x0000000086300000, 0x0000000086300000| Untracked 
|  62|0x0000000086400000, 0x0000000086400000, 0x0000000086500000|  0%| F|  |TAMS 0x0000000086400000, 0x0000000086400000| Untracked 
|  63|0x0000000086500000, 0x0000000086500000, 0x0000000086600000|  0%| F|  |TAMS 0x0000000086500000, 0x0000000086500000| Untracked 
|  64|0x0000000086600000, 0x0000000086600000, 0x0000000086700000|  0%| F|  |TAMS 0x0000000086600000, 0x0000000086600000| Untracked 
|  65|0x0000000086700000, 0x0000000086700000, 0x0000000086800000|  0%| F|  |TAMS 0x0000000086700000, 0x0000000086700000| Untracked 
| 125|0x000000008a300000, 0x000000008a300000, 0x000000008a400000|  0%| F|  |TAMS 0x000000008a300000, 0x000000008a300000| Untracked 

Card table byte_map: [0x0000023499fb0000,0x000002349a3a0000] _byte_map_base: 0x0000023499b9d000

Marking Bits (Prev, Next): (CMBitMap*) 0x000002348edde2c0, (CMBitMap*) 0x000002348edde300
 Prev Bits: [0x000002349a790000, 0x000002349c6f8000)
 Next Bits: [0x000002349c700000, 0x000002349e668000)

Polling page: 0x000002348cba0000

Metaspace:

Usage:
  Non-class:     49.82 MB used.
      Class:      8.64 MB used.
       Both:     58.46 MB used.

Virtual space:
  Non-class space:       64.00 MB reserved,      50.06 MB ( 78%) committed,  1 nodes.
      Class space:        1.00 GB reserved,       8.94 MB ( <1%) committed,  1 nodes.
             Both:        1.06 GB reserved,      59.00 MB (  5%) committed. 

Chunk freelists:
   Non-Class:  13.38 MB
       Class:  6.98 MB
        Both:  20.36 MB

MaxMetaspaceSize: unlimited
CompressedClassSpaceSize: 1.00 GB
Initial GC threshold: 21.00 MB
Current GC threshold: 59.00 MB
CDS: on
MetaspaceReclaimPolicy: balanced
 - commit_granule_bytes: 65536.
 - commit_granule_words: 8192.
 - virtual_space_node_default_size: 8388608.
 - enlarge_chunks_in_place: 1.
 - new_chunks_are_fully_committed: 0.
 - uncommit_free_chunks: 1.
 - use_allocation_guard: 0.
 - handle_deallocations: 1.


Internal statistics:

num_allocs_failed_limit: 9.
num_arena_births: 760.
num_arena_deaths: 0.
num_vsnodes_births: 2.
num_vsnodes_deaths: 0.
num_space_committed: 944.
num_space_uncommitted: 0.
num_chunks_returned_to_freelist: 9.
num_chunks_taken_from_freelist: 2966.
num_chunk_merges: 6.
num_chunk_splits: 2131.
num_chunks_enlarged: 1670.
num_inconsistent_stats: 0.

CodeCache: size=49152Kb used=11275Kb max_used=11275Kb free=37876Kb
 bounds [0x0000023496890000, 0x00000234973a0000, 0x0000023499890000]
 total_blobs=6169 nmethods=5527 adapters=566
 compilation: enabled
              stopped_count=0, restarted_count=0
 full_count=0

Compilation events (20 events):
Event: 5.308 Thread 0x00000234a153f020 5518   !   1       jdk.proxy2.$Proxy41::annotationType (29 bytes)
Event: 5.308 Thread 0x00000234a153f020 nmethod 5518 0x0000023497390190 code [0x0000023497390340, 0x0000023497390558]
Event: 5.308 Thread 0x00000234a153f020 5519   !   1       jdk.proxy2.$Proxy53::annotationType (29 bytes)
Event: 5.309 Thread 0x00000234a652c030 5520       1       org.springframework.beans.factory.support.DefaultListableBeanFactory::findAnnotationOnBean (8 bytes)
Event: 5.309 Thread 0x00000234a153f020 nmethod 5519 0x0000023497390690 code [0x0000023497390840, 0x0000023497390a58]
Event: 5.309 Thread 0x00000234a652c030 nmethod 5520 0x0000023497390b90 code [0x0000023497390d20, 0x0000023497390e08]
Event: 5.319 Thread 0x00000234a153f020 5521       1       java.lang.reflect.Field::checkAccess (32 bytes)
Event: 5.320 Thread 0x00000234a153f020 nmethod 5521 0x0000023497390e90 code [0x0000023497391020, 0x0000023497391168]
Event: 5.320 Thread 0x00000234a153f020 5522       1       org.springframework.beans.factory.InjectionPoint::getAnnotations (39 bytes)
Event: 5.320 Thread 0x00000234a652c030 5523       1       org.springframework.aop.framework.autoproxy.ProxyCreationContext::setCurrentProxiedBeanName (21 bytes)
Event: 5.320 Thread 0x00000234a13408e0 5524       1       org.springframework.beans.TypeConverterDelegate::<init> (15 bytes)
Event: 5.320 Thread 0x00000234a13408e0 nmethod 5524 0x0000023497391210 code [0x00000234973913a0, 0x00000234973914f8]
Event: 5.320 Thread 0x00000234a652c030 nmethod 5523 0x0000023497391590 code [0x0000023497391760, 0x0000023497391a08]
Event: 5.320 Thread 0x00000234a153f020 nmethod 5522 0x0000023497391c10 code [0x0000023497391e00, 0x0000023497392128]
Event: 5.321 Thread 0x00000234a153f020 5525       1       org.springframework.beans.factory.support.AbstractAutowireCapableBeanFactory::applyBeanPostProcessorsAfterInitialization (61 bytes)
Event: 5.322 Thread 0x00000234a153f020 nmethod 5525 0x0000023497392310 code [0x00000234973924e0, 0x0000023497392718]
Event: 5.322 Thread 0x00000234a13408e0 5526       1       org.springframework.transaction.interceptor.BeanFactoryTransactionAttributeSourceAdvisor::getPointcut (5 bytes)
Event: 5.322 Thread 0x00000234a652c030 5527       1       org.springframework.aop.support.StaticMethodMatcherPointcut::getClassFilter (5 bytes)
Event: 5.322 Thread 0x00000234a652c030 nmethod 5527 0x0000023497392890 code [0x0000023497392a20, 0x0000023497392af8]
Event: 5.322 Thread 0x00000234a13408e0 nmethod 5526 0x0000023497392b90 code [0x0000023497392d20, 0x0000023497392df8]

GC Heap History (20 events):
Event: 1.959 GC heap after
{Heap after GC invocations=3 (full 0):
 garbage-first heap   total 129024K, used 13512K [0x0000000082600000, 0x0000000100000000)
  region size 1024K, 6 young (6144K), 6 survivors (6144K)
 Metaspace       used 21230K, committed 21504K, reserved 1114112K
  class space    used 2882K, committed 3008K, reserved 1048576K
}
Event: 2.314 GC heap before
{Heap before GC invocations=4 (full 0):
 garbage-first heap   total 51200K, used 38088K [0x0000000082600000, 0x0000000100000000)
  region size 1024K, 30 young (30720K), 6 survivors (6144K)
 Metaspace       used 24787K, committed 25152K, reserved 1114112K
  class space    used 3456K, committed 3648K, reserved 1048576K
}
Event: 2.339 GC heap after
{Heap after GC invocations=5 (full 0):
 garbage-first heap   total 51200K, used 15608K [0x0000000082600000, 0x0000000100000000)
  region size 1024K, 3 young (3072K), 3 survivors (3072K)
 Metaspace       used 24787K, committed 25152K, reserved 1114112K
  class space    used 3456K, committed 3648K, reserved 1048576K
}
Event: 2.365 GC heap before
{Heap before GC invocations=5 (full 0):
 garbage-first heap   total 51200K, used 15608K [0x0000000082600000, 0x0000000100000000)
  region size 1024K, 4 young (4096K), 3 survivors (3072K)
 Metaspace       used 24999K, committed 25344K, reserved 1114112K
  class space    used 3466K, committed 3648K, reserved 1048576K
}
Event: 2.370 GC heap after
{Heap after GC invocations=6 (full 0):
 garbage-first heap   total 51200K, used 15712K [0x0000000082600000, 0x0000000100000000)
  region size 1024K, 1 young (1024K), 1 survivors (1024K)
 Metaspace       used 24999K, committed 25344K, reserved 1114112K
  class space    used 3466K, committed 3648K, reserved 1048576K
}
Event: 2.965 GC heap before
{Heap before GC invocations=6 (full 0):
 garbage-first heap   total 51200K, used 35168K [0x0000000082600000, 0x0000000100000000)
  region size 1024K, 20 young (20480K), 1 survivors (1024K)
 Metaspace       used 28054K, committed 28544K, reserved 1114112K
  class space    used 3911K, committed 4160K, reserved 1048576K
}
Event: 2.979 GC heap after
{Heap after GC invocations=7 (full 0):
 garbage-first heap   total 91136K, used 17291K [0x0000000082600000, 0x0000000100000000)
  region size 1024K, 3 young (3072K), 3 survivors (3072K)
 Metaspace       used 28054K, committed 28544K, reserved 1114112K
  class space    used 3911K, committed 4160K, reserved 1048576K
}
Event: 3.589 GC heap before
{Heap before GC invocations=7 (full 0):
 garbage-first heap   total 91136K, used 49035K [0x0000000082600000, 0x0000000100000000)
  region size 1024K, 36 young (36864K), 3 survivors (3072K)
 Metaspace       used 35560K, committed 35968K, reserved 1114112K
  class space    used 5029K, committed 5248K, reserved 1048576K
}
Event: 3.592 GC heap after
{Heap after GC invocations=8 (full 0):
 garbage-first heap   total 91136K, used 19074K [0x0000000082600000, 0x0000000100000000)
  region size 1024K, 4 young (4096K), 4 survivors (4096K)
 Metaspace       used 35560K, committed 35968K, reserved 1114112K
  class space    used 5029K, committed 5248K, reserved 1048576K
}
Event: 4.124 GC heap before
{Heap before GC invocations=9 (full 0):
 garbage-first heap   total 68608K, used 55938K [0x0000000082600000, 0x0000000100000000)
  region size 1024K, 40 young (40960K), 4 survivors (4096K)
 Metaspace       used 45518K, committed 45952K, reserved 1114112K
  class space    used 6442K, committed 6656K, reserved 1048576K
}
Event: 4.129 GC heap after
{Heap after GC invocations=10 (full 0):
 garbage-first heap   total 68608K, used 21320K [0x0000000082600000, 0x0000000100000000)
  region size 1024K, 5 young (5120K), 5 survivors (5120K)
 Metaspace       used 45518K, committed 45952K, reserved 1114112K
  class space    used 6442K, committed 6656K, reserved 1048576K
}
Event: 4.148 GC heap before
{Heap before GC invocations=10 (full 0):
 garbage-first heap   total 68608K, used 22344K [0x0000000082600000, 0x0000000100000000)
  region size 1024K, 6 young (6144K), 5 survivors (5120K)
 Metaspace       used 45747K, committed 46208K, reserved 1114112K
  class space    used 6503K, committed 6720K, reserved 1048576K
}
Event: 4.151 GC heap after
{Heap after GC invocations=11 (full 0):
 garbage-first heap   total 68608K, used 21745K [0x0000000082600000, 0x0000000100000000)
  region size 1024K, 1 young (1024K), 1 survivors (1024K)
 Metaspace       used 45747K, committed 46208K, reserved 1114112K
  class space    used 6503K, committed 6720K, reserved 1048576K
}
Event: 4.498 GC heap before
{Heap before GC invocations=11 (full 0):
 garbage-first heap   total 68608K, used 51441K [0x0000000082600000, 0x0000000100000000)
  region size 1024K, 30 young (30720K), 1 survivors (1024K)
 Metaspace       used 51114K, committed 51584K, reserved 1114112K
  class space    used 7426K, committed 7616K, reserved 1048576K
}
Event: 4.499 GC heap after
{Heap after GC invocations=12 (full 0):
 garbage-first heap   total 68608K, used 22380K [0x0000000082600000, 0x0000000100000000)
  region size 1024K, 2 young (2048K), 2 survivors (2048K)
 Metaspace       used 51114K, committed 51584K, reserved 1114112K
  class space    used 7426K, committed 7616K, reserved 1048576K
}
Event: 4.984 GC heap before
{Heap before GC invocations=12 (full 0):
 garbage-first heap   total 68608K, used 52076K [0x0000000082600000, 0x0000000100000000)
  region size 1024K, 31 young (31744K), 2 survivors (2048K)
 Metaspace       used 55016K, committed 55616K, reserved 1114112K
  class space    used 7962K, committed 8256K, reserved 1048576K
}
Event: 4.987 GC heap after
{Heap after GC invocations=13 (full 0):
 garbage-first heap   total 68608K, used 24501K [0x0000000082600000, 0x0000000100000000)
  region size 1024K, 4 young (4096K), 4 survivors (4096K)
 Metaspace       used 55016K, committed 55616K, reserved 1114112K
  class space    used 7962K, committed 8256K, reserved 1048576K
}
Event: 5.136 GC heap before
{Heap before GC invocations=13 (full 0):
 garbage-first heap   total 68608K, used 52149K [0x0000000082600000, 0x0000000100000000)
  region size 1024K, 32 young (32768K), 4 survivors (4096K)
 Metaspace       used 56799K, committed 57408K, reserved 1114112K
  class space    used 8281K, committed 8576K, reserved 1048576K
}
Event: 5.140 GC heap after
{Heap after GC invocations=14 (full 0):
 garbage-first heap   total 68608K, used 26113K [0x0000000082600000, 0x0000000100000000)
  region size 1024K, 2 young (2048K), 2 survivors (2048K)
 Metaspace       used 56799K, committed 57408K, reserved 1114112K
  class space    used 8281K, committed 8576K, reserved 1048576K
}
Event: 5.323 GC heap before
{Heap before GC invocations=14 (full 0):
 garbage-first heap   total 68608K, used 49665K [0x0000000082600000, 0x0000000100000000)
  region size 1024K, 26 young (26624K), 2 survivors (2048K)
 Metaspace       used 59860K, committed 60416K, reserved 1114112K
  class space    used 8848K, committed 9152K, reserved 1048576K
}

Dll operation events (13 events):
Event: 0.009 Loaded shared library C:\Users\ASUS\.jdks\corretto-17.0.7\bin\java.dll
Event: 0.017 Loaded shared library C:\Users\ASUS\.jdks\corretto-17.0.7\bin\jsvml.dll
Event: 0.104 Loaded shared library C:\Users\ASUS\.jdks\corretto-17.0.7\bin\zip.dll
Event: 0.108 Loaded shared library C:\Users\ASUS\.jdks\corretto-17.0.7\bin\instrument.dll
Event: 0.115 Loaded shared library C:\Users\ASUS\.jdks\corretto-17.0.7\bin\net.dll
Event: 0.116 Loaded shared library C:\Users\ASUS\.jdks\corretto-17.0.7\bin\nio.dll
Event: 0.118 Loaded shared library C:\Users\ASUS\.jdks\corretto-17.0.7\bin\zip.dll
Event: 0.195 Loaded shared library C:\Program Files\JetBrains\IntelliJ IDEA 2023.1.2\bin\breakgen64.dll
Event: 0.202 Loaded shared library C:\Users\ASUS\.jdks\corretto-17.0.7\bin\jimage.dll
Event: 0.234 Loaded shared library C:\Users\ASUS\.jdks\corretto-17.0.7\bin\management.dll
Event: 0.245 Loaded shared library C:\Users\ASUS\.jdks\corretto-17.0.7\bin\management_ext.dll
Event: 2.832 Loaded shared library C:\Users\ASUS\.jdks\corretto-17.0.7\bin\sunmscapi.dll
Event: 3.377 Loaded shared library C:\Users\ASUS\.jdks\corretto-17.0.7\bin\verify.dll

Deoptimization events (10 events):
Event: 0.992 Thread 0x000002348ed82080 DEOPT PACKING pc=0x0000023496e1f519 sp=0x0000007914cfd260
Event: 0.992 Thread 0x000002348ed82080 DEOPT UNPACKING pc=0x00000234968e7143 sp=0x0000007914cfc740 mode 3
Event: 3.045 Thread 0x000002348ed82080 DEOPT PACKING pc=0x00000234970bd09d sp=0x0000007914cfc3f0
Event: 3.045 Thread 0x000002348ed82080 DEOPT UNPACKING pc=0x00000234968e7143 sp=0x0000007914cfb958 mode 3
Event: 3.102 Thread 0x000002348ed82080 DEOPT PACKING pc=0x0000023496e2eb01 sp=0x0000007914cfe680
Event: 3.102 Thread 0x000002348ed82080 DEOPT UNPACKING pc=0x00000234968e7143 sp=0x0000007914cfdb10 mode 3
Event: 4.811 Thread 0x000002348ed82080 DEOPT PACKING pc=0x0000023496e76aa4 sp=0x0000007914cfc250
Event: 4.811 Thread 0x000002348ed82080 DEOPT UNPACKING pc=0x00000234968e7143 sp=0x0000007914cfb7a8 mode 0
Event: 4.974 Thread 0x000002348ed82080 DEOPT PACKING pc=0x0000023496e3c22a sp=0x0000007914cfd120
Event: 4.974 Thread 0x000002348ed82080 DEOPT UNPACKING pc=0x00000234968e7143 sp=0x0000007914cfc628 mode 3

Classes unloaded (0 events):
No events

Classes redefined (0 events):
No events

Internal exceptions (20 events):
Event: 4.451 Thread 0x000002348ed82080 Exception <a 'java/lang/NoSuchMethodError'{0x0000000084e18790}: 'void java.lang.invoke.DirectMethodHandle$Holder.invokeInterface(java.lang.Object, java.lang.Object)'> (0x0000000084e18790) 
thrown [s\src\hotspot\share\interpreter\linkResolver.cpp, line 759]
Event: 4.565 Thread 0x000002348ed82080 Exception <a 'java/lang/NoSuchMethodError'{0x0000000086709468}: 'java.lang.Object java.lang.invoke.DirectMethodHandle$Holder.invokeSpecial(java.lang.Object, java.lang.Object, int, java.lang.Object, int)'> (0x0000000086709468) 
thrown [s\src\hotspot\share\interpreter\linkResolver.cpp, line 759]
Event: 4.676 Thread 0x000002348ed82080 Exception <a 'java/lang/IncompatibleClassChangeError'{0x00000000863d98f8}: Found class java.lang.Object, but interface was expected> (0x00000000863d98f8) 
thrown [s\src\hotspot\share\interpreter\linkResolver.cpp, line 826]
Event: 4.681 Thread 0x000002348ed82080 Exception <a 'java/lang/IncompatibleClassChangeError'{0x00000000862559d8}: Found class java.lang.Object, but interface was expected> (0x00000000862559d8) 
thrown [s\src\hotspot\share\interpreter\linkResolver.cpp, line 826]
Event: 4.698 Thread 0x000002348ed82080 Exception <a 'java/lang/IncompatibleClassChangeError'{0x00000000861c96b8}: Found class java.lang.Object, but interface was expected> (0x00000000861c96b8) 
thrown [s\src\hotspot\share\interpreter\linkResolver.cpp, line 826]
Event: 4.768 Thread 0x00000234a69110c0 Exception <a 'java/lang/reflect/InvocationTargetException'{0x0000000085da2950}> (0x0000000085da2950) 
thrown [s\src\hotspot\share\runtime\reflection.cpp, line 1121]
Event: 4.899 Thread 0x000002348ed82080 Exception <a 'java/lang/IncompatibleClassChangeError'{0x00000000859cfed0}: Found class java.lang.Object, but interface was expected> (0x00000000859cfed0) 
thrown [s\src\hotspot\share\interpreter\linkResolver.cpp, line 826]
Event: 4.936 Thread 0x000002348ed82080 Exception <a 'java/lang/reflect/InvocationTargetException'{0x000000008526a0d8}> (0x000000008526a0d8) 
thrown [s\src\hotspot\share\runtime\reflection.cpp, line 1121]
Event: 4.942 Thread 0x000002348ed82080 Exception <a 'java/lang/NoSuchMethodError'{0x00000000852e7348}: 'java.lang.Object java.lang.invoke.DirectMethodHandle$Holder.newInvokeSpecial(java.lang.Object, java.lang.Object, int)'> (0x00000000852e7348) 
thrown [s\src\hotspot\share\interpreter\linkResolver.cpp, line 759]
Event: 4.944 Thread 0x000002348ed82080 Exception <a 'java/lang/NoSuchMethodError'{0x00000000851085a0}: 'java.lang.Object java.lang.invoke.Invokers$Holder.invoke_MT(java.lang.Object, java.lang.Object, java.lang.Object, java.lang.Object, java.lang.Object, java.lang.Object, java.lang.Object, java.lang.Object, java.lang.Object)'> (0x00000000851085a0) 
thrown [s\src\hotspot\share\interpreter\linkResolver.cpp, line 759]
Event: 4.945 Thread 0x000002348ed82080 Exception <a 'java/lang/IncompatibleClassChangeError'{0x00000000851314e0}: Found class java.lang.Object, but interface was expected> (0x00000000851314e0) 
thrown [s\src\hotspot\share\interpreter\linkResolver.cpp, line 826]
Event: 4.990 Thread 0x000002348ed82080 Exception <a 'java/lang/reflect/InvocationTargetException'{0x0000000086776138}> (0x0000000086776138) 
thrown [s\src\hotspot\share\runtime\reflection.cpp, line 1121]
Event: 5.007 Thread 0x000002348ed82080 Exception <a 'java/lang/reflect/InvocationTargetException'{0x00000000862fca20}> (0x00000000862fca20) 
thrown [s\src\hotspot\share\runtime\reflection.cpp, line 1121]
Event: 5.024 Thread 0x000002348ed82080 Exception <a 'java/lang/reflect/InvocationTargetException'{0x0000000085b70db0}> (0x0000000085b70db0) 
thrown [s\src\hotspot\share\runtime\reflection.cpp, line 1121]
Event: 5.025 Thread 0x000002348ed82080 Exception <a 'java/lang/reflect/InvocationTargetException'{0x0000000085b7fc60}> (0x0000000085b7fc60) 
thrown [s\src\hotspot\share\runtime\reflection.cpp, line 1121]
Event: 5.042 Thread 0x000002348ed82080 Exception <a 'java/lang/reflect/InvocationTargetException'{0x000000008550f7f0}> (0x000000008550f7f0) 
thrown [s\src\hotspot\share\runtime\reflection.cpp, line 1121]
Event: 5.151 Thread 0x000002348ed82080 Exception <a 'java/lang/reflect/InvocationTargetException'{0x000000008a376248}> (0x000000008a376248) 
thrown [s\src\hotspot\share\runtime\reflection.cpp, line 1121]
Event: 5.223 Thread 0x000002348ed82080 Exception <a 'java/lang/NoSuchMethodError'{0x0000000085d40e90}: 'int java.lang.invoke.DirectMethodHandle$Holder.invokeStatic(java.lang.Object)'> (0x0000000085d40e90) 
thrown [s\src\hotspot\share\interpreter\linkResolver.cpp, line 759]
Event: 5.269 Thread 0x000002348ed82080 Exception <a 'java/lang/reflect/InvocationTargetException'{0x0000000085564758}> (0x0000000085564758) 
thrown [s\src\hotspot\share\runtime\reflection.cpp, line 1121]
Event: 5.274 Thread 0x00000234a69110c0 Exception <a 'java/lang/reflect/InvocationTargetException'{0x0000000085420630}> (0x0000000085420630) 
thrown [s\src\hotspot\share\runtime\reflection.cpp, line 1121]

VM Operations (20 events):
Event: 4.495 Executing VM operation: HandshakeAllThreads done
Event: 4.498 Executing VM operation: G1CollectForAllocation
Event: 4.499 Executing VM operation: G1CollectForAllocation done
Event: 4.811 Executing VM operation: HandshakeAllThreads
Event: 4.811 Executing VM operation: HandshakeAllThreads done
Event: 4.919 Executing VM operation: HandshakeAllThreads
Event: 4.919 Executing VM operation: HandshakeAllThreads done
Event: 4.920 Executing VM operation: HandshakeAllThreads
Event: 4.920 Executing VM operation: HandshakeAllThreads done
Event: 4.984 Executing VM operation: G1CollectForAllocation
Event: 4.987 Executing VM operation: G1CollectForAllocation done
Event: 5.066 Executing VM operation: HandshakeAllThreads
Event: 5.066 Executing VM operation: HandshakeAllThreads done
Event: 5.068 Executing VM operation: HandshakeAllThreads
Event: 5.068 Executing VM operation: HandshakeAllThreads done
Event: 5.131 Executing VM operation: HandshakeAllThreads
Event: 5.131 Executing VM operation: HandshakeAllThreads done
Event: 5.135 Executing VM operation: G1CollectForAllocation
Event: 5.140 Executing VM operation: G1CollectForAllocation done
Event: 5.323 Executing VM operation: CollectForMetadataAllocation

Events (20 events):
Event: 4.962 loading class java/util/regex/Pattern$LookBehindEndNode
Event: 4.962 loading class java/util/regex/Pattern$LookBehindEndNode done
Event: 4.962 loading class java/util/regex/Pattern$NotBehind
Event: 4.962 loading class java/util/regex/Pattern$NotBehind done
Event: 4.962 loading class java/util/regex/Pattern$Behind
Event: 4.962 loading class java/util/regex/Pattern$Behind done
Event: 5.054 loading class java/util/EmptyStackException
Event: 5.054 loading class java/util/EmptyStackException done
Event: 5.058 loading class java/io/InvalidClassException
Event: 5.058 loading class java/io/InvalidClassException done
Event: 5.065 loading class java/util/ArrayList$ListItr
Event: 5.065 loading class java/util/ArrayList$ListItr done
Event: 5.273 Thread 0x00000234a6dd2060 Thread added: 0x00000234a6dd2060
Event: 5.275 Thread 0x00000234a6dd2060 Thread exited: 0x00000234a6dd2060
Event: 5.314 loading class java/util/Base64
Event: 5.314 loading class java/util/Base64 done
Event: 5.314 loading class java/util/Base64$Encoder
Event: 5.314 loading class java/util/Base64$Encoder done
Event: 5.316 loading class java/nio/StringCharBuffer
Event: 5.316 loading class java/nio/StringCharBuffer done


Dynamic libraries:
0x00007ff6aca90000 - 0x00007ff6aca9d000 	C:\Users\ASUS\.jdks\corretto-17.0.7\bin\java.exe
0x00007ffc03bf0000 - 0x00007ffc03de8000 	C:\WINDOWS\SYSTEM32\ntdll.dll
0x00007ffc02a20000 - 0x00007ffc02adf000 	C:\WINDOWS\System32\KERNEL32.DLL
0x00007ffc012d0000 - 0x00007ffc015c6000 	C:\WINDOWS\System32\KERNELBASE.dll
0x00007ffc019e0000 - 0x00007ffc01ae0000 	C:\WINDOWS\System32\ucrtbase.dll
0x00007ffbfb430000 - 0x00007ffbfb447000 	C:\Users\ASUS\.jdks\corretto-17.0.7\bin\jli.dll
0x00007ffbfb450000 - 0x00007ffbfb465000 	C:\Users\ASUS\.jdks\corretto-17.0.7\bin\VCRUNTIME140.dll
0x00007ffc03570000 - 0x00007ffc0370d000 	C:\WINDOWS\System32\USER32.dll
0x00007ffbed5b0000 - 0x00007ffbed84a000 	C:\WINDOWS\WinSxS\amd64_microsoft.windows.common-controls_6595b64144ccf1df_6.0.19041.1110_none_60b5254171f9507e\COMCTL32.dll
0x00007ffc017a0000 - 0x00007ffc017c2000 	C:\WINDOWS\System32\win32u.dll
0x00007ffc02380000 - 0x00007ffc0241e000 	C:\WINDOWS\System32\msvcrt.dll
0x00007ffc03710000 - 0x00007ffc0373c000 	C:\WINDOWS\System32\GDI32.dll
0x00007ffc01870000 - 0x00007ffc01985000 	C:\WINDOWS\System32\gdi32full.dll
0x00007ffc017d0000 - 0x00007ffc0186d000 	C:\WINDOWS\System32\msvcp_win.dll
0x00007ffc02ae0000 - 0x00007ffc02b10000 	C:\WINDOWS\System32\IMM32.DLL
0x00007ffbfae30000 - 0x00007ffbfaecb000 	C:\Users\ASUS\.jdks\corretto-17.0.7\bin\msvcp140.dll
0x00007ffbd2320000 - 0x00007ffbd2f3a000 	C:\Users\ASUS\.jdks\corretto-17.0.7\bin\server\jvm.dll
0x00007ffc01c50000 - 0x00007ffc01cff000 	C:\WINDOWS\System32\ADVAPI32.dll
0x00007ffc02b10000 - 0x00007ffc02bac000 	C:\WINDOWS\System32\sechost.dll
0x00007ffc03740000 - 0x00007ffc03866000 	C:\WINDOWS\System32\RPCRT4.dll
0x00007ffbe9c00000 - 0x00007ffbe9c09000 	C:\WINDOWS\SYSTEM32\WSOCK32.dll
0x00007ffbfe590000 - 0x00007ffbfe5b7000 	C:\WINDOWS\SYSTEM32\WINMM.dll
0x00007ffc039a0000 - 0x00007ffc03a0b000 	C:\WINDOWS\System32\WS2_32.dll
0x00007ffbfa100000 - 0x00007ffbfa10a000 	C:\WINDOWS\SYSTEM32\VERSION.dll
0x00007ffbffb10000 - 0x00007ffbffb22000 	C:\WINDOWS\SYSTEM32\kernel.appcore.dll
0x00007ffbfb4a0000 - 0x00007ffbfb4aa000 	C:\Users\ASUS\.jdks\corretto-17.0.7\bin\jimage.dll
0x00007ffbff090000 - 0x00007ffbff274000 	C:\WINDOWS\SYSTEM32\DBGHELP.DLL
0x00007ffbe9bb0000 - 0x00007ffbe9be4000 	C:\WINDOWS\SYSTEM32\dbgcore.DLL
0x00007ffc01ae0000 - 0x00007ffc01b62000 	C:\WINDOWS\System32\bcryptPrimitives.dll
0x00007ffbfc6b0000 - 0x00007ffbfc6be000 	C:\Users\ASUS\.jdks\corretto-17.0.7\bin\instrument.dll
0x00007ffbfb1d0000 - 0x00007ffbfb1f5000 	C:\Users\ASUS\.jdks\corretto-17.0.7\bin\java.dll
0x00007ffbf0a30000 - 0x00007ffbf0b06000 	C:\Users\ASUS\.jdks\corretto-17.0.7\bin\jsvml.dll
0x00007ffc02cf0000 - 0x00007ffc03434000 	C:\WINDOWS\System32\SHELL32.dll
0x00007ffbff360000 - 0x00007ffbffaf4000 	C:\WINDOWS\SYSTEM32\windows.storage.dll
0x00007ffc02660000 - 0x00007ffc029b4000 	C:\WINDOWS\System32\combase.dll
0x00007ffc00ca0000 - 0x00007ffc00cce000 	C:\WINDOWS\SYSTEM32\Wldp.dll
0x00007ffc03870000 - 0x00007ffc0391d000 	C:\WINDOWS\System32\SHCORE.dll
0x00007ffc024b0000 - 0x00007ffc02505000 	C:\WINDOWS\System32\shlwapi.dll
0x00007ffc01200000 - 0x00007ffc01225000 	C:\WINDOWS\SYSTEM32\profapi.dll
0x00007ffbfb010000 - 0x00007ffbfb028000 	C:\Users\ASUS\.jdks\corretto-17.0.7\bin\zip.dll
0x00007ffbfb050000 - 0x00007ffbfb069000 	C:\Users\ASUS\.jdks\corretto-17.0.7\bin\net.dll
0x00007ffbf71f0000 - 0x00007ffbf72fa000 	C:\WINDOWS\SYSTEM32\WINHTTP.dll
0x00007ffc009a0000 - 0x00007ffc00a0a000 	C:\WINDOWS\system32\mswsock.dll
0x00007ffbfb030000 - 0x00007ffbfb045000 	C:\Users\ASUS\.jdks\corretto-17.0.7\bin\nio.dll
0x00007ffbfaca0000 - 0x00007ffbfacba000 	C:\Program Files\JetBrains\IntelliJ IDEA 2023.1.2\bin\breakgen64.dll
0x00007ffc006d0000 - 0x00007ffc0079a000 	C:\WINDOWS\SYSTEM32\DNSAPI.dll
0x00007ffc00690000 - 0x00007ffc006cc000 	C:\WINDOWS\SYSTEM32\IPHLPAPI.DLL
0x00007ffc025f0000 - 0x00007ffc025f8000 	C:\WINDOWS\System32\NSI.dll
0x00007ffbf8d30000 - 0x00007ffbf8d3a000 	C:\Windows\System32\rasadhlp.dll
0x00007ffbef570000 - 0x00007ffbef5f2000 	C:\WINDOWS\System32\fwpuclnt.dll
0x00007ffc01b70000 - 0x00007ffc01b97000 	C:\WINDOWS\System32\bcrypt.dll
0x00007ffbfae00000 - 0x00007ffbfae09000 	C:\Users\ASUS\.jdks\corretto-17.0.7\bin\management.dll
0x00007ffbfac30000 - 0x00007ffbfac3b000 	C:\Users\ASUS\.jdks\corretto-17.0.7\bin\management_ext.dll
0x00007ffc03440000 - 0x00007ffc03448000 	C:\WINDOWS\System32\PSAPI.DLL
0x00007ffc00b90000 - 0x00007ffc00ba8000 	C:\WINDOWS\SYSTEM32\CRYPTSP.dll
0x00007ffc002c0000 - 0x00007ffc002f4000 	C:\WINDOWS\system32\rsaenh.dll
0x00007ffc01180000 - 0x00007ffc011ae000 	C:\WINDOWS\SYSTEM32\USERENV.dll
0x00007ffc00bb0000 - 0x00007ffc00bbc000 	C:\WINDOWS\SYSTEM32\CRYPTBASE.dll
0x00007ffbf7d20000 - 0x00007ffbf7d37000 	C:\WINDOWS\SYSTEM32\dhcpcsvc6.DLL
0x00007ffbf8d40000 - 0x00007ffbf8d5d000 	C:\WINDOWS\SYSTEM32\dhcpcsvc.DLL
0x00007ffbe0460000 - 0x00007ffbe0477000 	C:\WINDOWS\system32\napinsp.dll
0x00007ffbdb830000 - 0x00007ffbdb84b000 	C:\WINDOWS\system32\pnrpnsp.dll
0x00007ffbfb810000 - 0x00007ffbfb825000 	C:\WINDOWS\system32\wshbth.dll
0x00007ffbfc400000 - 0x00007ffbfc41d000 	C:\WINDOWS\system32\NLAapi.dll
0x00007ffbd9eb0000 - 0x00007ffbd9ec2000 	C:\WINDOWS\System32\winrnr.dll
0x00007ffbf85c0000 - 0x00007ffbf85ce000 	C:\Users\ASUS\.jdks\corretto-17.0.7\bin\sunmscapi.dll
0x00007ffc01640000 - 0x00007ffc0179e000 	C:\WINDOWS\System32\CRYPT32.dll
0x00007ffc00d10000 - 0x00007ffc00d38000 	C:\WINDOWS\SYSTEM32\ncrypt.dll
0x00007ffc00cd0000 - 0x00007ffc00d0b000 	C:\WINDOWS\SYSTEM32\NTASN1.dll
0x00007ffbfaf10000 - 0x00007ffbfaf20000 	C:\Users\ASUS\.jdks\corretto-17.0.7\bin\verify.dll

dbghelp: loaded successfully - version: 4.0.5 - missing functions: none
symbol engine: initialized successfully - sym options: 0x614 - pdb path: .;C:\Users\ASUS\.jdks\corretto-17.0.7\bin;C:\WINDOWS\SYSTEM32;C:\WINDOWS\WinSxS\amd64_microsoft.windows.common-controls_6595b64144ccf1df_6.0.19041.1110_none_60b5254171f9507e;C:\Users\ASUS\.jdks\corretto-17.0.7\bin\server;C:\Program Files\JetBrains\IntelliJ IDEA 2023.1.2\bin

VM Arguments:
jvm_args: -XX:TieredStopAtLevel=1 -Dspring.output.ansi.enabled=always -Dcom.sun.management.jmxremote -Dspring.jmx.enabled=true -Dspring.liveBeansView.mbeanDomain -Dspring.application.admin.enabled=true -Dmanagement.endpoints.jmx.exposure.include=* -javaagent:C:\Program Files\JetBrains\IntelliJ IDEA 2023.1.2\lib\idea_rt.jar=65229:C:\Program Files\JetBrains\IntelliJ IDEA 2023.1.2\bin -Dfile.encoding=UTF-8 
java_command: com.example.projectcinemaspringboot.ProjectCinemaSpringBootApplication
java_class_path (initial): C:\Users\ASUS\IdeaProjects\Project-Cinema-SpringBoot\target\classes;C:\Users\ASUS\.m2\repository\org\springframework\boot\spring-boot-starter-data-jpa\3.1.2\spring-boot-starter-data-jpa-3.1.2.jar;C:\Users\ASUS\.m2\repository\org\springframework\boot\spring-boot-starter-aop\3.1.2\spring-boot-starter-aop-3.1.2.jar;C:\Users\ASUS\.m2\repository\org\aspectj\aspectjweaver\1.9.19\aspectjweaver-1.9.19.jar;C:\Users\ASUS\.m2\repository\org\springframework\boot\spring-boot-starter-jdbc\3.1.2\spring-boot-starter-jdbc-3.1.2.jar;C:\Users\ASUS\.m2\repository\com\zaxxer\HikariCP\5.0.1\HikariCP-5.0.1.jar;C:\Users\ASUS\.m2\repository\org\springframework\spring-jdbc\6.0.11\spring-jdbc-6.0.11.jar;C:\Users\ASUS\.m2\repository\org\hibernate\orm\hibernate-core\6.2.6.Final\hibernate-core-6.2.6.Final.jar;C:\Users\ASUS\.m2\repository\jakarta\persistence\jakarta.persistence-api\3.1.0\jakarta.persistence-api-3.1.0.jar;C:\Users\ASUS\.m2\repository\jakarta\transaction\jakarta.transaction-api\2.0.1\jakarta.transaction-api-2.0.1.jar;C:\Users\ASUS\.m2\repository\org\jboss\logging\jboss-logging\3.5.3.Final\jboss-logging-3.5.3.Final.jar;C:\Users\ASUS\.m2\repository\org\hibernate\common\hibernate-commons-annotations\6.0.6.Final\hibernate-commons-annotations-6.0.6.Final.jar;C:\Users\ASUS\.m2\repository\io\smallrye\jandex\3.0.5\jandex-3.0.5.jar;C:\Users\ASUS\.m2\repository\com\fasterxml\classmate\1.5.1\classmate-1.5.1.jar;C:\Users\ASUS\.m2\repository\net\bytebuddy\byte-buddy\1.14.5\byte-buddy-1.14.5.jar;C:\Users\ASUS\.m2\repository\org\glassfish\jaxb\jaxb-runtime\4.0.3\jaxb-runtime-4.0.3.jar;C:\Users\ASUS\.m2\repository\org\glassfish\jaxb\jaxb-core\4.0.3\jaxb-core-4.0.3.jar;C:\Users\ASUS\.m2\repository\org\eclipse\angus\angus-activation\2.0.1\angus-activation-2.0.1.jar;C:\Users\ASUS\.m2\repository\org\glassfish\jaxb\txw2\4.0.3\txw2-4.0.3.jar;C:\Users\ASUS\.m2\repository\com\sun\istack\istack-commons-runtime\4.1.2\istack-commons-runtime-4.1.2.jar;C:\Users\ASUS\.m2\repository\
Launcher Type: SUN_STANDARD

[Global flags]
     intx CICompilerCount                          = 4                                         {product} {ergonomic}
     uint ConcGCThreads                            = 3                                         {product} {ergonomic}
     uint G1ConcRefinementThreads                  = 10                                        {product} {ergonomic}
   size_t G1HeapRegionSize                         = 1048576                                   {product} {ergonomic}
    uintx GCDrainStackTargetSize                   = 64                                        {product} {ergonomic}
   size_t InitialHeapSize                          = 132120576                                 {product} {ergonomic}
     bool ManagementServer                         = true                                      {product} {command line}
   size_t MarkStackSize                            = 4194304                                   {product} {ergonomic}
   size_t MaxHeapSize                              = 2107637760                                {product} {ergonomic}
   size_t MaxNewSize                               = 1264582656                                {product} {ergonomic}
   size_t MinHeapDeltaBytes                        = 1048576                                   {product} {ergonomic}
   size_t MinHeapSize                              = 8388608                                   {product} {ergonomic}
    uintx NonProfiledCodeHeapSize                  = 0                                      {pd product} {ergonomic}
     bool ProfileInterpreter                       = false                                  {pd product} {command line}
    uintx ProfiledCodeHeapSize                     = 0                                      {pd product} {ergonomic}
   size_t SoftMaxHeapSize                          = 2107637760                             {manageable} {ergonomic}
     intx TieredStopAtLevel                        = 1                                         {product} {command line}
     bool UseCompressedClassPointers               = true                           {product lp64_product} {ergonomic}
     bool UseCompressedOops                        = true                           {product lp64_product} {ergonomic}
     bool UseG1GC                                  = true                                      {product} {ergonomic}
     bool UseLargePagesIndividualAllocation        = false                                  {pd product} {ergonomic}

Logging:
Log output configuration:
 #0: stdout all=warning uptime,level,tags
 #1: stderr all=off uptime,level,tags

Environment Variables:
PATH=C:\WINDOWS\system32;C:\WINDOWS;C:\WINDOWS\System32\Wbem;C:\WINDOWS\System32\WindowsPowerShell\v1.0\;C:\WINDOWS\System32\OpenSSH\;C:\ProgramData\chocolatey\bin;D:\New Folder\;C:\Program Files\Git\cmd;C:\Users\ASUS\AppData\Local\Microsoft\WindowsApps;C:\Users\ASUS\AppData\Roaming\npm;C:\Users\ASUS\AppData\Local\Programs\Microsoft VS Code\bin;C:\Program Files\JetBrains\IntelliJ IDEA 2023.1.2\bin;;C:\Users\ASUS\AppData\Local\GitHubDesktop\bin
USERNAME=ASUS
OS=Windows_NT
PROCESSOR_IDENTIFIER=Intel64 Family 6 Model 158 Stepping 10, GenuineIntel
TMP=C:\Users\ASUS\AppData\Local\Temp
TEMP=C:\Users\ASUS\AppData\Local\Temp



---------------  S Y S T E M  ---------------

OS:
 Windows 10 , 64 bit Build 19041 (10.0.19041.3155)
OS uptime: 8 days 21:28 hours

CPU: total 12 (initial active 12) (6 cores per cpu, 2 threads per core) family 6 model 158 stepping 10 microcode 0xca, cx8, cmov, fxsr, ht, mmx, 3dnowpref, sse, sse2, sse3, ssse3, sse4.1, sse4.2, popcnt, lzcnt, tsc, tscinvbit, avx, avx2, aes, erms, clmul, bmi1, bmi2, adx, fma, vzeroupper, clflush, clflushopt

Memory: 4k page, system-wide physical 8039M (923M free)
TotalPageFile size 10087M (AvailPageFile size 16M)
current process WorkingSet (physical memory assigned to process): 202M, peak: 202M
current process commit charge ("private bytes"): 247M, peak: 288M

vm_info: OpenJDK 64-Bit Server VM (17.0.7+7-LTS) for windows-amd64 JRE (17.0.7+7-LTS), built on Apr 14 2023 01:39:21 by "Administrator" with MS VC++ 15.9 (VS2017)

END.
